Found incumbent of value 2971.405787 after 0.01 sec. (4.45 ticks)
Tried aggregator 1 time.
MIP Presolve eliminated 21724 rows and 11760 columns.
MIP Presolve modified 39004 coefficients.
Reduced MIP has 20008 rows, 30252 columns, and 176180 nonzeros.
Reduced MIP has 29852 binaries, 0 generals, 0 SOSs, and 0 indicators.
Presolve time = 0.11 sec. (91.55 ticks)
Probing time = 0.14 sec. (16.17 ticks)
Tried aggregator 1 time.
Reduced MIP has 20008 rows, 30252 columns, and 176180 nonzeros.
Reduced MIP has 29852 binaries, 0 generals, 0 SOSs, and 0 indicators.
Presolve time = 0.13 sec. (69.43 ticks)
Probing time = 0.05 sec. (14.49 ticks)
Clique table members: 103372.
MIP emphasis: balance optimality and feasibility.
MIP search method: dynamic search.
Parallel mode: deterministic, using up to 10 threads.
Root relaxation solution time = 0.17 sec. (130.04 ticks)

        Nodes                                         Cuts/
   Node  Left     Objective  IInf  Best Integer    Best Bound    ItCnt     Gap

*     0+    0                         2971.4058        0.0000           100.00%
      0     0      518.2104   372     2971.4058      518.2104     1089   82.56%
      0     0      518.2104   287     2971.4058     Cuts: 347     1211   82.56%
      0     0      518.2104   257     2971.4058    Cuts: 1132     1461   82.56%
      0     0      518.2104   215     2971.4058     Cuts: 907     1589   82.56%
      0     0      518.2674   213     2971.4058      Cuts: 51     1665   82.56%
      0     0      518.7465   213     2971.4058     Cuts: 878     1698   82.54%
      0     0      519.3281   215     2971.4058     Cuts: 107     1744   82.52%
      0     0      520.5804   205     2971.4058     Cuts: 119     1880   82.48%
      0     0      522.4375   246     2971.4058     Cuts: 460     1979   82.42%
      0     0      525.5612   241     2971.4058     Cuts: 538     2042   82.31%
      0     0      529.4951   246     2971.4058     Cuts: 128     2104   82.18%
      0     0      532.6046   259     2971.4058     Cuts: 361     2140   82.08%
      0     0      534.2033   241     2971.4058     Cuts: 280     2156   82.02%
      0     0      534.6021   235     2971.4058     Cuts: 100     2186   82.01%
      0     0      534.6021   232     2971.4058      Cuts: 20     2211   82.01%
      0     0      534.9779   238     2971.4058      Cuts: 14     2230   82.00%
      0     0      535.1132   238     2971.4058      Cuts: 10     2240   81.99%
      0     0      535.6244   231     2971.4058      Cuts: 46     2267   81.97%
      0     0      536.1078   277     2971.4058     Cuts: 134     2330   81.96%
      0     0      536.3835   264     2971.4058     Cuts: 300     2348   81.95%
      0     0      536.9855   244     2971.4058      Cuts: 51     2375   81.93%
      0     0      536.9855   240     2971.4058     Cuts: 339     2388   81.93%
*     0+    0                         2934.2713      536.9855            81.70%
      0     2      536.9855   240     2934.2713      536.9855     2388   81.70%
Elapsed time = 7.80 sec. (6092.80 ticks, tree = 0.00 MB, solutions = 2)
      2     4      547.5056   321     2934.2713      536.9855     3152   81.70%
      3     5      538.5754   188     2934.2713      538.3256     3237   81.65%
      4     6      547.5056   315     2934.2713      538.3256     3251   81.65%
      5     7      552.5219   312     2934.2713      538.3256     3340   81.65%
      6     8      562.1105   303     2934.2713      538.3256     3620   81.65%
      7     9      554.9503   269     2934.2713      538.3256     3844   81.65%
      8    10      550.7491   247     2934.2713      538.3256     4265   81.65%
      9    11      543.1797   209     2934.2713      538.3256     4588   81.65%
     10    12      556.6430   223     2934.2713      538.3256     5017   81.65%
     11    13      562.2185   268     2934.2713      538.3256     5396   81.65%
Elapsed time = 8.98 sec. (7200.23 ticks, tree = 0.00 MB, solutions = 2)
     24    26      573.1162   222     2934.2713      538.3256     7639   81.65%
     40    42      547.6435   190     2934.2713      538.3256     9698   81.65%
     41    43      586.3520   140     2934.2713      538.3256     9806   81.65%
     42    44      560.6248   272     2934.2713      538.3256     9849   81.65%
     43    45      589.0353   250     2934.2713      538.3256    10083   81.65%
     44    46      587.9922   108     2934.2713      538.3256    10127   81.65%
     45    47      556.6222   269     2934.2713      538.3256    10400   81.65%
     46    48      571.9977   236     2934.2713      538.3256    10541   81.65%
     47    49      575.7943   261     2934.2713      538.3256    10722   81.65%
     48    50      551.6144   261     2934.2713      538.3256    10839   81.65%
Elapsed time = 11.73 sec. (9106.55 ticks, tree = 0.00 MB, solutions = 2)
    125   125      597.7459   235     2934.2713      538.3256    18571   81.65%
    126   126      568.5004   243     2934.2713      538.3256    19450   81.65%
    128   128      577.1314   183     2934.2713      538.3256    19689   81.65%
    129   129      608.0092   153     2934.2713      538.3256    19799   81.65%
    130   130      577.1777   207     2934.2713      538.3256    19962   81.65%
    134   134      630.0647   170     2934.2713      538.3256    20873   81.65%
    135   135      590.0376   221     2934.2713      538.3256    20965   81.65%
    136   136      559.3397   229     2934.2713      538.3256    21091   81.65%
    138   138      571.0657   139     2934.2713      538.3256    21565   81.65%
    139   139      577.5099   197     2934.2713      538.3256    21601   81.65%
Elapsed time = 13.90 sec. (10113.88 ticks, tree = 0.00 MB, solutions = 2)
    202   200      596.9705   178     2934.2713      538.3256    30098   81.65%
    210   208      612.5243   244     2934.2713      538.3256    31088   81.65%
    212   210      602.1566   227     2934.2713      538.3256    31537   81.65%
    215   213      592.6686   113     2934.2713      538.3256    31743   81.65%
    216   214      577.1609   216     2934.2713      538.3256    31886   81.65%
    217   215      585.4255    91     2934.2713      538.3256    32012   81.65%
    220   218      608.8886   245     2934.2713      538.3256    32210   81.65%
    221   219      635.7436    81     2934.2713      538.3256    32380   81.65%
    222   220      597.3979   215     2934.2713      538.3256    32480   81.65%
    225   223      614.4527   102     2934.2713      538.3256    32823   81.65%
Elapsed time = 15.05 sec. (11153.10 ticks, tree = 0.00 MB, solutions = 2)
    380   376      602.7090   148     2934.2713      538.3256    42898   81.65%
    382   378      621.0568    61     2934.2713      538.3256    42989   81.65%
    384   380      647.4808   135     2934.2713      538.3256    43232   81.65%
    385   381      632.7860   227     2934.2713      538.3256    43291   81.65%
    387   383      615.5262   220     2934.2713      538.3256    43425   81.65%
    388   384      643.7627   141     2934.2713      538.3256    43495   81.65%
    390   386      613.0558   125     2934.2713      538.3256    43728   81.65%
    391   387      628.5350   216     2934.2713      538.3256    43884   81.65%
    392   388      621.9688    74     2934.2713      538.3256    43917   81.65%
    394   390      632.4641   121     2934.2713      538.3256    44010   81.65%
Elapsed time = 16.58 sec. (12238.13 ticks, tree = 19.99 MB, solutions = 2)
    450   446      621.9679   126     2934.2713      538.3256    50419   81.65%
    464   460      643.9988   114     2934.2713      538.3256    52023   81.65%
    469   465      654.7363   228     2934.2713      538.3256    52981   81.65%
    484   480      629.6586   162     2934.2713      538.3256    54397   81.65%
    496   490      659.4877   125     2934.2713      538.3256    55431   81.65%
    498   492      705.8280   131     2934.2713      538.3256    55806   81.65%
    509   503      706.1821    58     2934.2713      538.3256    56434   81.65%
    528   512      732.9680    30     2934.2713      538.3256    57085   81.65%
    529   513      624.2467    73     2934.2713      538.3256    57100   81.65%
    530   514      733.1457    30     2934.2713      538.3256    57101   81.65%
Elapsed time = 18.03 sec. (13416.51 ticks, tree = 31.89 MB, solutions = 2)
    617   597      667.4930    85     2934.2713      538.3256    61756   81.65%
    627   607      629.9813    98     2934.2713      538.3256    62141   81.65%
    637   615      630.2914    90     2934.2713      538.3256    62718   81.65%
    647   623      630.9606    86     2934.2713      538.3256    62943   81.65%
    657   631      631.1822    94     2934.2713      538.3256    63251   81.65%
    658   632      659.4258   210     2934.2713      538.3256    63309   81.65%
    667   639      632.5704    87     2934.2713      538.3256    63668   81.65%
    668   640      659.6923   217     2934.2713      538.3256    63700   81.65%
    677   647      667.8747   216     2934.2713      538.3256    64160   81.65%
    686   656      660.5863   221     2934.2713      538.3256    65005   81.65%
Elapsed time = 19.95 sec. (14575.28 ticks, tree = 31.89 MB, solutions = 2)
    882   840      615.3030   157     2934.2713      538.8954    73467   81.63%
    892   850      622.5345   236     2934.2713      538.8954    73976   81.63%
    896   854      794.7990    80     2934.2713      538.8954    74124   81.63%
    902   860      635.9363   155     2934.2713      538.8954    74381   81.63%
    906   864      795.5999    65     2934.2713      538.8954    74547   81.63%
    912   870      635.9363   152     2934.2713      538.8954    74945   81.63%
    916   872      797.9314    69     2934.2713      538.8954    75040   81.63%
    918   874      768.8913   101     2934.2713      538.8954    75144   81.63%
    922   878      635.9428   101     2934.2713      538.8954    75191   81.63%
    926   882      798.5519    53     2934.2713      538.8954    75271   81.63%
Elapsed time = 21.50 sec. (15993.34 ticks, tree = 89.46 MB, solutions = 2)
   1180  1099      683.4835    51     2934.2713      538.8954    86740   81.63%
   1181  1100      770.7050    71     2934.2713      538.8954    86777   81.63%
   1182  1101      823.9030    36     2934.2713      538.8954    86827   81.63%
   1184  1102      842.8567    54     2934.2713      538.8954    87310   81.63%
   1186  1102      794.4710    91     2934.2713      538.8954    87533   81.63%
   1187  1103      725.0192    48     2934.2713      538.8954    87545   81.63%
   1188  1104      714.9063   113     2934.2713      538.8954    87636   81.63%
   1189  1103    infeasible           2934.2713      538.8954    87647   81.63%
   1190  1104      659.3200    43     2934.2713      538.8954    87651   81.63%
   1191  1105      767.8151    61     2934.2713      538.8954    87662   81.63%
Elapsed time = 24.98 sec. (17808.31 ticks, tree = 158.24 MB, solutions = 2)
   1203  1110      548.4448   245     2934.2713      538.8954    88376   81.63%
   1204  1111      662.9723    43     2934.2713      538.8954    88414   81.63%
   1205  1112      769.3507    55     2934.2713      538.8954    88442   81.63%
   1206  1113      856.6089   107     2934.2713      538.8954    88578   81.63%
   1207  1114      542.6331   180     2934.2713      538.8954    88658   81.63%
   1208  1115      844.1631    41     2934.2713      538.8954    88703   81.63%
   1209  1116      547.7581   204     2934.2713      538.8954    88798   81.63%
   1210  1117      769.0126    87     2934.2713      538.8954    88895   81.63%
   1211  1118      727.6574    53     2934.2713      538.8954    88934   81.63%
   1942  1780      644.5824   147     2934.2713      538.8954   122444   81.63%
Elapsed time = 29.23 sec. (21623.56 ticks, tree = 257.50 MB, solutions = 2)
   2960  2707      603.3984   293     2934.2713      538.8954   168618   81.63%
   2970  2717      608.6916   303     2934.2713      538.8954   169120   81.63%
   2980  2727      608.6983   312     2934.2713      538.8954   169374   81.63%
   2990  2737      608.6987   320     2934.2713      538.8954   169660   81.63%
   3000  2747      609.0156   306     2934.2713      538.8954   169969   81.63%
   3010  2757      615.6452   310     2934.2713      538.8954   170501   81.63%
   3013  2760      635.6517    73     2934.2713      538.8954   170613   81.63%
   3020  2767      615.6762   314     2934.2713      538.8954   170912   81.63%
   3023  2770      640.0713    77     2934.2713      538.8954   171006   81.63%
   3029  2776      660.6301    54     2934.2713      538.8954   171294   81.63%
Elapsed time = 34.92 sec. (25509.31 ticks, tree = 449.69 MB, solutions = 2)
*  3923+ 3610                         2618.3732      541.0469            79.34%
*  3928+ 2409                         2248.3179      541.0469            75.94%
*  3928+ 1605                         2219.3311      546.0193            75.40%
   3928  1606      578.4940   156     2219.3311      578.4940   216313   73.93%
   3929  1606      578.8229   322     2219.3311      578.4940   216820   73.93%
   3930  1606      587.4494   276     2219.3311      578.4940   217305   73.93%
   3931  1606      587.4867   275     2219.3311      579.4039   217307   73.89%
   3932  1606      579.5403   414     2219.3311      579.4039   217756   73.89%
   3933  1607      606.9595   258     2219.3311      579.4039   218425   73.89%
   3934  1608      579.5487   363     2219.3311      579.4039   218560   73.89%
   3935  1608      613.9532   236     2219.3311      579.4039   219031   73.89%
   3936  1608      607.9678   265     2219.3311      579.4039   219987   73.89%
   3937  1609      587.6062   245     2219.3311      579.5404   221071   73.89%
Elapsed time = 84.00 sec. (70795.86 ticks, tree = 400.78 MB, solutions = 5)
   3954  1528      628.1380   275     2219.3311      579.5404   228736   73.89%
   3955  1528      625.0214   186     2219.3311      579.5404   228928   73.89%
   3956  1528      626.2539   200     2219.3311      579.5404   229166   73.89%
   3957  1529      590.9555   267     2219.3311      579.5404   229662   73.89%
   3959  1530      612.5386   186     2219.3311      579.5404   230440   73.89%
   3965  1533      587.9899   246     2219.3311      579.5404   231497   73.89%
   3966  1533      579.8064   208     2219.3311      579.5404   231500   73.89%
   3967  1534      612.7383   150     2219.3311      579.5404   231629   73.89%
   3968  1535      614.7656   235     2219.3311      579.5404   231638   73.89%
   3969  1536      616.3141   136     2219.3311      579.5404   231777   73.89%
Elapsed time = 89.64 sec. (75592.62 ticks, tree = 374.95 MB, solutions = 5)
   4186  1666      642.9962   161     2219.3311      579.5404   250345   73.89%
   4193  1670      633.1096   157     2219.3311      579.5404   250957   73.89%
   4196  1672      618.9344   212     2219.3311      579.5404   251257   73.89%
   4203  1676      618.0901    81     2219.3311      579.5404   251585   73.89%
   4206  1679      618.9344   212     2219.3311      579.5404   251631   73.89%
   4213  1683      618.0901    85     2219.3311      579.5404   251786   73.89%
   4216  1685      618.9344   210     2219.3311      579.5404   251867   73.89%
   4223  1690      618.0901    81     2219.3311      579.5404   252108   73.89%
   4226  1693      619.0013   223     2219.3311      579.5404   252148   73.89%
   4233  1698      618.4288    95     2219.3311      579.5404   252301   73.89%
Elapsed time = 95.69 sec. (79725.86 ticks, tree = 349.37 MB, solutions = 5)
   4413  1790      664.2387   173     2219.3311      579.5404   261180   73.89%
   4450  1810      637.9235   209     2219.3311      579.5404   262143   73.89%
   4466  1819      645.2731   277     2219.3311      579.5404   262543   73.89%
   4476  1824      597.0274   272     2219.3311      579.5404   263244   73.89%
   4496  1829      639.3341   225     2219.3311      579.5404   263886   73.89%
   4528  1847      634.2365   264     2219.3311      579.5404   265023   73.89%
   4542  1854      631.7406   120     2219.3311      579.5404   265189   73.89%
   4544  1855      629.5456    70     2219.3311      579.5404   265390   73.89%
   4545  1856      593.5311   301     2219.3311      579.5404   265423   73.89%
   4546  1857      581.1443   157     2219.3311      579.5404   265431   73.89%
Elapsed time = 99.82 sec. (83795.19 ticks, tree = 368.97 MB, solutions = 5)
   5091  2161      644.1778   171     2219.3311      579.5404   285991   73.89%
   5101  2168      646.9892   156     2219.3311      579.5404   286342   73.89%
   5128  2185      691.5461   160     2219.3311      579.5404   287880   73.89%
   5137  2190      691.6602   149     2219.3311      579.5404   287979   73.89%
   5138  2191      629.3457   226     2219.3311      579.5404   288099   73.89%
   5141  2192      626.5090    80     2219.3311      579.5404   288154   73.89%
   5143  2194      639.1554   182     2219.3311      579.5404   288187   73.89%
   5146  2195      694.6691   175     2219.3311      579.5404   288319   73.89%
   5149  2197      626.5106    19     2219.3311      579.5404   288376   73.89%
   5151  2198      639.1653   180     2219.3311      579.5404   288399   73.89%
Elapsed time = 105.30 sec. (87673.57 ticks, tree = 393.21 MB, solutions = 5)
   5694  2486      583.6940   156     2219.3311      579.5404   309737   73.89%
   5700  2490      713.5251   157     2219.3311      579.5404   309869   73.89%
   5702  2492      625.1294   229     2219.3311      579.5404   309902   73.89%
   5704  2494      613.0367   184     2219.3311      579.5404   310416   73.89%
   5705  2494      626.6602    68     2219.3311      579.5404   310429   73.89%
   5709  2497      650.8222   224     2219.3311      579.5404   310475   73.89%
   5710  2497      713.5732   155     2219.3311      579.5404   310490   73.89%
   5712  2498      625.1634   265     2219.3311      579.5404   310525   73.89%
   5713  2498      613.7180   212     2219.3311      579.5404   310656   73.89%
   5714  2499      583.8052   163     2219.3311      579.5404   310771   73.89%
Elapsed time = 110.60 sec. (91949.49 ticks, tree = 459.31 MB, solutions = 5)
   6349  2856      626.7614    89     2219.3311      579.5404   333248   73.89%
   6354  2860      613.2663   232     2219.3311      579.5404   333275   73.89%
   6359  2862      626.7649    97     2219.3311      579.5404   333371   73.89%
   6364  2865      613.2915   230     2219.3311      579.5404   333470   73.89%
   6369  2869      649.7110   124     2219.3311      579.5404   333979   73.89%
   6374  2871      613.3353   293     2219.3311      579.5404   334038   73.89%
   6375  2872      740.4616   168     2219.3311      579.5404   334507   73.89%
   6376  2872      631.3096   172     2219.3311      579.5404   334529   73.89%
   6379  2873      626.7670   180     2219.3311      579.5404   334547   73.89%
   6384  2878      613.4009   264     2219.3311      579.5404   334604   73.89%
Elapsed time = 116.60 sec. (96088.69 ticks, tree = 508.06 MB, solutions = 5)
   6911  3153      674.7725   235     2219.3311      579.5404   354741   73.89%
   6915  3155      708.8483   203     2219.3311      579.5404   355144   73.89%
   7077  3240      637.7503   198     2219.3311      579.5404   358522   73.89%
   7078  3240      616.9249   288     2219.3311      579.5404   358648   73.89%
   7079  3240      626.9792    18     2219.3311      579.5404   358667   73.89%
   7080  3241      590.6328   184     2219.3311      579.5404   358689   73.89%
   7081  3240      713.6319   179     2219.3311      579.5404   359083   73.89%
   7082  3241      658.2138   231     2219.3311      579.5404   359387   73.89%
   7083  3242      591.0214   261     2219.3311      579.5404   359496   73.89%
   7084  3242      663.2454   182     2219.3311      579.5404   359686   73.89%
Elapsed time = 125.07 sec. (103972.35 ticks, tree = 577.67 MB, solutions = 5)
   7625  3623      606.9403   247     2219.3311      579.5404   379623   73.89%
   7635  3633      592.5214   189     2219.3311      579.5404   379834   73.89%
   7645  3641      592.5366   186     2219.3311      579.5404   380303   73.89%
   7655  3650      592.5495   199     2219.3311      579.5404   380489   73.89%
   7665  3659      592.5532   180     2219.3311      579.5404   380660   73.89%
   7675  3669      592.5646   199     2219.3311      579.5404   380832   73.89%
   7682  3676      640.9144   244     2219.3311      579.5404   381179   73.89%
   7685  3679      592.5646   208     2219.3311      579.5404   381476   73.89%
   7692  3686      641.0283   272     2219.3311      579.5404   381564   73.89%
   7695  3689      592.5648   245     2219.3311      579.5404   381580   73.89%
Elapsed time = 131.12 sec. (108765.83 ticks, tree = 629.88 MB, solutions = 5)
*  7857+ 3844                         2191.3532      579.5404            73.55%
*  7890+ 3877                         2172.6156      579.5404            73.33%
*  8391+ 4360                         2101.6143      579.5404            72.42%
   8579  4545      738.7869   149     2101.6143      579.5404   414998   72.42%
   8598  4564      674.5291   229     2101.6143      579.5404   415776   72.42%
   8599  4565      630.4383   258     2101.6143      579.5404   415796   72.42%
   8600  4566      627.3782    96     2101.6143      579.5404   415805   72.42%
   8601  4567      595.7308   114     2101.6143      579.5404   415808   72.42%
   8602  4568      866.1795   156     2101.6143      579.5404   415954   72.42%
   8603  4569      673.2823   258     2101.6143      579.5404   415966   72.42%
   8604  4570      604.3417   257     2101.6143      579.5404   415979   72.42%
   8605  4571      744.9532   245     2101.6143      579.5404   416006   72.42%
   8606  4572      694.5888   194     2101.6143      579.5404   416020   72.42%
Elapsed time = 138.51 sec. (112730.79 ticks, tree = 828.35 MB, solutions = 8)
   9057  5016      657.3771   256     2101.6143      579.5404   435921   72.42%
   9067  5026      654.0094   182     2101.6143      579.5404   436178   72.42%
   9076  5035      748.1163   226     2101.6143      579.5404   436363   72.42%
   9077  5036      654.5718   182     2101.6143      579.5404   436436   72.42%
   9086  5045      748.1165   140     2101.6143      579.5404   436700   72.42%
   9087  5046      707.5711   261     2101.6143      579.5404   436955   72.42%
   9091  5050      906.7751   187     2101.6143      579.5404   437152   72.42%
   9096  5055      748.1241   139     2101.6143      579.5404   437258   72.42%
   9097  5056      667.5983   253     2101.6143      579.5404   437438   72.42%
   9098  5057      631.9038   272     2101.6143      579.5404   437442   72.42%
Elapsed time = 142.58 sec. (116545.87 ticks, tree = 905.62 MB, solutions = 8)
   9575  5534      690.4735   210     2101.6143      579.5404   461276   72.42%
   9576  5535      633.2826   303     2101.6143      579.5404   461292   72.42%
   9577  5536      627.5246    65     2101.6143      579.5404   461310   72.42%
   9578  5537      597.0769   224     2101.6143      579.5404   461322   72.42%
   9579  5536    infeasible           2101.6143      579.5404   461341   72.42%
   9580  5537      699.2205   178     2101.6143      579.5404   461687   72.42%
   9581  5538      608.7401   233     2101.6143      579.5404   461704   72.42%
   9582  5539      616.5137   283     2101.6143      579.5404   461723   72.42%
   9583  5540      743.3632   163     2101.6143      579.5404   462143   72.42%
   9584  5539    infeasible           2101.6143      579.5404   462222   72.42%
Elapsed time = 149.05 sec. (121925.26 ticks, tree = 1019.19 MB, solutions = 8)
   9588  5541      764.5121   168     2101.6143      579.5404   463007   72.42%
   9594  5545      582.2592   294     2101.6143      579.5404   464340   72.42%
   9602  5553      691.4321   213     2101.6143      579.5404   464691   72.42%
   9603  5554      633.2925   250     2101.6143      579.5404   464698   72.42%
   9604  5555      627.5436    59     2101.6143      579.5404   464717   72.42%
   9605  5556      597.0769   221     2101.6143      579.5404   464718   72.42%
   9606  5557      582.3238   283     2101.6143      579.5404   464725   72.42%
   9607  5558      699.9296   178     2101.6143      579.5404   464766   72.42%
   9608  5559      608.7959   249     2101.6143      579.5404   464775   72.42%
   9609  5560      616.6151   225     2101.6143      579.5404   464790   72.42%
Elapsed time = 152.98 sec. (128084.57 ticks, tree = 1022.14 MB, solutions = 8)
  10262  6203      715.8019   230     2101.6143      579.5404   489056   72.42%
  10265  6206      624.4349   216     2101.6143      579.5404   490023   72.42%
  10317  6258      646.6821    87     2101.6143      579.5404   492072   72.42%
  10338  6279      596.6821   193     2101.6143      579.5404   492653   72.42%
  10339  6280      694.0251   202     2101.6143      579.5404   492671   72.42%
  10340  6281      635.2089   335     2101.6143      579.5404   492693   72.42%
  10341  6282      627.7394   180     2101.6143      579.5404   492709   72.42%
  10342  6283      598.1864   305     2101.6143      579.5404   492723   72.42%
  10343  6284      626.2725   184     2101.6143      579.5404   492914   72.42%
  10344  6285      718.5314   252     2101.6143      579.5404   492952   72.42%
Elapsed time = 159.20 sec. (132600.42 ticks, tree = 1157.78 MB, solutions = 8)
  10784  6725      753.2652   230     2101.6143      579.5404   515840   72.42%
  10792  6733      601.4971   118     2101.6143      579.5404   516038   72.42%
  10794  6735      726.3662   203     2101.6143      579.5404   516156   72.42%
  10802  6743      601.5557   117     2101.6143      579.5404   516247   72.42%
  10804  6745      726.5303   201     2101.6143      579.5404   516301   72.42%
  10812  6753      614.7664   150     2101.6143      579.5404   516827   72.42%
  10814  6755      726.5857   214     2101.6143      579.5404   516862   72.42%
  10822  6763      601.6175   165     2101.6143      579.5404   517459   72.42%
  10824  6765      726.7587   221     2101.6143      579.5404   517513   72.42%
  10909  6850      696.6424   225     2101.6143      579.5404   519981   72.42%
Elapsed time = 165.33 sec. (136419.88 ticks, tree = 1157.78 MB, solutions = 8)
  11350  7291      732.8768   166     2101.6143      579.5404   539215   72.42%
  11360  7301      728.3792   204     2101.6143      579.5404   539536   72.42%
  11370  7311      728.9363   191     2101.6143      579.5404   539744   72.42%
  11380  7321      729.0182   230     2101.6143      579.5404   540089   72.42%
  11390  7331      729.0193   203     2101.6143      579.5404   540323   72.42%
  11400  7341      729.0491   201     2101.6143      579.5404   540582   72.42%
  11410  7349      729.0560   254     2101.6143      579.5404   540912   72.42%
  11420  7359      729.0602   253     2101.6143      579.5404   541462   72.42%
  11430  7369      729.0650   231     2101.6143      579.5404   541780   72.42%
  11440  7379      729.0715   202     2101.6143      579.5404   542102   72.42%
Elapsed time = 170.77 sec. (140609.22 ticks, tree = 1310.04 MB, solutions = 8)
  11859  7796      733.3065   208     2101.6143      579.5404   560002   72.42%
  11860  7797      708.8951   150     2101.6143      579.5404   560685   72.42%
  11862  7799      602.9822   250     2101.6143      579.5404   560690   72.42%
  11863  7800      617.7379   266     2101.6143      579.5404   560741   72.42%
  11865  7802      671.7950   158     2101.6143      579.5404   560884   72.42%
  11866  7803      628.0768   169     2101.6143      579.5404   560885   72.42%
  11867  7804      647.4499   186     2101.6143      579.5404   560947   72.42%
  11868  7805      617.9555   250     2101.6143      579.5404   560984   72.42%
  11869  7806      733.3890   204     2101.6143      579.5404   561003   72.42%
  11870  7807      714.8467   199     2101.6143      579.5404   561934   72.42%
Elapsed time = 179.03 sec. (150053.05 ticks, tree = 1458.39 MB, solutions = 8)
  12261  8194      787.7716   196     2101.6143      579.5404   582241   72.42%
  12271  8204      741.3629   246     2101.6143      579.5404   582417   72.42%
  12281  8214      741.6541   255     2101.6143      579.5404   582893   72.42%
  12291  8224      741.6590   255     2101.6143      579.5404   583255   72.42%
  12301  8234      741.8172   252     2101.6143      579.5404   583619   72.42%
  12311  8242      749.0001   237     2101.6143      579.5404   584082   72.42%
  12321  8252      741.8172   252     2101.6143      579.5404   584341   72.42%
  12322  8253      726.5308   255     2101.6143      579.5404   584386   72.42%
  12331  8262      753.5642   214     2101.6143      579.5404   584919   72.42%
  12332  8263      726.5338   255     2101.6143      579.5404   584924   72.42%
Elapsed time = 185.36 sec. (153918.05 ticks, tree = 1468.53 MB, solutions = 8)
* 13049+ 8976                         1240.3106      579.5404            53.27%
  13122  9051      760.3505   260     1240.3106      579.5404   620231   53.27%
  13132  9061      747.8384   256     1240.3106      579.5404   620564   53.27%
  13138  9067      744.8354   269     1240.3106      579.5404   620848   53.27%
  13142  9071      747.8665   245     1240.3106      579.5404   620930   53.27%
  13148  9077      736.9852   247     1240.3106      579.5404   621003   53.27%
  13152  9081      747.8683   268     1240.3106      579.5404   621091   53.27%
  13158  9087      736.9932   263     1240.3106      579.5404   621275   53.27%
  13162  9091      747.8866   264     1240.3106      579.5404   621317   53.27%
  13168  9097      737.0488   258     1240.3106      579.5404   621392   53.27%
  13172  9101      747.8868   258     1240.3106      579.5404   621448   53.27%
Elapsed time = 190.37 sec. (157967.73 ticks, tree = 1660.94 MB, solutions = 8)
  13647  9575      616.9269   197     1240.3106      579.5404   644346   53.27%
  13997  9903      755.8556   242     1240.3106      579.5404   657343   53.27%
  13998  9904      742.0331   282     1240.3106      579.5404   657397   53.27%
  13999  9905      674.4102   166     1240.3106      579.5404   657399   53.27%
  14000  9906      605.0716   281     1240.3106      579.5404   657400   53.27%
  14001  9907      629.4898   129     1240.3106      579.5404   657424   53.27%
  14002  9908      759.3539   249     1240.3106      579.5404   657431   53.27%
  14003  9909      697.4714   228     1240.3106      579.5404   657447   53.27%
  14004  9910      605.8101   232     1240.3106      579.5404   657451   53.27%
  14005  9911      652.6852   225     1240.3106      579.5404   657465   53.27%
Elapsed time = 195.40 sec. (162113.29 ticks, tree = 1898.06 MB, solutions = 10)
  14430 10335      639.8907   254     1240.3106      579.5404   676410   53.27%
  14440 10345      607.1226   274     1240.3106      579.5404   677793   53.27%
  14450 10355      607.1226   273     1240.3106      579.5404   678196   53.27%
  14460 10365      607.1392   275     1240.3106      579.5404   678454   53.27%
  14470 10375      607.1421   270     1240.3106      579.5404   678845   53.27%
  14480 10385      607.1464   156     1240.3106      579.5404   679615   53.27%
  14490 10395      618.4499   168     1240.3106      579.5404   680260   53.27%
  14500 10405      607.1558   184     1240.3106      579.5404   680943   53.27%
  14510 10415      607.1558   184     1240.3106      579.5404   681161   53.27%
  14520 10425      607.1558   185     1240.3106      579.5404   681534   53.27%
Elapsed time = 201.32 sec. (166750.94 ticks, tree = 1898.06 MB, solutions = 10)
  15105 10991      618.0756   170     1240.3106      579.5404   714732   53.27%
  15115 11001      607.4978   217     1240.3106      579.5404   715020   53.27%
  15125 11011      607.5134   195     1240.3106      579.5404   715874   53.27%
  15135 11021      607.5352   222     1240.3106      579.5404   718001   53.27%
  15145 11031      607.5361   215     1240.3106      579.5404   718390   53.27%
  15155 11041      607.6528   212     1240.3106      579.5404   719438   53.27%
  15165 11051      607.6676   210     1240.3106      579.5404   720083   53.27%
  15175 11061      607.6696   215     1240.3106      579.5404   720550   53.27%
  15185 11071      607.6724   212     1240.3106      579.5404   720793   53.27%
  15192 11078      778.2334   263     1240.3106      579.5404   721456   53.27%
Elapsed time = 207.93 sec. (170650.47 ticks, tree = 2152.15 MB, solutions = 10)
Nodefile size = 104.75 MB (68.46 MB after compression)
  15597 11479      867.7683   213     1240.3106      579.5404   745695   53.27%
  15607 11489      802.0507   241     1240.3106      579.5404   746457   53.27%
  15617 11499      803.2911   242     1240.3106      579.5404   747291   53.27%
  15627 11507      820.6042   225     1240.3106      579.5404   747528   53.27%
  15637 11517      803.6653   253     1240.3106      579.5404   747758   53.27%
  15647 11527      803.7001   254     1240.3106      579.5404   747972   53.27%
  15657 11537      803.8886   245     1240.3106      579.5404   748184   53.27%
  15670 11550      700.0166   258     1240.3106      579.5404   748814   53.27%
  15679 11559      700.3462   260     1240.3106      579.5404   750082   53.27%
  15683 11562      607.9927   231     1240.3106      579.5404   750130   53.27%
Elapsed time = 214.76 sec. (174487.35 ticks, tree = 2152.15 MB, solutions = 10)
Nodefile size = 104.75 MB (68.46 MB after compression)
  16239 12118      624.5840   168     1240.3106      579.5404   779907   53.27%
  16249 12128      608.2206   294     1240.3106      579.5404   780077   53.27%
  16259 12138      608.2222   248     1240.3106      579.5404   780716   53.27%
  16269 12148      608.2322   255     1240.3106      579.5404   781100   53.27%
  16279 12158      608.2322   251     1240.3106      579.5404   781590   53.27%
  16289 12168      608.2333   284     1240.3106      579.5404   782061   53.27%
  16299 12178      608.2361   264     1240.3106      579.5404   782924   53.27%
  16309 12188      608.2369   274     1240.3106      579.5404   783231   53.27%
  16319 12198      608.2370   291     1240.3106      579.5404   783977   53.27%
  16329 12208      608.2374   256     1240.3106      579.5404   784439   53.27%
Elapsed time = 220.33 sec. (178871.97 ticks, tree = 2375.37 MB, solutions = 10)
Nodefile size = 327.64 MB (214.90 MB after compression)
  16749 12622      618.9747   119     1240.3106      579.5404   804761   53.27%
  16759 12632      611.1087   169     1240.3106      579.5404   804955   53.27%
  17035 12908      721.7063   225     1240.3106      579.5404   815799   53.27%
  17044 12917      710.7676   283     1240.3106      579.5404   816334   53.27%
  17053 12926      710.7987   278     1240.3106      579.5404   816664   53.27%
  17062 12935      710.8401   262     1240.3106      579.5404   817192   53.27%
  17071 12944      710.8541   269     1240.3106      579.5404   817828   53.27%
  17131 13002      639.3130   207     1240.3106      579.5404   820068   53.27%
  17137 13008      799.7154   219     1240.3106      579.5404   820423   53.27%
  17139 13010      639.3151   157     1240.3106      579.5404   820444   53.27%
Elapsed time = 226.17 sec. (182779.45 ticks, tree = 2375.37 MB, solutions = 10)
Nodefile size = 327.64 MB (214.90 MB after compression)
  17695 13564      636.4807   195     1240.3106      579.5404   841401   53.27%
  17705 13574      611.8927   177     1240.3106      579.5404   841612   53.27%
  17715 13584      611.9197   179     1240.3106      579.5404   841788   53.27%
  17725 13594      611.9299   170     1240.3106      579.5404   841959   53.27%
  17735 13604      611.9855   166     1240.3106      579.5404   842595   53.27%
  17745 13614      611.9911   168     1240.3106      579.5404   842990   53.27%
  17755 13624      622.7318   101     1240.3106      579.5404   844249   53.27%
  17765 13634      612.0044   174     1240.3106      579.5404   845228   53.27%
  17775 13644      612.0170   148     1240.3106      579.5404   846106   53.27%
  17785 13654      612.0204   165     1240.3106      579.5404   846239   53.27%
Elapsed time = 234.15 sec. (187555.86 ticks, tree = 2700.88 MB, solutions = 10)
Nodefile size = 652.92 MB (431.46 MB after compression)
* 18206+14073                         1217.9055      579.5404            52.41%
  18691 14553      787.0900   304     1217.9055      579.5404   886756   52.41%
  18692 14554      824.3463   193     1217.9055      579.5404   886757   52.41%
  18693 14555      682.4295   172     1217.9055      579.5404   886765   52.41%
  18694 14556      612.8314   177     1217.9055      579.5404   886778   52.41%
  18695 14557      643.0261   219     1217.9055      579.5404   886793   52.41%
  18696 14558      616.7068   193     1217.9055      579.5404   886797   52.41%
  18697 14559      858.8990   269     1217.9055      579.5404   886849   52.41%
  18698 14560      599.8104   143     1217.9055      579.5404   886850   52.41%
  18699 14561      676.5669   273     1217.9055      579.5404   886863   52.41%
  18700 14562      719.7265   280     1217.9055      579.5404   886874   52.41%
Elapsed time = 241.20 sec. (191757.96 ticks, tree = 3007.61 MB, solutions = 11)
Nodefile size = 959.77 MB (641.28 MB after compression)
  19184 15040      646.1828    96     1217.9055      579.5404   910018   52.41%
  19194 15050      613.3840   203     1217.9055      579.5404   910298   52.41%
  19199 15055      677.2350   191     1217.9055      579.5404   910801   52.41%
  19204 15060      613.3840   203     1217.9055      579.5404   910854   52.41%
  19209 15065      677.2661   189     1217.9055      579.5404   910914   52.41%
  19214 15070      613.4058   200     1217.9055      579.5404   911040   52.41%
  19219 15075      677.2841   190     1217.9055      579.5404   911101   52.41%
  19224 15080      613.4135   213     1217.9055      579.5404   911390   52.41%
  19229 15085      677.3027   179     1217.9055      579.5404   911684   52.41%
  19234 15090      613.4135   213     1217.9055      579.5404   911807   52.41%
Elapsed time = 247.09 sec. (196163.97 ticks, tree = 3007.61 MB, solutions = 11)
Nodefile size = 959.77 MB (641.28 MB after compression)
  19933 15785      834.6932   190     1217.9055      579.5404   941615   52.41%
  19934 15786      981.0480   225     1217.9055      579.5404   941932   52.41%
  19935 15787      955.7262    61     1217.9055      579.5404   942095   52.41%
  19936 15788      613.6245   241     1217.9055      579.5404   942162   52.41%
  19937 15789      646.9996   128     1217.9055      579.5404   942195   52.41%
  19938 15790      620.6806   170     1217.9055      579.5404   942202   52.41%
  19939 15791      926.8584   167     1217.9055      579.5404   942208   52.41%
  19940 15792      654.2867   163     1217.9055      579.5404   942419   52.41%
  19941 15793      677.9703   129     1217.9055      579.5404   942449   52.41%
  19942 15794      722.3491   235     1217.9055      579.5404   942480   52.41%
Elapsed time = 256.87 sec. (202605.79 ticks, tree = 3312.39 MB, solutions = 11)
Nodefile size = 1264.47 MB (845.76 MB after compression)
  19950 15801      593.2949   233     1217.9055      579.5404   943814   52.41%
  19963 15812      583.8864   294     1217.9055      579.5404   944440   52.41%
  20141 15988      629.8029   166     1217.9055      579.5404   954103   52.41%
  20443 16290      751.7108   242     1217.9055      579.5404   968349   52.41%
  20480 16327      836.6784   188     1217.9055      579.5487   970744   52.41%
  20481 16328      583.8864   311     1217.9055      579.5487   970762   52.41%
  20482 16329     1006.1754   129     1217.9055      579.5487   970764   52.41%
  20483 16330      613.7273   223     1217.9055      579.5487   970779   52.41%
  20484 16331      652.3701   171     1217.9055      579.5487   970794   52.41%
  20485 16332      623.5076   179     1217.9055      579.5487   970803   52.41%
Elapsed time = 264.93 sec. (210431.20 ticks, tree = 3446.51 MB, solutions = 11)
Nodefile size = 1399.15 MB (937.06 MB after compression)
  20813 16658      682.9592   206     1217.9055      579.5487   989053   52.41%
  20823 16668      613.7662   187     1217.9055      579.5487   989681   52.41%
  20833 16678      613.7675   141     1217.9055      579.5487   989840   52.41%
  20843 16688      613.8180   257     1217.9055      579.5487   990668   52.41%
  20853 16698      613.8180   260     1217.9055      579.5487   991629   52.41%
  20863 16708      667.3308   132     1217.9055      579.5487   993127   52.41%
  20873 16718      613.8180   237     1217.9055      579.5487   993526   52.41%
  20883 16728      613.8181   230     1217.9055      579.5487   994025   52.41%
  20893 16738      613.8200   278     1217.9055      579.5487   994811   52.41%
  20903 16748      613.8237   273     1217.9055      579.5487   995332   52.41%
Elapsed time = 272.22 sec. (215719.31 ticks, tree = 3446.51 MB, solutions = 11)
Nodefile size = 1399.15 MB (937.06 MB after compression)
  21867 17704      634.7172   145     1217.9055      579.5487  1038315   52.41%
  21877 17714      626.1949   178     1217.9055      579.5487  1038782   52.41%
  21887 17724      626.1951   176     1217.9055      579.5487  1038871   52.41%
  21897 17734      626.2802   174     1217.9055      579.5487  1039267   52.41%
  21907 17744      626.4203   175     1217.9055      579.5487  1039555   52.41%
  21917 17754      626.4235   161     1217.9055      579.5487  1039792   52.41%
  21927 17764      626.4303   177     1217.9055      579.5487  1039921   52.41%
  21931 17768      770.8533   235     1217.9055      579.5487  1040675   52.41%
  21937 17774      626.4461   172     1217.9055      579.5487  1040737   52.41%
  21941 17778      728.6898   308     1217.9055      579.5487  1040809   52.41%
Elapsed time = 279.32 sec. (219852.49 ticks, tree = 3759.19 MB, solutions = 11)
Nodefile size = 1711.91 MB (1149.41 MB after compression)
  22415 18250      614.5166   246     1217.9055      579.5487  1062532   52.41%
  22425 18260      626.5876   141     1217.9055      579.5487  1063102   52.41%
  22435 18270      614.5211   214     1217.9055      579.5487  1064172   52.41%
  22445 18280      614.5224   254     1217.9055      579.5487  1064297   52.41%
  22455 18290      614.5244   129     1217.9055      579.5487  1064694   52.41%
  22465 18300      614.9194   155     1217.9055      579.5487  1064940   52.41%
  22475 18310      625.5795    77     1217.9055      579.5487  1065426   52.41%
  22485 18320      614.9263   147     1217.9055      579.5487  1065891   52.41%
  22495 18330      614.9318   150     1217.9055      579.5487  1066636   52.41%
  22498 18333      963.6336   179     1217.9055      579.5487  1067007   52.41%
Elapsed time = 285.68 sec. (223757.70 ticks, tree = 3759.19 MB, solutions = 11)
Nodefile size = 1711.91 MB (1149.41 MB after compression)
  23228 19058      619.9703    97     1217.9055      579.5487  1099441   52.41%
  23238 19068      616.1002   215     1217.9055      579.5487  1100204   52.41%
  23248 19078      616.2132   206     1217.9055      579.5487  1101109   52.41%
  23258 19088      616.2306   207     1217.9055      579.5487  1101438   52.41%
  23268 19098      620.9913    94     1217.9055      579.5487  1102286   52.41%
  23278 19105      616.2337   202     1217.9055      579.5487  1103099   52.41%
  23288 19114      616.2874   280     1217.9055      579.5487  1103386   52.41%
  23298 19124      667.5276   188     1217.9055      579.5487  1104225   52.41%
  23308 19132      616.2874   187     1217.9055      579.5487  1105103   52.41%
  23318 19141      616.3129   212     1217.9055      579.5487  1105330   52.41%
Elapsed time = 294.03 sec. (229031.54 ticks, tree = 4095.65 MB, solutions = 11)
Nodefile size = 2048.15 MB (1384.12 MB after compression)
  24052 19860      943.0477   235     1217.9055      579.5487  1142015   52.41%
  24553 20361      847.2015   227     1217.9055      579.5487  1160147   52.41%
  24554 20360    infeasible           1217.9055      579.5487  1160157   52.41%
  24555 20361      643.8801    98     1217.9055      579.5487  1160218   52.41%
  24556 20362      617.8546   246     1217.9055      579.5487  1160232   52.41%
  24557 20363      743.8057   131     1217.9055      579.5487  1160233   52.41%
  24558 20364      636.6767   197     1217.9055      579.5487  1160248   52.41%
  24559 20365     1013.9820   207     1217.9055      579.5487  1160477   52.41%
  24560 20366      623.7378   294     1217.9055      579.5487  1160545   52.41%
  24561 20367      704.2872   299     1217.9055      579.5487  1160551   52.41%
Elapsed time = 306.41 sec. (236906.02 ticks, tree = 4443.95 MB, solutions = 11)
Nodefile size = 2396.64 MB (1623.03 MB after compression)
  24574 20378      579.5487   205     1217.9055      579.5487  1161666   52.41%
  24593 20397      646.5345   105     1217.9055      579.5487  1162131   52.41%
  24882 20680      630.2799   133     1217.9055      579.5487  1177588   52.41%
  24984 20782      643.1838   265     1217.9055      579.5487  1183090   52.41%
  24987 20785      848.0400   238     1217.9055      579.5487  1183115   52.41%
  25006 20804      710.2537   266     1217.9055      579.5487  1183570   52.41%
  25027 20825      892.0762   258     1217.9055      579.5487  1185160   52.41%
  25044 20842      690.2800   236     1217.9055      579.5487  1186282   52.41%
  25055 20853     1049.2793   164     1217.9055      579.5487  1187402   52.41%
  25100 20898      744.1590   137     1217.9055      579.5487  1188533   52.41%
Elapsed time = 312.16 sec. (240739.40 ticks, tree = 4443.95 MB, solutions = 11)
Nodefile size = 2396.64 MB (1623.03 MB after compression)
  25101 20899      848.0497   244     1217.9055      579.5487  1188537   52.41%
  25102 20900      579.5487   205     1217.9055      579.5487  1188541   52.41%
  25103 20901      679.2185    89     1217.9055      579.5487  1188667   52.41%
  25104 20902      618.6443   132     1217.9055      579.5487  1188671   52.41%
  25105 20903      744.1591   135     1217.9055      579.5487  1188672   52.41%
  25106 20904      639.1646   194     1217.9055      579.5487  1188705   52.41%
  25107 20905      997.0486   190     1217.9055      579.5487  1188721   52.41%
  25108 20906      643.8631   317     1217.9055      579.5487  1188774   52.41%
  25109 20907      710.2944   236     1217.9055      579.5487  1188789   52.41%
  25110 20908      875.1284   238     1217.9055      579.5487  1188797   52.41%
Elapsed time = 314.47 sec. (245288.10 ticks, tree = 4577.32 MB, solutions = 11)
Nodefile size = 2530.20 MB (1715.14 MB after compression)
  25372 21170      581.6933   247     1217.9055      579.5487  1204226   52.41%
  25382 21180      582.5603   283     1217.9055      579.5487  1204754   52.41%
  25392 21190      582.9617   310     1217.9055      579.5487  1205675   52.41%
  25402 21200      583.0514   307     1217.9055      579.5487  1205853   52.41%
  25412 21210      583.0769   306     1217.9055      579.5487  1206336   52.41%
  25422 21220      583.3069   304     1217.9055      579.5487  1206764   52.41%
  25432 21230      583.7926   300     1217.9055      579.5487  1207266   52.41%
  25434 21232      622.2397   162     1217.9055      579.5487  1207347   52.41%
  25442 21240      584.2520   300     1217.9055      579.5487  1207511   52.41%
  25444 21242      622.2519   177     1217.9055      579.5487  1207635   52.41%
Elapsed time = 319.93 sec. (249217.07 ticks, tree = 4577.32 MB, solutions = 11)
Nodefile size = 2530.20 MB (1715.14 MB after compression)
  26365 22163      853.1763   201     1217.9055      579.5487  1252519   52.41%
  26366 22164      590.0703   170     1217.9055      579.5487  1252528   52.41%
  26367 22165      690.8394   138     1217.9055      579.5487  1252530   52.41%
  26368 22166      622.7962   286     1217.9055      579.5487  1252541   52.41%
  26369 22167      744.4684    88     1217.9055      579.5487  1252567   52.41%
  26370 22168      643.4063   181     1217.9055      579.5487  1252569   52.41%
  26371 22169     1009.1557   238     1217.9055      579.5487  1252592   52.41%
  26372 22170      596.7443   278     1217.9055      579.5487  1252647   52.41%
  26373 22171      721.8195   226     1217.9055      579.5487  1252648   52.41%
  26374 22172      880.9487   276     1217.9055      579.5487  1252661   52.41%
Elapsed time = 326.37 sec. (253135.94 ticks, tree = 4889.28 MB, solutions = 11)
Nodefile size = 2841.35 MB (1934.46 MB after compression)
  26834 22619      926.0135   286     1217.9055      579.5487  1278819   52.41%
  26844 22629      885.3796   281     1217.9055      579.5487  1278994   52.41%
  26854 22639      885.3808   281     1217.9055      579.5487  1279698   52.41%
  26858 22643      623.0948   264     1217.9055      579.5487  1279756   52.41%
  26864 22649      885.4012   290     1217.9055      579.5487  1279820   52.41%
  26868 22653      623.0959   265     1217.9055      579.5487  1279904   52.41%
  26874 22659      885.4156   291     1217.9055      579.5487  1279937   52.41%
  26878 22663      623.0961   254     1217.9055      579.5487  1280106   52.41%
  26884 22669      931.7612   255     1217.9055      579.5487  1280739   52.41%
  26888 22673      623.0963   258     1217.9055      579.5487  1280779   52.41%
Elapsed time = 332.37 sec. (256998.05 ticks, tree = 4889.28 MB, solutions = 11)
Nodefile size = 2841.35 MB (1934.46 MB after compression)
  27879 23660      857.6106   266     1217.9055      579.8296  1320717   52.39%
  27880 23661      606.1943   219     1217.9055      579.8296  1320752   52.39%
  27881 23662      716.8741    88     1217.9055      579.8296  1320755   52.39%
  27882 23663      623.3302   301     1217.9055      579.8296  1320767   52.39%
  27883 23664      744.7113   143     1217.9055      579.8296  1320802   52.39%
  27884 23665      702.3467   146     1217.9055      579.8296  1320809   52.39%
  27885 23666     1017.4599   190     1217.9055      579.8296  1320823   52.39%
  27886 23667      605.4074   219     1217.9055      579.8296  1320928   52.39%
  27887 23668      735.4650   263     1217.9055      579.8296  1320936   52.39%
  27888 23669      887.5902   245     1217.9055      579.8296  1321022   52.39%
Elapsed time = 339.92 sec. (261318.21 ticks, tree = 5258.83 MB, solutions = 11)
Nodefile size = 3210.87 MB (2185.12 MB after compression)
  27946 23723      605.6603   252     1217.9055      579.8296  1325170   52.39%
  28080 23857      584.7966   236     1217.9055      579.8296  1333681   52.39%
  28089 23866      584.9772   246     1217.9055      579.8296  1333874   52.39%
  28098 23875      585.8642   188     1217.9055      579.8296  1334717   52.39%
  28107 23884      585.9846   239     1217.9055      579.8296  1334938   52.39%
  28116 23893      586.4384   190     1217.9055      579.8296  1335828   52.39%
  28125 23902      587.0676   227     1217.9055      579.8296  1335972   52.39%
  28134 23911      587.3500   219     1217.9055      579.8296  1336166   52.39%
  28143 23920      587.4961   253     1217.9055      579.8296  1337123   52.39%
  28152 23929      587.7472   215     1217.9055      579.8296  1337608   52.39%
Elapsed time = 350.80 sec. (265500.93 ticks, tree = 5258.83 MB, solutions = 11)
Nodefile size = 3210.87 MB (2185.12 MB after compression)
  29205 24974      858.3230   292     1217.9055      579.8619  1378171   52.39%
  29206 24975      604.2499   285     1217.9055      579.8619  1378244   52.39%
  29207 24976      789.8361   143     1217.9055      579.8619  1378304   52.39%
  29208 24977      623.7764   283     1217.9055      579.8619  1378319   52.39%
  29209 24978      773.6744    64     1217.9055      579.8619  1378804   52.39%
  29210 24979      597.2984   267     1217.9055      579.8619  1378819   52.39%
  29211 24980     1112.5898   171     1217.9055      579.8619  1379289   52.39%
  29212 24981      607.9525   210     1217.9055      579.8619  1379358   52.39%
  29213 24982      600.3630   307     1217.9055      579.8619  1379737   52.39%
  29214 24983      902.1486   266     1217.9055      579.8619  1379762   52.39%
Elapsed time = 358.22 sec. (275206.07 ticks, tree = 5584.54 MB, solutions = 11)
Nodefile size = 3537.49 MB (2406.56 MB after compression)
  29243 25008      589.9467   300     1217.9055      579.8619  1383185   52.39%
  29251 25016      587.7537   289     1217.9055      579.8619  1383650   52.39%
  29253 25018      588.7260   230     1217.9055      579.8619  1383782   52.39%
  29484 25249      610.4589   224     1217.9055      579.8619  1394404   52.39%
  29492 25257      610.5592   208     1217.9055      579.8619  1394994   52.39%
  29500 25265      582.9780   299     1217.9055      579.8619  1395330   52.39%
  29513 25278      625.5805   296     1217.9055      579.8619  1396422   52.39%
  29520 25285      625.5809   268     1217.9055      579.8619  1396629   52.39%
  29527 25292      625.5821   291     1217.9055      579.8619  1396765   52.39%
  29533 25298      801.1297    78     1217.9055      579.8619  1396866   52.39%
Elapsed time = 364.10 sec. (279093.30 ticks, tree = 5584.54 MB, solutions = 11)
Nodefile size = 3537.49 MB (2406.56 MB after compression)
  29786 25549      859.0529   262     1217.9055      580.0963  1406524   52.37%
  29787 25550      612.5593   306     1217.9055      580.0963  1406605   52.37%
  29788 25551      803.4912   127     1217.9055      580.0963  1406618   52.37%
  29789 25552      625.5897   295     1217.9055      580.0963  1406633   52.37%
  29790 25553      868.6030    29     1217.9055      580.0963  1406856   52.37%
  29791 25554      583.2776   276     1217.9055      580.0963  1406932   52.37%
  29792 25555      588.4479   277     1217.9055      580.0963  1407089   52.37%
  29793 25556      641.2567   274     1217.9055      580.0963  1407130   52.37%
  29794 25557      585.4362   236     1217.9055      580.0963  1407545   52.37%
  29795 25558      916.1824   255     1217.9055      580.0963  1407590   52.37%
Elapsed time = 366.70 sec. (283889.54 ticks, tree = 5727.09 MB, solutions = 11)
Nodefile size = 3679.12 MB (2503.20 MB after compression)
  29862 25625      586.3256   329     1217.9055      580.0963  1413384   52.37%
  29872 25635      584.6987   134     1217.9055      580.0963  1413935   52.37%
  29878 25641      817.6344   108     1217.9055      580.0963  1414081   52.37%
  29882 25645      582.9170   233     1217.9055      580.0963  1414298   52.37%
  29891 25654      583.0351   261     1217.9055      580.0963  1414754   52.37%
  29900 25663      588.2660   216     1217.9055      580.0963  1415027   52.37%
  29909 25670      589.2332   284     1217.9055      580.0963  1415473   52.37%
  29918 25679      589.2332   298     1217.9055      580.0963  1416134   52.37%
  29927 25688      589.6448   251     1217.9055      580.0963  1416453   52.37%
  29936 25697      589.7452   293     1217.9055      580.0963  1416799   52.37%
Elapsed time = 380.95 sec. (290145.77 ticks, tree = 5727.09 MB, solutions = 11)
Nodefile size = 3679.12 MB (2503.20 MB after compression)
  31030 26789      860.3067   249     1217.9055      580.0963  1459834   52.37%
  31031 26790      647.3948    77     1217.9055      580.0963  1459850   52.37%
  31032 26791      818.4932   110     1217.9055      580.0963  1460005   52.37%
  31033 26792      625.8521   263     1217.9055      580.0963  1460034   52.37%
  31034 26793      792.5095   154     1217.9055      580.0963  1460048   52.37%
  31035 26794      614.4949   240     1217.9055      580.0963  1460059   52.37%
  31036 26795      596.2755   284     1217.9055      580.0963  1460417   52.37%
  31037 26796      655.6900   279     1217.9055      580.0963  1460424   52.37%
  31038 26797      630.0536   249     1217.9055      580.0963  1460701   52.37%
  31039 26798      942.4983   197     1217.9055      580.0963  1461316   52.37%
Elapsed time = 383.87 sec. (299362.06 ticks, tree = 5934.06 MB, solutions = 11)
Nodefile size = 3886.16 MB (2641.79 MB after compression)
  31559 27313      941.3973   203     1217.9055      580.0963  1487972   52.37%
  31569 27323      933.4764   224     1217.9055      580.0963  1488406   52.37%
  31579 27333      933.4781   225     1217.9055      580.0963  1488634   52.37%
  31589 27343      933.6724   230     1217.9055      580.0963  1489583   52.37%
  31599 27353      934.2854   243     1217.9055      580.0963  1489820   52.37%
  31600 27354      635.2846   206     1217.9055      580.0963  1490166   52.37%
  31609 27363      934.4383   246     1217.9055      580.0963  1490366   52.37%
  31610 27364      600.5180   259     1217.9055      580.0963  1490405   52.37%
  31619 27373      934.6136   233     1217.9055      580.0963  1491083   52.37%
  31620 27374      600.6095   240     1217.9055      580.0963  1491109   52.37%
Elapsed time = 389.58 sec. (303447.95 ticks, tree = 5934.06 MB, solutions = 11)
Nodefile size = 3886.16 MB (2641.79 MB after compression)
  32822 28557      607.8244   251     1217.9055      580.0983  1526174   52.37%
  32823 28558      636.5797   313     1217.9055      580.0983  1526180   52.37%
  32824 28559      863.7397   130     1217.9055      580.0983  1526198   52.37%
  32825 28560      627.0258   177     1217.9055      580.0983  1526200   52.37%
  32826 28561      794.5607   194     1217.9055      580.0983  1526204   52.37%
  32827 28562      583.2058   261     1217.9055      580.0983  1526265   52.37%
  32828 28563      594.1834   288     1217.9055      580.0983  1526308   52.37%
  32829 28564      659.6605   109     1217.9055      580.0983  1526332   52.37%
  32830 28565      640.3956   253     1217.9055      580.0983  1526359   52.37%
  32831 28566      935.3878   243     1217.9055      580.0983  1526361   52.37%
Elapsed time = 397.94 sec. (307829.78 ticks, tree = 6349.96 MB, solutions = 11)
Nodefile size = 4302.81 MB (2925.89 MB after compression)
  32955 28689      632.2550   112     1217.9055      580.0983  1536489   52.37%
  32965 28699      631.8573   123     1217.9055      580.0983  1536787   52.37%
  32975 28709      631.9684    87     1217.9055      580.0983  1537704   52.37%
  32985 28719      632.2798   118     1217.9055      580.0983  1538261   52.37%
  32991 28725      967.2949   181     1217.9055      580.0983  1538595   52.37%
  32992 28726      620.8357   256     1217.9055      580.0983  1538676   52.37%
  32995 28729      632.2798   126     1217.9055      580.0983  1538740   52.37%
  33001 28735      967.7488   206     1217.9055      580.0983  1538999   52.37%
  33002 28736      622.8495   253     1217.9055      580.0983  1539020   52.37%
  33005 28739      632.6632   248     1217.9055      580.0983  1539471   52.37%
Elapsed time = 403.69 sec. (312263.47 ticks, tree = 6349.96 MB, solutions = 11)
Nodefile size = 4302.81 MB (2925.89 MB after compression)
  33802 29523      645.8273   125     1217.9055      580.1894  1576243   52.36%
  33811 29530      582.3070   246     1217.9055      580.1894  1576815   52.36%
  33812 29531      638.4791   176     1217.9055      580.1894  1576863   52.36%
  33816 29535      603.6567   288     1217.9055      580.1894  1576990   52.36%
  33821 29540      589.5741   278     1217.9055      580.1894  1577296   52.36%
  33822 29541      638.4938   176     1217.9055      580.1894  1577303   52.36%
  33826 29545      603.6890   290     1217.9055      580.1894  1577374   52.36%
  33831 29550      586.3890   238     1217.9055      580.1894  1577865   52.36%
  33832 29551      638.5406   155     1217.9055      580.1894  1577880   52.36%
  33836 29555      605.2401   218     1217.9055      580.1894  1577975   52.36%
Elapsed time = 412.54 sec. (316239.42 ticks, tree = 6555.14 MB, solutions = 11)
Nodefile size = 4507.17 MB (3069.50 MB after compression)
  33911 29626      583.5534   220     1217.9055      580.1894  1584455   52.36%
  33921 29636      595.5693   264     1217.9055      580.1894  1586043   52.36%
  33931 29646      596.2895   225     1217.9055      580.1894  1587182   52.36%
  33941 29656      595.2665   249     1217.9055      580.1894  1588451   52.36%
  33951 29666      583.2865   168     1217.9055      580.1894  1589189   52.36%
  33976 29691      587.0913   187     1217.9055      580.1894  1591693   52.36%
  33985 29700      595.0814   266     1217.9055      580.1894  1592692   52.36%
  33994 29709      586.8122   276     1217.9055      580.1894  1593149   52.36%
  34003 29718      587.4386   209     1217.9055      580.1894  1593824   52.36%
  34012 29727      590.7555   248     1217.9055      580.1894  1594315   52.36%
Elapsed time = 418.28 sec. (321207.66 ticks, tree = 6555.14 MB, solutions = 11)
Nodefile size = 4507.17 MB (3069.50 MB after compression)
  35079 30794      659.7071   128     1217.9055      580.8492  1634970   52.31%
  35080 30795      598.7601   222     1217.9055      580.8492  1634984   52.31%
  35081 30796      581.1243   245     1217.9055      580.8492  1635119   52.31%
  35082 30797      649.7823    68     1217.9055      580.8492  1635135   52.31%
  35084 30799      654.6668   212     1217.9055      580.8492  1635141   52.31%
  35085 30800      610.7027    68     1217.9055      580.8492  1635147   52.31%
  35086 30801      616.0598   323     1217.9055      580.8492  1635401   52.31%
  35087 30802      700.8365   180     1217.9055      580.8492  1635565   52.31%
  35088 30803      611.0649   264     1217.9055      580.8492  1635727   52.31%
  35089 30804      659.7409   203     1217.9055      580.8492  1635762   52.31%
Elapsed time = 426.54 sec. (329041.49 ticks, tree = 6904.98 MB, solutions = 11)
Nodefile size = 4857.96 MB (3327.40 MB after compression)
  35409 31124      660.5807   280     1217.9055      580.8492  1649237   52.31%
  35410 31125      613.2493   134     1217.9055      580.8492  1649301   52.31%
  35411 31126      587.0029   148     1217.9055      580.8492  1649326   52.31%
  35412 31127      651.6035    91     1217.9055      580.8492  1649346   52.31%
  35413 31128      907.7376    83     1217.9055      580.8492  1649366   52.31%
  35414 31129      592.0576   311     1217.9055      580.8492  1649377   52.31%
  35415 31130      591.3784   192     1217.9055      580.8492  1649380   52.31%
  35416 31131      619.7773   103     1217.9055      580.8492  1649625   52.31%
  35417 31132      669.5800   134     1217.9055      580.8492  1649660   52.31%
  35418 31133      611.6257   274     1217.9055      580.8492  1649755   52.31%
Elapsed time = 431.22 sec. (333080.03 ticks, tree = 6986.28 MB, solutions = 11)
Nodefile size = 4938.37 MB (3385.41 MB after compression)
* 35457+31170                          855.1292      580.8492            32.07%
  35457 31172      675.2833   112      855.1292      580.8492  1652239   32.07%
  35803 31518      599.3365   173      855.1292      580.8492  1668615   32.07%
  35812 31527      599.3606   163      855.1292      580.8492  1668917   32.07%
  35821 31536      599.3606   163      855.1292      580.8492  1669153   32.07%
  35830 31545      599.3606   190      855.1292      580.8492  1669360   32.07%
  35839 31554      600.4695   254      855.1292      580.8492  1670617   32.07%
  35848 31563      600.8203   268      855.1292      580.8492  1670956   32.07%
  35857 31572      600.8381   219      855.1292      580.8492  1671281   32.07%
  35866 31581      600.8543   202      855.1292      580.8492  1672049   32.07%
  35867 31582      652.1479   225      855.1292      580.8492  1672118   32.07%
Elapsed time = 444.97 sec. (336919.10 ticks, tree = 6986.28 MB, solutions = 11)
Nodefile size = 4938.37 MB (3385.41 MB after compression)
  36635 28833      669.9604   238      855.1292      581.0743  1713154   32.05%
* 36636+28832                          822.7326      581.0743            29.37%
  36636 28834      678.6242   241      822.7326      581.0743  1713158   29.37%
  36637 28835      610.0905   228      822.7326      581.0743  1713184   29.37%
  36638 28836      652.3459   109      822.7326      581.0743  1713189   29.37%
  36639 28837      589.4467   317      822.7326      581.0743  1713670   29.37%
  36640 28838      613.8448   140      822.7326      581.0743  1713688   29.37%
  36641 28839      646.0679   244      822.7326      581.0743  1713698   29.37%
  36642 28840      678.8842   217      822.7326      581.0743  1713717   29.37%
  36643 28841      672.5187   131      822.7326      581.0743  1713734   29.37%
  36644 28842      617.8994   246      822.7326      581.0743  1714038   29.37%
Elapsed time = 449.72 sec. (347612.89 ticks, tree = 6434.39 MB, solutions = 12)
Nodefile size = 4387.12 MB (3022.15 MB after compression)
  36709 28906      595.0392   281      822.7326      581.0743  1718410   29.37%
  36719 28916      616.4907   232      822.7326      581.0743  1719895   29.37%
  36729 28926      595.1666   282      822.7326      581.0743  1720297   29.37%
  36739 28936      595.3303   241      822.7326      581.0743  1721059   29.37%
  36749 28946      595.7941   265      822.7326      581.0743  1721545   29.37%
  36759 28956      615.6113   206      822.7326      581.0743  1722384   29.37%
  36762 28959      699.5173   223      822.7326      581.0743  1722766   29.37%
  36769 28966      615.6392   254      822.7326      581.0743  1723184   29.37%
  36772 28969      684.0877   232      822.7326      581.0743  1723283   29.37%
  36779 28976      615.6392   252      822.7326      581.0743  1723630   29.37%
Elapsed time = 456.57 sec. (353223.96 ticks, tree = 6434.39 MB, solutions = 12)
Nodefile size = 4387.12 MB (3022.15 MB after compression)
* 37120+28017                          692.4096      581.0743            16.08%
  37158 28057      614.5064   148      692.4096      581.0743  1747062   16.08%
  37168 28067      600.1115   254      692.4096      581.0743  1748247   16.08%
  37178 28077      592.7625   167      692.4096      581.0743  1749332   16.08%
  37188 28087      584.3262   104      692.4096      581.0743  1749729   16.08%
  37198 28097      588.8064   219      692.4096      581.0743  1750473   16.08%
  37208 28107      583.3731   248      692.4096      581.0743  1750850   16.08%
  37218 28117      605.4157   297      692.4096      581.0743  1752053   16.08%
  37228 28127      583.6116   247      692.4096      581.0743  1753018   16.08%
  37238 28137      583.6116   281      692.4096      581.0743  1753347   16.08%
  37248 28147      586.5858   272      692.4096      581.0743  1753631   16.08%
Elapsed time = 468.65 sec. (361252.58 ticks, tree = 6218.15 MB, solutions = 13)
Nodefile size = 4170.92 MB (2885.49 MB after compression)
* 38416+22521                          669.6227      581.2692            13.19%
* 38416+22521                          665.2013      581.2692            12.62%
* 38416+22521                          648.0700      581.2692            10.31%
* 38416+22521                          644.4002      581.2692             9.80%
* 38416+22521                          639.2722      581.2692             9.07%
* 38416+22521                          638.2815      581.2692             8.93%
* 38416+22521                          635.5649      581.2692             8.54%
* 38416+22521                          591.5566      581.2692             1.74%
  38416 22523      585.4664   209      591.5566      581.2692  1805362    1.74%
  38417 22520      635.9088   299      591.5566      581.2692  1805595    1.74%
  38418 22521      620.4348   229      591.5566      581.2692  1805805    1.74%
  38419 22522      586.9766   252      591.5566      581.2692  1805818    1.74%
  38420 22520      633.6761    32      591.5566      581.2692  1805885    1.74%
  38421 22518      677.1073   122      591.5566      581.2692  1806037    1.74%
  38422 22519      602.0144   283      591.5566      581.2692  1806250    1.74%
  38423 22520      606.8292   191      591.5566      581.2692  1806282    1.74%
  38424 22518      595.4248   281      591.5566      581.2692  1806583    1.74%
  38425 22519      615.5884   343      591.5566      581.2692  1806653    1.74%
Elapsed time = 513.93 sec. (385396.95 ticks, tree = 5367.40 MB, solutions = 15)
Nodefile size = 3319.97 MB (2351.10 MB after compression)
  38426  1217      585.3486   138      591.5566      585.3486  1811208    1.05%
  38427  1217      587.6788   209      591.5566      585.3486  1812075    1.05%
  38428  1217      585.3486   285      591.5566      585.3486  1812443    1.05%
  38429  1217      585.3486   217      591.5566      585.3486  1812448    1.05%
  38430  1218      589.9463   175      591.5566      585.3486  1812640    1.05%
  38431  1015        cutoff            591.5566      585.3486  1812720    1.05%
  38432   812        cutoff            591.5566      585.3486  1812728    1.05%
  38433   609        cutoff            591.5566      585.3486  1812931    1.05%
  38434   610      585.3486   206      591.5566      585.3486  1813051    1.05%
  38435   611      587.0384   219      591.5566      585.3486  1813500    1.05%
Elapsed time = 534.58 sec. (418052.22 ticks, tree = 138.30 MB, solutions = 75)
  38463   103      591.5454    86      591.5566      586.2101  1820408    0.90%
  38464   104      589.1205   186      591.5566      586.2101  1820484    0.90%
  38465    83        cutoff            591.5566      586.2101  1820562    0.90%
  38466    62      593.7734   182      591.5566      586.2101  1820903    0.90%
  38467    41        cutoff            591.5566      586.2101  1820911    0.90%
  38468    20        cutoff            591.5566      586.2101  1820913    0.90%
  38469    20      590.0777   216      591.5566      586.2101  1821870    0.90%
  38470    20      591.4400   215      591.5566      586.2101  1822137    0.90%
  38471     0        cutoff            591.5566      586.2101  1822203    0.90%

Clique cuts applied:  130
Cover cuts applied:  1
Implied bound cuts applied:  62
Flow cuts applied:  3
Mixed integer rounding cuts applied:  71
Zero-half cuts applied:  56
Lift and project cuts applied:  2
Gomory fractional cuts applied:  42

Root node processing (before b&c):
  Real time             =    7.84 sec. (6053.37 ticks)
Parallel b&c, 10 threads:
  Real time             =  532.15 sec. (417098.13 ticks)
  Sync time (average)   =   88.16 sec.
  Wait time (average)   =   88.69 sec.
                          ------------
Total (root+branch&cut) =  539.99 sec. (423151.50 ticks)
Status: Optimal
Obj: 591.557
Vehicles: 3
Time: 540.012
