Found incumbent of value 2971.405787 after 0.01 sec. (4.58 ticks)
Tried aggregator 1 time.
MIP Presolve eliminated 33876 rows and 18416 columns.
MIP Presolve modified 14692 coefficients.
Reduced MIP has 7856 rows, 23596 columns, and 113188 nonzeros.
Reduced MIP has 23196 binaries, 0 generals, 0 SOSs, and 0 indicators.
Presolve time = 0.09 sec. (72.32 ticks)
Probing time = 0.09 sec. (12.02 ticks)
Tried aggregator 1 time.
Reduced MIP has 7856 rows, 23596 columns, and 113188 nonzeros.
Reduced MIP has 23196 binaries, 0 generals, 0 SOSs, and 0 indicators.
Presolve time = 0.07 sec. (45.11 ticks)
Probing time = 0.04 sec. (10.79 ticks)
Clique table members: 68548.
MIP emphasis: balance optimality and feasibility.
MIP search method: dynamic search.
Parallel mode: deterministic, using up to 10 threads.
Root relaxation solution time = 0.09 sec. (56.44 ticks)

        Nodes                                         Cuts/
   Node  Left     Objective  IInf  Best Integer    Best Bound    ItCnt     Gap

*     0+    0                         2971.4058        0.0000           100.00%
      0     0      503.0331   198     2971.4058      503.0331      722   83.07%
      0     0      503.0331   204     2971.4058     Cuts: 188      921   83.07%
      0     0      503.0331   207     2971.4058     Cuts: 171     1144   83.07%
*     0+    0                         2730.5167      503.0331            81.58%
*     0+    0                         2704.4639      503.0331            81.40%
*     0+    0                         2677.2170      503.0331            81.21%
      0     2      503.0331   202     2677.2170      503.0331     1144   81.21%
Elapsed time = 2.73 sec. (1963.74 ticks, tree = 0.00 MB, solutions = 4)
      4     6      503.9485   206     2677.2170      503.0331     1290   81.21%
      5     7      507.3096   204     2677.2170      503.0331     1341   81.21%
      7     9      504.3201   213     2677.2170      503.0331     1443   81.21%
      8     9      523.5907   214     2677.2170      503.0331     1478   81.21%
      9    10      507.1142   203     2677.2170      503.0331     1499   81.21%
     10    11      522.6242   169     2677.2170      503.0331     1533   81.21%
     11    12      505.5981   201     2677.2170      504.4678     1682   81.16%
     12    13      506.0759   216     2677.2170      504.4678     1836   81.16%
     13    13      538.5561   195     2677.2170      504.4678     2034   81.16%
     21    20      566.8743   115     2677.2170      504.4678     2992   81.16%
Elapsed time = 3.90 sec. (2931.59 ticks, tree = 0.00 MB, solutions = 4)
    289   276      770.0803   207     2677.2170      504.5171    23202   81.16%
    343   329      699.7392   146     2677.2170      504.5171    27108   81.16%
    344   330      610.9006   119     2677.2170      504.5171    27120   81.16%
    345   331      707.9039   210     2677.2170      504.5171    27169   81.16%
    346   332      572.2447   101     2677.2170      504.5171    27173   81.16%
    347   333      621.3857   100     2677.2170      504.5171    27175   81.16%
    348   334      675.3255   163     2677.2170      504.5171    27209   81.16%
    349   335      645.0942   147     2677.2170      504.5171    27230   81.16%
    350   336      743.8875   104     2677.2170      504.5171    27234   81.16%
    351   337      741.3279   126     2677.2170      504.5171    27316   81.16%
Elapsed time = 5.17 sec. (4029.34 ticks, tree = 0.81 MB, solutions = 4)
    887   817      733.8001   203     2677.2170      504.5171    48796   81.16%
    889   819      722.3959   114     2677.2170      504.5171    48981   81.16%
    897   826      568.5254   168     2677.2170      504.5171    49107   81.16%
    899   828      722.4291   111     2677.2170      504.5171    49134   81.16%
    903   829      702.3417   160     2677.2170      504.5171    49577   81.16%
    904   830      634.3319   113     2677.2170      504.5171    49704   81.16%
    907   833      608.4054   179     2677.2170      504.5171    49864   81.16%
    909   835      722.9494   108     2677.2170      504.5171    49930   81.16%
    913   839      613.6567   145     2677.2170      504.5171    49959   81.16%
    914   840      599.4679   112     2677.2170      504.5171    50003   81.16%
Elapsed time = 6.41 sec. (4999.17 ticks, tree = 36.20 MB, solutions = 4)
   1389  1268      822.2492   153     2677.2170      504.5171    71945   81.16%
   1399  1277      809.0724   147     2677.2170      504.5171    72312   81.16%
   1409  1287      809.5475   148     2677.2170      504.5171    72885   81.16%
   1419  1297      810.8031   150     2677.2170      504.5171    73071   81.16%
   1455  1332     1144.0752   139     2677.2170      504.5171    74459   81.16%
   1465  1341      560.0437   204     2677.2170      504.5171    74992   81.16%
   1467  1343      684.1773   115     2677.2170      504.5171    75007   81.16%
   1468  1344      624.7854    64     2677.2170      504.5171    75049   81.16%
   1473  1349      610.7902   196     2677.2170      504.5171    75567   81.16%
   1474  1350      947.4667    80     2677.2170      504.5171    75599   81.16%
Elapsed time = 7.42 sec. (5953.96 ticks, tree = 63.18 MB, solutions = 4)
   2055  1878      723.8133   134     2677.2170      505.5981    93964   81.11%
   2065  1888      721.4743   121     2677.2170      505.5981    94189   81.11%
   2075  1898      722.1952   130     2677.2170      505.5981    94487   81.11%
   2085  1907      736.2015   159     2677.2170      505.5981    94862   81.11%
   2091  1909      629.2988   167     2677.2170      505.5981    95223   81.11%
   2095  1913      723.8413   125     2677.2170      505.5981    95298   81.11%
   2101  1919      555.8624   157     2677.2170      505.5981    95367   81.11%
   2105  1923      724.5443   126     2677.2170      505.5981    95405   81.11%
   2111  1929      644.8066   199     2677.2170      505.5981    95704   81.11%
   2115  1933      733.7670   171     2677.2170      505.5981    96020   81.11%
Elapsed time = 8.48 sec. (7054.08 ticks, tree = 106.89 MB, solutions = 4)
*  2429  2218      integral     0      844.3797      505.5981   104960   40.12%
   2832  2403      732.6755   234      844.3797      505.5981   116124   40.12%
   2842  2413      732.7839   272      844.3797      505.5981   116296   40.12%
   2852  2422      732.8078   270      844.3797      505.5981   116508   40.12%
   2862  2432      733.0932   230      844.3797      505.5981   116784   40.12%
   2872  2442      733.2178   231      844.3797      505.5981   116926   40.12%
   2882  2451      734.4756   264      844.3797      505.5981   117162   40.12%
   2892  2461      757.0741   247      844.3797      505.5981   117370   40.12%
   2902  2471      757.5875   248      844.3797      505.5981   117660   40.12%
   2912  2481      757.6961   258      844.3797      505.5981   117837   40.12%
   2922  2490      758.2788   250      844.3797      505.5981   118079   40.12%
Elapsed time = 9.65 sec. (8151.18 ticks, tree = 154.11 MB, solutions = 5)
   4333  3818      573.6329   434      844.3797      575.4605   157322   31.85%
   4334  3819      573.8815   430      844.3797      575.4605   157347   31.85%
   4335  3820      574.6761   421      844.3797      575.4605   157530   31.85%
   4336  3820      581.3215   286      844.3797      575.4605   158223   31.85%
   4337  3820      581.5493   283      844.3797      575.4605   158480   31.85%
   4338  3820      593.7324   316      844.3797      575.4605   158653   31.85%
   4339  3820      574.7878   346      844.3797      575.4605   158733   31.85%
   4340  3820      581.6270   308      844.3797      575.4605   158889   31.85%
   4341  3820      601.7844   296      844.3797      575.4605   159250   31.85%
   4342  3821      710.4784   287      844.3797      575.4605   161530   31.85%
Elapsed time = 44.91 sec. (39110.75 ticks, tree = 373.11 MB, solutions = 5)
   4347  3822      731.9459   243      844.3797      575.4605   162940   31.85%
   4348  3823      583.2303   244      844.3797      575.4605   163568   31.85%
   4349  3824      582.9882   238      844.3797      575.4605   164465   31.85%
   4350  3825      626.3657   297      844.3797      575.4605   165058   31.85%
   4351  3826      763.0559   277      844.3797      575.4605   166760   31.85%
   4352  3827      588.9458   162      844.3797      575.4605   167230   31.85%
   4353  3827      723.0226   240      844.3797      575.4605   169277   31.85%
   4354  3827      611.6773   279      844.3797      575.4605   170495   31.85%
   4355  3827      742.5638   239      844.3797      575.4605   170889   31.85%
   4356  3828      781.2964   232      844.3797      575.4605   171802   31.85%
Elapsed time = 48.12 sec. (42045.10 ticks, tree = 372.53 MB, solutions = 5)
   4357  3829      585.7792   185      844.3797      575.4605   173573   31.85%
   4358  3830      599.6393   101      844.3797      575.4605   175688   31.85%
   4359  3831      630.0540   268      844.3797      575.4605   178069   31.85%
   4360  3832      727.3722   307      844.3797      575.4605   180957   31.85%
   4361  3832      592.1428   134      844.3797      575.4605   183775   31.85%
   4362  3833      735.2493   252      844.3797      575.4605   187053   31.85%
   4363  3833      618.4978   254      844.3797      575.4605   189118   31.85%
   4364  3834      754.3475   207      844.3797      575.4605   191705   31.85%
   4365  3834      797.2012   287      844.3797      575.4605   194153   31.85%
   4366  3835      773.5110   263      844.3797      575.4605   197180   31.85%
Elapsed time = 50.98 sec. (46133.69 ticks, tree = 372.23 MB, solutions = 5)
   4377  3839      642.0599   271      844.3797      575.4605   204793   31.85%
   4380  3842      630.2489   271      844.3797      575.4605   205147   31.85%
   4382  3843      592.1663   133      844.3797      575.4605   205352   31.85%
   4385  3770        cutoff            844.3797      575.4605   207397   31.85%
   4386  3696        cutoff            844.3797      575.4605   207557   31.85%
   4388  3698      586.0215   212      844.3797      575.4605   207743   31.85%
   4392  3699      783.0738   290      844.3797      575.4605   209385   31.85%
   4393  3699      810.3152   287      844.3797      575.4605   209528   31.85%
   4395  3701      586.0413   183      844.3797      575.4605   209614   31.85%
   4447  3623      655.0639   205      844.3797      575.4605   222212   31.85%
Elapsed time = 54.87 sec. (49972.88 ticks, tree = 344.42 MB, solutions = 5)
   4657  3726      626.9080   163      844.3797      575.4605   268915   31.85%
   4659  3727      644.1165   124      844.3797      575.4605   269557   31.85%
   4663  3729      591.4700   111      844.3797      575.4605   270971   31.85%
   4664  3730      632.0096   227      844.3797      575.4605   270974   31.85%
   4665  3731      787.7287   285      844.3797      575.4605   271285   31.85%
   4667  3720      866.5075   271      844.3797      575.4605   272954   31.85%
   4668  3721      618.2948   220      844.3797      575.4605   273155   31.85%
   4669  3721      660.1627   248      844.3797      575.4605   273166   31.85%
   4670  3722      748.4950   215      844.3797      575.4605   273220   31.85%
   4671  3722      592.0197   248      844.3797      575.4605   273481   31.85%
Elapsed time = 59.62 sec. (54786.35 ticks, tree = 333.29 MB, solutions = 5)
   4985  3783      602.2575   206      844.3797      575.4605   327550   31.85%
   4987  3785      592.4719   299      844.3797      575.4605   327826   31.85%
   4988  3786      638.5045   167      844.3797      575.4605   328617   31.85%
   4995  3790      585.8783   247      844.3797      575.4605   329097   31.85%
   4997  3792      633.7377   204      844.3797      575.4605   329532   31.85%
   5003  3796      597.2583   107      844.3797      575.4605   332405   31.85%
   5004  3797      585.8982   235      844.3797      575.4605   332413   31.85%
   5006  3798      644.8539   124      844.3797      575.4605   332633   31.85%
   5008  3800      683.1749    89      844.3797      575.4605   332812   31.85%
   5010  3801      647.3579   273      844.3797      575.4605   332871   31.85%
Elapsed time = 64.52 sec. (58620.38 ticks, tree = 312.00 MB, solutions = 5)
   5328  3937      671.2097   265      844.3797      575.4605   384643   31.85%
   5353  3950      708.3461   249      844.3797      575.4605   387756   31.85%
   5458  4019      669.7928   142      844.3797      575.4605   400574   31.85%
   5495  4039      627.7606    46      844.3797      575.4605   403667   31.85%
   5496  4040      680.0939    69      844.3797      575.4605   403794   31.85%
   5497  4041      662.0053   115      844.3797      575.4605   403796   31.85%
   5498  4042      612.6454   168      844.3797      575.4605   403936   31.85%
   5499  4043      679.3904    82      844.3797      575.4605   404847   31.85%
   5500  4044      590.0396   177      844.3797      575.4605   404860   31.85%
   5501  4045      689.3814    52      844.3797      575.4605   404937   31.85%
Elapsed time = 67.70 sec. (63029.35 ticks, tree = 293.85 MB, solutions = 5)
   5911  4274      636.8222   133      844.3797      575.4605   466243   31.85%
   5915  4276      657.4227    51      844.3797      575.4605   466508   31.85%
   5921  4281      619.2751    49      844.3797      575.4605   466776   31.85%
   5925  4283      657.6131    49      844.3797      575.4605   467154   31.85%
   5931  4285      619.8374   164      844.3797      575.4605   468283   31.85%
   5935  4289      657.8144    48      844.3797      575.4605   468538   31.85%
   5936  4289      706.2109   177      844.3797      575.4605   468876   31.85%
   5941  4287      634.5384    50      844.3797      575.4605   469615   31.85%
   5943  4288      638.2438   179      844.3797      575.4605   471729   31.85%
   5945  4290      657.8290    36      844.3797      575.4605   471824   31.85%
Elapsed time = 71.33 sec. (66978.36 ticks, tree = 278.41 MB, solutions = 5)
   6495  4583      700.3908   135      844.3797      579.6395   539034   31.35%
   6505  4588      793.6185   156      844.3797      579.6395   540209   31.35%
   6515  4593      793.6262   158      844.3797      579.6395   541218   31.35%
   6517  4594      644.9275    41      844.3797      579.6395   541843   31.35%
   6525  4599      794.1774   158      844.3797      579.6395   542046   31.35%
   6527  4600      644.9275    43      844.3797      579.6395   542497   31.35%
   6535  4605      794.3376   123      844.3797      579.6395   543647   31.35%
   6537  4607      644.9275    43      844.3797      579.6395   543726   31.35%
   6545  4604      797.2818   123      844.3797      579.6395   544537   31.35%
   6547  4604      645.9667    61      844.3797      579.6395   544814   31.35%
Elapsed time = 75.76 sec. (71063.51 ticks, tree = 255.43 MB, solutions = 5)
*  6699  3835      integral     0      611.5163      579.6395   560503    5.21%
   6944  1998      588.1649   100      611.5163      580.0298   589396    5.15%
   6947  2000      587.6741   288      611.5163      580.0298   589932    5.15%
   6954  1997      588.4024   104      611.5163      580.0298   591027    5.15%
   6957  1998      587.7771   286      611.5163      580.0298   591114    5.15%
   6958  1998      590.8342   302      611.5163      580.0298   591495    5.15%
   6963  1999      595.5702   255      611.5163      580.0298   593189    5.15%
   6964  2000      588.7256   109      611.5163      580.0298   593299    5.15%
   6967  2001      588.5373   296      611.5163      580.0298   593804    5.15%
   6968  2001      590.0518   186      611.5163      580.0298   593929    5.15%
   6973  2002      596.8830   220      611.5163      580.0298   594548    5.15%
Elapsed time = 79.60 sec. (75097.18 ticks, tree = 142.05 MB, solutions = 6)
*  7138+ 1566                          604.0133      580.0298             3.97%
   8297  1567      601.7058   139      604.0133      583.9914   707000    3.31%
   8307  1570      601.7058   141      604.0133      583.9914   707963    3.31%
   8311  1572      588.5252   192      604.0133      583.9914   708585    3.31%
   8317  1576      603.4999   137      604.0133      583.9914   709117    3.31%
   8321  1578      588.2940   237      604.0133      583.9914   709282    3.31%
   8327  1582      603.4999   139      604.0133      583.9914   709685    3.31%
   8331  1584      588.2940   237      604.0133      583.9914   710001    3.31%
   8337  1584        cutoff            604.0133      583.9914   710294    3.31%
   8341  1587      591.1094   141      604.0133      583.9914   710984    3.31%
   8347  1586    infeasible            604.0133      583.9914   711143    3.31%
Elapsed time = 83.89 sec. (79029.65 ticks, tree = 28.50 MB, solutions = 7)
*  8779  1660      integral     0      604.0053      583.9914   742915    3.31%
*  8896+ 1711                          603.5444      583.9914             3.24%
*  9660+ 2275                          595.7242      586.6929             1.52%
* 10432  2438      integral     0      588.8760      586.6929   848035    0.37%
  10882  2402        cutoff            588.8760      586.6929   876558    0.37%
  10891  2404    infeasible            588.8760      586.6929   877073    0.37%
  10900  2405      592.5949   246      588.8760      586.6929   877801    0.37%
  10909  2406      592.5950   221      588.8760      586.6929   878217    0.37%
  10918  2406      592.5950   224      588.8760      586.6929   878828    0.37%
  10919  2407      592.3045   277      588.8760      586.6929   879296    0.37%
  10927  2407        cutoff            588.8760      586.6929   879475    0.37%
  10928  2408      592.5947   286      588.8760      586.6929   879699    0.37%
  10936  2406        cutoff            588.8760      586.6929   880328    0.37%
  10937  2407      594.1770   288      588.8760      586.6929   880553    0.37%
Elapsed time = 90.69 sec. (82927.36 ticks, tree = 9.70 MB, solutions = 9)

GUB cover cuts applied:  15
Clique cuts applied:  3
Implied bound cuts applied:  302
Flow cuts applied:  27
Mixed integer rounding cuts applied:  149
Zero-half cuts applied:  376
Gomory fractional cuts applied:  122

Root node processing (before b&c):
  Real time             =    2.69 sec. (1956.13 ticks)
Parallel b&c, 10 threads:
  Real time             =   88.10 sec. (83111.74 ticks)
  Sync time (average)   =   15.78 sec.
  Wait time (average)   =   16.25 sec.
                          ------------
Total (root+branch&cut) =   90.79 sec. (85067.88 ticks)
Status: Optimal
Obj: 588.876
Vehicles: 3
Time: 90.795
