Tried aggregator 3 times.
MIP Presolve eliminated 182552 rows and 134691 columns.
MIP Presolve modified 43130 coefficients.
Aggregator did 361 substitutions.
Reduced MIP has 14939 rows, 64505 columns, and 282036 nonzeros.
Reduced MIP has 63118 binaries, 0 generals, 0 SOSs, and 0 indicators.
Presolve time = 0.70 sec. (513.38 ticks)
Found incumbent of value 2494.711311 after 1.24 sec. (879.59 ticks)
Probing time = 0.34 sec. (41.41 ticks)
Tried aggregator 2 times.
MIP Presolve eliminated 19 rows and 19 columns.
MIP Presolve modified 8721 coefficients.
Aggregator did 19 substitutions.
Reduced MIP has 14901 rows, 64467 columns, and 281827 nonzeros.
Reduced MIP has 63099 binaries, 0 generals, 0 SOSs, and 0 indicators.
Presolve time = 0.34 sec. (200.18 ticks)
Probing time = 0.12 sec. (36.60 ticks)
Clique table members: 159760.
MIP emphasis: balance optimality and feasibility.
MIP search method: dynamic search.
Parallel mode: deterministic, using up to 10 threads.
Root relaxation solution time = 0.47 sec. (368.90 ticks)

        Nodes                                         Cuts/
   Node  Left     Objective  IInf  Best Integer    Best Bound    ItCnt     Gap

*     0+    0                         2494.7113        0.0000           100.00%
      0     0     1578.6015   239     2494.7113     1578.6015        0   36.72%
*     0+    0                         1670.3798     1578.6015             5.49%
      0     0     1578.6015   208     1670.3798     Cuts: 100      196    5.49%
      0     0     1578.6015   209     1670.3798     Cuts: 116      405    5.49%
*     0+    0                         1668.7302     1578.6015             5.40%
      0     0     1578.6015   221     1668.7302      Cuts: 69      624    5.40%
*     0+    0                         1649.5513     1578.6015             4.30%
*     0+    0                         1636.7106     1578.6015             3.55%
      0     2     1578.6015   221     1636.7106     1578.6015      624    3.55%
Elapsed time = 14.79 sec. (11703.32 ticks, tree = 0.00 MB, solutions = 5)
      3     5     1589.9843   181     1636.7106     1578.6015      905    3.55%
      4     6     1589.9843   173     1636.7106     1578.6015      984    3.55%
      5     7     1578.6015   160     1636.7106     1578.6015     1142    3.55%
      6     8     1589.9843   190     1636.7106     1578.6015     1608    3.55%
      7     9     1590.7017   184     1636.7106     1578.6015     1974    3.55%
      8    10     1590.7017   174     1636.7106     1578.6015     2000    3.55%
      9    11     1583.6880   121     1636.7106     1578.6015     2618    3.55%
     10    12     1592.6923   185     1636.7106     1578.6015     3167    3.55%
     11    13     1590.7017   166     1636.7106     1578.6015     3530    3.55%
     12    14     1595.0708   137     1636.7106     1578.6015     4051    3.55%
Elapsed time = 15.92 sec. (12770.78 ticks, tree = 0.00 MB, solutions = 5)
     19    21     1592.2607   142     1636.7106     1578.6015     5867    3.55%
     20    22     1591.5433   133     1636.7106     1578.6015     5971    3.55%
     29    31     1586.5087   107     1636.7106     1578.6015     8550    3.55%
     30    32     1602.9261   152     1636.7106     1578.6015     9057    3.55%
     31    33     1593.7158   142     1636.7106     1578.6015     9699    3.55%
     32    34     1597.9155   100     1636.7106     1578.6015    10191    3.55%
     33    35     1592.2607   118     1636.7106     1578.6015    10399    3.55%
     34    36     1591.5433   126     1636.7106     1578.6015    10624    3.55%
     35    37     1595.4254   130     1636.7106     1578.6015    11043    3.55%
     36    38     1597.2380   157     1636.7106     1578.6015    11322    3.55%
Elapsed time = 17.65 sec. (14260.36 ticks, tree = 0.00 MB, solutions = 5)
     66    68     1605.5881   146     1636.7106     1578.6015    19850    3.55%
     74    76     1590.4653   129     1636.7106     1578.6015    22767    3.55%
     75    77     1617.0194    91     1636.7106     1578.6015    23224    3.55%
     76    78     1596.8085   128     1636.7106     1578.6015    23627    3.55%
     77    79     1600.4382    96     1636.7106     1578.6015    24040    3.55%
     78    80     1596.7288   138     1636.7106     1578.6015    24205    3.55%
     79    81     1615.4102   100     1636.7106     1578.6015    24436    3.55%
     80    82     1603.3110    65     1636.7106     1578.6015    24835    3.55%
     81    83     1605.6634   111     1636.7106     1578.6015    25498    3.55%
     82    84     1602.3245   128     1636.7106     1578.6015    25763    3.55%
Elapsed time = 21.93 sec. (15469.56 ticks, tree = 0.00 MB, solutions = 5)
     84    86     1587.2568    69     1636.7106     1578.6015    26494    3.55%
     85    87     1631.6128   136     1636.7106     1578.6015    27786    3.55%
     86    88     1597.3218   119     1636.7106     1578.6015    28453    3.55%
     87    89     1600.4382    82     1636.7106     1578.6015    28721    3.55%
     88    90     1613.1223    72     1636.7106     1578.6015    29404    3.55%
     89    91     1615.4102    85     1636.7106     1578.6015    30462    3.55%
     90    92     1607.2564    72     1636.7106     1578.6015    31123    3.55%
     91    93     1605.6634    79     1636.7106     1578.6015    31479    3.55%
     92    94     1602.6897   109     1636.7106     1578.6015    32306    3.55%
     93    95     1619.3774   111     1636.7106     1578.6015    33008    3.55%
Elapsed time = 22.46 sec. (17028.30 ticks, tree = 0.00 MB, solutions = 5)
    126   124     1613.6215    64     1636.7106     1578.6015    62871    3.55%
    128   124     1608.8402   127     1636.7106     1578.6015    63148    3.55%
    130   126     1620.9416    97     1636.7106     1578.6015    63567    3.55%
    131   127     1583.9024   131     1636.7106     1578.6015    64048    3.55%
    133   127     1592.7136    82     1636.7106     1578.6015    65578    3.55%
    134   128     1620.3023   118     1636.7106     1578.6015    66228    3.55%
    135   129     1602.0906    60     1636.7106     1578.6015    66229    3.55%
    136   130     1605.1276    57     1636.7106     1578.6015    66380    3.55%
    137   131     1615.4106    66     1636.7106     1578.6015    66683    3.55%
    138   132     1587.0439   125     1636.7106     1578.6015    66816    3.55%
Elapsed time = 23.95 sec. (18772.24 ticks, tree = 0.00 MB, solutions = 5)
    213   203     1596.6368    89     1636.7106     1578.6015    84108    3.55%
    227   213     1591.7647    82     1636.7106     1578.6015    86285    3.55%
    232   216     1591.5654   109     1636.7106     1578.6015    86967    3.55%
    261   229     1614.5949    69     1636.7106     1578.6015    90738    3.55%
    268   234     1616.3906    54     1636.7106     1578.6015    91884    3.55%
    275   241     1625.5199    89     1636.7106     1578.6015    93333    3.55%
    277   243     1592.7919   126     1636.7106     1578.6015    93966    3.55%
    291   251     1606.0773   193     1636.7106     1578.6015    97570    3.55%
    298   256     1614.0981   111     1636.7106     1578.6015    98310    3.55%
    302   258     1611.6604    84     1636.7106     1578.6015    99086    3.55%
Elapsed time = 25.48 sec. (19819.93 ticks, tree = 0.00 MB, solutions = 5)
    338   280     1596.4661    87     1636.7106     1578.6015   109062    3.55%
    340   282     1615.8055    40     1636.7106     1578.6015   109818    3.55%
    342   284     1598.8094   103     1636.7106     1578.6015   110634    3.55%
    347   289     1593.8039    81     1636.7106     1578.6015   112181    3.55%
    348   290     1599.2095    83     1636.7106     1578.6015   112433    3.55%
    350   292     1603.1911    67     1636.7106     1578.6015   112809    3.55%
    352   294     1602.4159   117     1636.7106     1578.6015   113929    3.55%
    353   295     1619.7748    64     1636.7106     1578.6015   114424    3.55%
    355   297     1595.2335    78     1636.7106     1578.6015   114755    3.55%
*   357+  291                         1624.8003     1578.6015             2.84%
    357   293     1597.6821    91     1624.8003     1578.6015   115747    2.84%
Elapsed time = 26.57 sec. (21156.06 ticks, tree = 0.00 MB, solutions = 5)
*   411+  331                         1619.5069     1578.6015             2.53%
    429   269     1595.2476   159     1619.5069     1578.6015   131906    2.53%
    430   270     1600.9881    43     1619.5069     1578.6015   132026    2.53%
    431   271     1599.2799    48     1619.5069     1578.6015   132453    2.53%
    432   271     1612.0124     4     1619.5069     1578.6015   132464    2.53%
    433   272     1602.3724    30     1619.5069     1578.6015   132538    2.53%
    434   271        cutoff           1619.5069     1578.6015   132561    2.53%
    435   272     1608.6233    79     1619.5069     1578.6015   132735    2.53%
    436   273     1600.9760   114     1619.5069     1578.6015   133159    2.53%
    437   274     1606.4473    65     1619.5069     1578.6015   133299    2.53%
    438   275     1597.6526   100     1619.5069     1578.6015   133491    2.53%
Elapsed time = 28.04 sec. (22367.76 ticks, tree = 0.00 MB, solutions = 9)
*   442   277      integral     0     1618.2898     1578.6015   134356    2.45%
    526   327     1603.8864   115     1618.2898     1578.6015   150307    2.45%
    529   328     1613.0763   127     1618.2898     1578.6015   151728    2.45%
    536   329     1604.6350   108     1618.2898     1578.6015   152145    2.45%
    539   332     1618.6450   152     1618.2898     1578.6015   152657    2.45%
    546   331        cutoff           1618.2898     1578.6015   153094    2.45%
    549   332        cutoff           1618.2898     1578.6015   153593    2.45%
    556   335     1609.0226    75     1618.2898     1578.6015   154249    2.45%
    559   334    infeasible           1618.2898     1578.6015   154575    2.45%
    566   339     1609.6306    91     1618.2898     1578.6015   156199    2.45%
    569   340     1595.5608    38     1618.2898     1578.6015   156460    2.45%
Elapsed time = 29.58 sec. (23772.63 ticks, tree = 0.00 MB, solutions = 9)
*   604   363      integral     0     1616.5725     1578.6015   163962    2.35%
*   612   365      integral     0     1616.3606     1578.6015   165719    2.34%
    718   408     1607.9805   119     1616.3606     1583.1475   183465    2.05%
    719   409     1606.6999    78     1616.3606     1583.1475   183553    2.05%
    721   409     1592.4244   115     1616.3606     1583.1475   183629    2.05%
    722   410     1594.7551    68     1616.3606     1583.1475   183717    2.05%
    723   411     1597.0720   162     1616.3606     1583.1475   183856    2.05%
    725   411     1603.4914    58     1616.3606     1583.1475   184331    2.05%
    726   412     1594.9774   104     1616.3606     1583.1475   184985    2.05%
    727   413     1612.8359    79     1616.3606     1583.1475   185197    2.05%
    728   414     1608.0851   135     1616.3606     1583.1475   185643    2.05%
    874   498     1592.9769    97     1616.3606     1588.2339   209903    1.74%
Elapsed time = 35.81 sec. (27604.27 ticks, tree = 2.55 MB, solutions = 12)
*   887   499      integral     0     1615.9183     1588.2339   211503    1.71%
*  1064   602      integral     0     1615.3876     1588.2339   238086    1.68%
*  1154   645      integral     0     1614.8898     1588.2339   249758    1.65%
   1700   849     1600.9697   171     1614.8898     1589.5571   343658    1.57%
   1710   855        cutoff           1614.8898     1589.5571   346094    1.57%
   1720   865     1604.0624   146     1614.8898     1589.5571   348033    1.57%
   1730   870     1608.8452   126     1614.8898     1589.5571   350193    1.57%
   1740   873        cutoff           1614.8898     1589.5571   351520    1.57%
   1750   869    infeasible           1614.8898     1589.5571   352819    1.57%
   1752   869        cutoff           1614.8898     1589.5571   352939    1.57%
   1753   870     1604.4001    85     1614.8898     1589.5571   353228    1.57%
   1757   866        cutoff           1614.8898     1589.5571   353527    1.57%
   1760   869     1596.8583   117     1614.8898     1589.5571   354208    1.57%
Elapsed time = 41.08 sec. (32090.15 ticks, tree = 7.79 MB, solutions = 15)
   2674  1208     1597.4634   157     1614.8898     1595.6708   498636    1.19%
   2684  1208        cutoff           1614.8898     1595.6708   499693    1.19%
   2691  1213     1610.9323    87     1614.8898     1595.6708   501569    1.19%
   2694  1214     1612.7214   126     1614.8898     1595.6708   502277    1.19%
   2701  1215        cutoff           1614.8898     1595.6708   502984    1.19%
   2704  1214    infeasible           1614.8898     1595.6708   503304    1.19%
   2711  1215        cutoff           1614.8898     1595.6708   504476    1.19%
   2714  1212    infeasible           1614.8898     1595.6708   504653    1.19%
   2721  1215     1599.0981    94     1614.8898     1595.6708   505792    1.19%
   2724  1218     1597.5278   129     1614.8898     1595.6708   506787    1.19%
Elapsed time = 46.40 sec. (36403.04 ticks, tree = 12.53 MB, solutions = 15)
   3150  1334     1601.7839   139     1614.8898     1596.8583   572955    1.12%
   3169  1332     1598.0998   183     1614.8898     1596.8583   575987    1.12%
   3182  1331     1600.9377    93     1614.8898     1596.8583   578029    1.12%
   3185  1332     1597.7787   162     1614.8898     1596.8583   578601    1.12%
   3203  1334     1604.9291    58     1614.8898     1596.8583   580837    1.12%
   3205  1334        cutoff           1614.8898     1596.8583   580882    1.12%
   3210  1337     1606.3936    72     1614.8898     1596.8583   581179    1.12%
   3214  1338     1607.0532    66     1614.8898     1596.8583   581822    1.12%
   3218  1339     1610.6607    60     1614.8898     1596.8583   582046    1.12%
   3221  1339     1607.6695    93     1614.8898     1596.8583   582191    1.12%
Elapsed time = 55.92 sec. (40219.07 ticks, tree = 13.85 MB, solutions = 15)
   3623  1401     1612.0108    48     1614.8898     1597.4185   658878    1.08%
   3627  1401     1600.1037    86     1614.8898     1597.4185   659059    1.08%
   3633  1401     1613.6554    74     1614.8898     1597.4185   660299    1.08%
   3637  1403     1611.1799    74     1614.8898     1597.4185   661275    1.08%
   3643  1407     1614.1861    77     1614.8898     1597.4185   662864    1.08%
   3647  1409    infeasible           1614.8898     1597.4185   663912    1.08%
   3653  1410     1614.1861    79     1614.8898     1597.4185   664426    1.08%
   3657  1409        cutoff           1614.8898     1597.4185   664751    1.08%
   3663  1411        cutoff           1614.8898     1597.4185   666024    1.08%
   3667  1409        cutoff           1614.8898     1597.4185   666141    1.08%
Elapsed time = 58.59 sec. (44172.50 ticks, tree = 13.13 MB, solutions = 15)
   4421  1462     1612.6911   118     1614.8898     1598.3017   827943    1.03%
   4607  1481     1601.7582    88     1614.8898     1598.3017   865585    1.03%
   4668  1499     1611.9393   162     1614.8898     1598.3017   878002    1.03%
   4670  1497    infeasible           1614.8898     1600.2178   878148    0.91%
   4671  1496        cutoff           1614.8898     1600.2178   878149    0.91%
   4672  1495        cutoff           1614.8898     1600.2178   878286    0.91%
   4673  1496     1610.1156   105     1614.8898     1600.2178   878664    0.91%
   4674  1497     1609.3344   106     1614.8898     1600.2178   879010    0.91%
   4675  1498     1611.1109    87     1614.8898     1600.2178   879559    0.91%
   4676  1497    infeasible           1614.8898     1600.2178   879576    0.91%
Elapsed time = 63.89 sec. (48055.72 ticks, tree = 9.76 MB, solutions = 15)
*  4758  1494      integral     0     1611.9734     1600.2178   892608    0.73%
   5417  1255     1606.8261   112     1611.9734     1602.2853  1005363    0.60%
   5424  1254     1608.5329   136     1611.9734     1602.2853  1006114    0.60%
   5427  1255        cutoff           1611.9734     1602.2853  1006528    0.60%
   5433  1253     1607.5477   161     1611.9734     1602.2853  1007960    0.60%
   5434  1254     1608.5329   103     1611.9734     1602.2853  1008062    0.60%
   5435  1253    infeasible           1611.9734     1602.2853  1008079    0.60%
   5437  1255     1611.5748   136     1611.9734     1602.2853  1008940    0.60%
   5440  1258     1605.2149    73     1611.9734     1602.2853  1009575    0.60%
   5443  1257        cutoff           1611.9734     1602.2853  1009740    0.60%
   5444  1256    infeasible           1611.9734     1602.2853  1009840    0.60%
Elapsed time = 68.79 sec. (51916.84 ticks, tree = 0.01 MB, solutions = 17)
   7148   873     1606.5208    60     1611.9734     1605.4766  1217466    0.40%
   7150   871        cutoff           1611.9734     1605.4766  1217492    0.40%
   7151   870        cutoff           1611.9734     1605.4766  1217576    0.40%
   7158   863        cutoff           1611.9734     1605.4766  1217899    0.40%
   7159   862        cutoff           1611.9734     1605.4766  1217943    0.40%
   7160   861        cutoff           1611.9734     1605.4766  1218023    0.40%
   7161   862     1605.8445    56     1611.9734     1605.4766  1218031    0.40%
   7162   861    infeasible           1611.9734     1605.4766  1218063    0.40%
   7163   860    infeasible           1611.9734     1605.4766  1218063    0.40%
   7164   859        cutoff           1611.9734     1605.4766  1218100    0.40%
Elapsed time = 73.79 sec. (55805.13 ticks, tree = 0.01 MB, solutions = 17)

Cover cuts applied:  13
Implied bound cuts applied:  772
Flow cuts applied:  11
Mixed integer rounding cuts applied:  74
Gomory fractional cuts applied:  20

Root node processing (before b&c):
  Real time             =   14.60 sec. (11663.47 ticks)
Parallel b&c, 10 threads:
  Real time             =   62.75 sec. (47952.71 ticks)
  Sync time (average)   =    9.88 sec.
  Wait time (average)   =   10.65 sec.
                          ------------
Total (root+branch&cut) =   77.35 sec. (59616.17 ticks)
Status: Optimal
Obj: 1611.97
Vehicles: 16
Time: 77.35
