Tried aggregator 1 time.
MIP Presolve eliminated 42822 rows and 33852 columns.
MIP Presolve modified 183768 coefficients.
Reduced MIP has 92582 rows, 102687 columns, and 672464 nonzeros.
Reduced MIP has 101400 binaries, 0 generals, 0 SOSs, and 0 indicators.
Presolve time = 0.46 sec. (304.34 ticks)
Found incumbent of value 2494.711311 after 1.08 sec. (771.38 ticks)
Probing time = 0.34 sec. (53.54 ticks)
Tried aggregator 1 time.
Reduced MIP has 92582 rows, 102687 columns, and 672464 nonzeros.
Reduced MIP has 101400 binaries, 0 generals, 0 SOSs, and 0 indicators.
Presolve time = 0.42 sec. (251.51 ticks)
Probing time = 0.17 sec. (47.15 ticks)
Clique table members: 387134.
MIP emphasis: balance optimality and feasibility.
MIP search method: dynamic search.
Parallel mode: deterministic, using up to 10 threads.
Root relaxation solution time = 2.04 sec. (954.99 ticks)

        Nodes                                         Cuts/
   Node  Left     Objective  IInf  Best Integer    Best Bound    ItCnt     Gap

*     0+    0                         2494.7113        0.0000           100.00%
      0     0      652.3897   235     2494.7113      652.3897        0   73.85%
      0     0      654.3430   355     2494.7113    Cuts: 2894     1161   73.77%
      0     0      654.3430   312     2494.7113    Cuts: 2614     1833   73.77%
      0     0      654.3430   278     2494.7113    Cuts: 2007     2081   73.77%
      0     0      654.3430   240     2494.7113     Cuts: 991     2354   73.77%
      0     0      654.3430   229     2494.7113     Cuts: 956     2646   73.77%
      0     0      654.3430   237     2494.7113    Cuts: 1451     2950   73.77%
      0     0      654.3430   216     2494.7113     Cuts: 624     3273   73.77%
      0     0      654.3430   222     2494.7113     Cuts: 981     3346   73.77%
      0     2      654.3430   222     2494.7113      654.3430     3346   73.77%
Elapsed time = 64.05 sec. (40666.17 ticks, tree = 0.00 MB, solutions = 1)
      1     3      683.2841   269     2494.7113      654.3430     5680   73.77%
      2     4      663.8816   278     2494.7113      654.3430     6559   73.77%
      3     5      672.9395   288     2494.7113      663.8816     6743   73.39%
      4     6      688.0088   221     2494.7113      663.8816     7630   73.39%
      5     7      703.8146   282     2494.7113      663.8816     8229   73.39%
      6     8      684.4121   244     2494.7113      663.8816     8653   73.39%
      7     9      688.9830   218     2494.7113      663.8816     8803   73.39%
      8    10      706.3734   282     2494.7113      663.8816     8908   73.39%
      9    11      703.8646   306     2494.7113      663.8816     9060   73.39%
     10    12      673.7784   260     2494.7113      672.9395     9223   73.03%
Elapsed time = 74.30 sec. (48499.23 ticks, tree = 0.00 MB, solutions = 1)
     16    18      691.2136   208     2494.7113      672.9395    11267   73.03%
     17    19      707.6896   257     2494.7113      672.9395    11605   73.03%
     20    22      676.3386   233     2494.7113      672.9395    12802   73.03%
     21    23      692.5074   220     2494.7113      672.9395    13861   73.03%
     22    24      709.3763   267     2494.7113      672.9395    14895   73.03%
     23    25      695.0976   242     2494.7113      672.9395    15926   73.03%
     24    26      710.1934   263     2494.7113      672.9395    16939   73.03%
     25    27      713.5270   262     2494.7113      672.9395    17928   73.03%
     26    28      706.9498   263     2494.7113      672.9395    18799   73.03%
     27    29      753.2194   267     2494.7113      672.9395    19634   73.03%
Elapsed time = 81.64 sec. (51622.50 ticks, tree = 0.00 MB, solutions = 1)
     33    35      744.2841   291     2494.7113      672.9395    22913   73.03%
     34    36      752.6827   276     2494.7113      672.9395    23774   73.03%
     35    37      710.0693   260     2494.7113      672.9395    24285   73.03%
     36    38      754.6169   242     2494.7113      672.9395    24944   73.03%
     37    39      748.0796   253     2494.7113      672.9395    25540   73.03%
     38    40      676.4483   307     2494.7113      672.9395    26107   73.03%
     39    41      698.3111   194     2494.7113      672.9395    26286   73.03%
     40    42      747.3889   287     2494.7113      672.9395    26741   73.03%
     41    43      698.4704   214     2494.7113      672.9395    26931   73.03%
     42    44      699.8124   209     2494.7113      672.9395    27027   73.03%
Elapsed time = 86.00 sec. (53991.33 ticks, tree = 0.00 MB, solutions = 1)
     43    45      682.7089   256     2494.7113      672.9395    28198   73.03%
     44    46      699.2791   199     2494.7113      672.9395    28559   73.03%
     45    47      721.3244   260     2494.7113      672.9395    29369   73.03%
     46    48      726.8603   258     2494.7113      672.9395    31541   73.03%
     47    49      715.5476   288     2494.7113      672.9395    32599   73.03%
     48    50      721.4605   281     2494.7113      672.9395    33400   73.03%
     49    51      742.4710   293     2494.7113      672.9395    35644   73.03%
     50    52      763.0555   273     2494.7113      672.9395    37099   73.03%
     51    53      748.9296   307     2494.7113      672.9395    38063   73.03%
     52    54      692.9459   236     2494.7113      672.9395    38538   73.03%
Elapsed time = 98.58 sec. (61692.28 ticks, tree = 0.00 MB, solutions = 1)
     86    84      693.4862   267     2494.7113      672.9395    49406   73.03%
     89    87      741.8714   249     2494.7113      672.9395    49928   73.03%
     90    88      712.8783   238     2494.7113      672.9395    50225   73.03%
     92    90      733.1423   285     2494.7113      672.9395    50872   73.03%
     93    91      753.6554   243     2494.7113      672.9395    51310   73.03%
     95    93      763.3433   233     2494.7113      672.9395    51733   73.03%
     96    94      693.3021   222     2494.7113      672.9395    52067   73.03%
     99    97      728.5147   269     2494.7113      672.9395    53016   73.03%
    100    98      706.1271   258     2494.7113      672.9395    53400   73.03%
    101    99      754.3664   271     2494.7113      672.9395    53557   73.03%
Elapsed time = 113.38 sec. (62648.10 ticks, tree = 0.00 MB, solutions = 1)
    102   100      743.7622   255     2494.7113      672.9395    53705   73.03%
    106   104      693.6425   216     2494.7113      672.9395    54665   73.03%
    107   105      688.2093   226     2494.7113      672.9395    55062   73.03%
    109   107      753.3793   238     2494.7113      672.9395    55469   73.03%
    110   108      703.7751   202     2494.7113      672.9395    55547   73.03%
    112   110      736.3363   333     2494.7113      672.9395    56031   73.03%
    113   111      746.1354   288     2494.7113      672.9395    56246   73.03%
    114   112      758.8011   238     2494.7113      672.9395    56436   73.03%
    116   114      694.3061   201     2494.7113      672.9395    56643   73.03%
    118   114      732.8640   306     2494.7113      672.9395    57295   73.03%
Elapsed time = 118.55 sec. (67292.16 ticks, tree = 0.00 MB, solutions = 1)
    130   126      742.6233   258     2494.7113      672.9395    61407   73.03%
    132   128      761.9595   200     2494.7113      672.9395    62020   73.03%
    133   129      775.8814   215     2494.7113      672.9395    62191   73.03%
    142   136      755.0341   292     2494.7113      672.9395    66486   73.03%
    161   153      711.8855   217     2494.7113      672.9395    70405   73.03%
    165   157      752.5244   314     2494.7113      672.9395    71205   73.03%
    169   161      740.7818   333     2494.7113      672.9395    72054   73.03%
    172   162      770.4585   249     2494.7113      672.9395    73565   73.03%
    175   165      754.9669   239     2494.7113      672.9395    74266   73.03%
    182   170      798.1506   204     2494.7113      672.9395    75205   73.03%
Elapsed time = 125.62 sec. (68407.40 ticks, tree = 0.00 MB, solutions = 1)
    185   171    infeasible           2494.7113      672.9395    76635   73.03%
    186   172      688.2093   262     2494.7113      672.9395    77161   73.03%
    187   173      815.0679   196     2494.7113      672.9395    77541   73.03%
    188   174      742.2418   280     2494.7113      672.9395    78176   73.03%
    189   175      725.5675   214     2494.7113      672.9395    78850   73.03%
    190   176      758.4939   248     2494.7113      672.9395    79487   73.03%
    191   177      745.3271   261     2494.7113      672.9395    80243   73.03%
    192   178      739.1990   283     2494.7113      672.9395    80827   73.03%
    193   179      762.0143   213     2494.7113      672.9395    81248   73.03%
    194   180      781.2712   218     2494.7113      672.9395    81831   73.03%
Elapsed time = 130.34 sec. (73731.60 ticks, tree = 0.00 MB, solutions = 1)
    198   184      740.9468   262     2494.7113      672.9395    83571   73.03%
    199   185      727.6602   233     2494.7113      672.9395    83967   73.03%
    201   187      759.9823   257     2494.7113      672.9395    84697   73.03%
    208   192      742.2038   254     2494.7113      672.9395    85435   73.03%
    209   193      727.1316   233     2494.7113      672.9395    85620   73.03%
    210   194      765.6537   253     2494.7113      672.9395    85917   73.03%
    211   195      745.7046   252     2494.7113      672.9395    86100   73.03%
    212   196      740.9027   264     2494.7113      672.9395    86299   73.03%
    216   198      704.9565   255     2494.7113      672.9395    86973   73.03%
    218   200      742.2038   254     2494.7113      672.9395    87104   73.03%
Elapsed time = 135.23 sec. (74899.12 ticks, tree = 0.00 MB, solutions = 1)
    221   203      746.8779   249     2494.7113      672.9395    87628   73.03%
    231   209      750.2567   270     2494.7113      672.9395    89339   73.03%
    232   210      742.3789   273     2494.7113      672.9395    89735   73.03%
    234   212      697.2474   282     2494.7113      672.9395    90564   73.03%
    237   215      859.4031   252     2494.7113      672.9395    90896   73.03%
    238   216      744.4940   286     2494.7113      672.9395    91213   73.03%
    240   218      775.4980   252     2494.7113      672.9395    91702   73.03%
    241   219      746.8779   247     2494.7113      672.9395    91706   73.03%
    242   220      743.6746   278     2494.7113      672.9395    92092   73.03%
    271   246      757.2285   262     2494.7113      672.9395    96454   73.03%
Elapsed time = 141.31 sec. (78742.36 ticks, tree = 0.00 MB, solutions = 1)
    419   374      747.2685   248     2494.7113      675.3569   119824   72.93%
    423   376      728.4428   222     2494.7113      675.3569   121505   72.93%
    425   378      748.0031   283     2494.7113      675.3569   122307   72.93%
    427   380      808.4891   187     2494.7113      675.3569   123004   72.93%
    429   382      747.8927   272     2494.7113      675.3569   123407   72.93%
    433   384      703.0929   252     2494.7113      675.3569   124187   72.93%
    434   385      681.1567   335     2494.7113      675.3569   124554   72.93%
    435   386      748.7830   238     2494.7113      675.3569   124696   72.93%
    437   388      814.8655   216     2494.7113      675.3569   124841   72.93%
    438   389      770.7287   213     2494.7113      675.3569   125254   72.93%
Elapsed time = 154.74 sec. (82558.45 ticks, tree = 80.77 MB, solutions = 1)
    439   390      753.2505   271     2494.7113      675.3569   128470   72.93%
    459   410      725.6316   231     2494.7113      675.3569   135506   72.93%
    467   418      862.9650   232     2494.7113      675.3569   137425   72.93%
    471   422      755.3515   308     2494.7113      675.3569   138494   72.93%
    475   426      862.9038   216     2494.7113      675.3569   139292   72.93%
    479   430      751.6394   282     2494.7113      675.3569   140674   72.93%
    483   434      862.9038   214     2494.7113      675.3569   141155   72.93%
    487   438      757.3023   293     2494.7113      675.3569   141568   72.93%
    492   441      706.6439   222     2494.7113      675.3569   142629   72.93%
    494   443      752.3912   292     2494.7113      675.3569   143041   72.93%
Elapsed time = 170.50 sec. (88392.32 ticks, tree = 80.77 MB, solutions = 1)
    537   482      710.6455   248     2494.7113      675.3569   151887   72.93%
    543   486      748.3990   277     2494.7113      675.3569   152287   72.93%
    544   487      863.3396   238     2494.7113      675.3569   152537   72.93%
    547   490      728.4470   241     2494.7113      675.3569   152895   72.93%
    548   491      693.3915   232     2494.7113      675.3569   153126   72.93%
    550   491      698.2892   203     2494.7113      675.3569   153234   72.93%
    551   492      686.4901   212     2494.7113      675.3569   153377   72.93%
    552   493      781.3191   255     2494.7113      675.3569   153529   72.93%
    553   494      759.3437   276     2494.7113      675.3569   153858   72.93%
    554   495      864.1443   189     2494.7113      675.3569   154089   72.93%
Elapsed time = 177.31 sec. (92942.88 ticks, tree = 169.16 MB, solutions = 1)
    593   530      780.4354   271     2494.7113      675.3569   161343   72.93%
    603   538      764.6130   249     2494.7113      675.3569   163135   72.93%
    613   548      764.6227   239     2494.7113      675.3569   167126   72.93%
    618   553      713.0615   243     2494.7113      675.3569   168144   72.93%
    623   558      765.4321   250     2494.7113      675.3569   169149   72.93%
    626   561      712.1888   240     2494.7113      675.3569   169767   72.93%
    628   563      691.2973   266     2494.7113      675.3569   170105   72.93%
    630   565      710.6454   299     2494.7113      675.3569   171343   72.93%
    633   568      765.0482   253     2494.7113      675.3569   171619   72.93%
    635   570      710.8400   224     2494.7113      675.3569   171969   72.93%
Elapsed time = 192.02 sec. (96835.77 ticks, tree = 169.16 MB, solutions = 1)
    670   605      739.9906   371     2494.7113      675.3569   179558   72.93%
    676   611      728.5268   282     2494.7113      675.3569   180892   72.93%
    694   629      719.1301   226     2494.7113      675.3569   184344   72.93%
    698   633      792.8614   310     2494.7113      675.3569   185052   72.93%
    747   680      716.5922   265     2494.7113      675.3569   193342   72.93%
    748   681      758.4350   218     2494.7113      675.3569   193431   72.93%
    749   682      748.8057   227     2494.7113      675.3569   193536   72.93%
    753   686      750.2467   231     2494.7113      675.3569   194184   72.93%
    757   690      740.3907   203     2494.7113      675.3569   194664   72.93%
    765   696      791.0571   241     2494.7113      675.3569   195513   72.93%
Elapsed time = 195.39 sec. (100698.66 ticks, tree = 169.16 MB, solutions = 1)
    776   707      774.2474   268     2494.7113      675.3569   198471   72.93%
    782   713      793.1892   212     2494.7113      675.3569   199410   72.93%
    783   714      814.1982   264     2494.7113      675.3569   199662   72.93%
    785   716      732.3386   274     2494.7113      675.3569   199888   72.93%
    786   717      796.0252   233     2494.7113      675.3569   200359   72.93%
    789   720      722.7664   288     2494.7113      675.3569   201188   72.93%
    792   723      802.4065   255     2494.7113      675.3569   201634   72.93%
    793   724      784.0040   221     2494.7113      675.3569   201864   72.93%
    794   725      726.4059   272     2494.7113      675.3569   202150   72.93%
    795   726      774.4449   268     2494.7113      675.3569   202171   72.93%
Elapsed time = 224.31 sec. (105646.73 ticks, tree = 356.66 MB, solutions = 1)
    820   749      745.0254   225     2494.7113      675.3569   206310   72.93%
    868   795      794.9629   235     2494.7113      675.3569   214053   72.93%
    873   798      766.6250   215     2494.7113      675.3569   214962   72.93%
    875   800      796.1767   212     2494.7113      675.3569   215698   72.93%
    876   801      787.4149   281     2494.7113      675.3569   215847   72.93%
    880   803      758.6517   220     2494.7113      675.3569   216172   72.93%
    881   804      823.3954   230     2494.7113      675.3569   216703   72.93%
    882   805      798.4911   219     2494.7113      675.3569   216760   72.93%
    883   806      809.8967   311     2494.7113      675.3569   217149   72.93%
    887   810      771.6777   207     2494.7113      675.3569   217860   72.93%
Elapsed time = 224.60 sec. (110616.23 ticks, tree = 356.66 MB, solutions = 1)
    944   841    infeasible           2494.7113      675.3569   226953   72.93%
    945   842      779.7015   205     2494.7113      675.3569   226998   72.93%
    946   843      691.1035   226     2494.7113      675.3569   227278   72.93%
    947   842    infeasible           2494.7113      675.3569   227278   72.93%
    948   843      779.9583   210     2494.7113      675.3569   227366   72.93%
    949   842    infeasible           2494.7113      675.3569   227366   72.93%
    950   843      802.7159   236     2494.7113      675.3569   227553   72.93%
    951   844      726.0853   263     2494.7113      675.3569   227555   72.93%
    952   845      789.6383   294     2494.7113      675.3569   227921   72.93%
    953   846      731.2351   334     2494.7113      675.3569   228375   72.93%
Elapsed time = 227.11 sec. (118249.18 ticks, tree = 488.20 MB, solutions = 1)
   1032   909      811.6468   313     2494.7113      675.3569   242297   72.93%
   1042   917      812.4605   296     2494.7113      675.3569   243136   72.93%
   1046   921      707.9412   205     2494.7113      675.3569   243331   72.93%
   1050   925      825.7398   256     2494.7113      675.3569   245051   72.93%
   1052   927      814.4072   305     2494.7113      675.3569   245532   72.93%
   1056   931      707.9885   215     2494.7113      675.3569   245799   72.93%
   1060   931      837.1198   254     2494.7113      675.3569   246038   72.93%
   1062   933      814.2929   296     2494.7113      675.3569   246496   72.93%
   1066   935      708.9131   291     2494.7113      675.3569   246886   72.93%
   1067   936      727.9771   230     2494.7113      675.3569   247179   72.93%
Elapsed time = 243.32 sec. (122438.29 ticks, tree = 488.20 MB, solutions = 1)
   1110   963      848.8816   306     2494.7113      675.3569   252259   72.93%
   1120   971      854.8739   267     2494.7113      675.3569   253828   72.93%
   1130   979      857.8654   305     2494.7113      675.3569   256213   72.93%
   1140   987      855.2537   240     2494.7113      675.3569   257500   72.93%
   1142   989      841.8471   259     2494.7113      675.3569   257953   72.93%
   1150   995      855.8116   329     2494.7113      675.3569   259808   72.93%
   1152   997      838.5009   290     2494.7113      675.3569   260102   72.93%
   1161  1004    infeasible           2494.7113      675.3569   260745   72.93%
   1170  1013      839.0556   255     2494.7113      675.3569   262196   72.93%
   1179  1018      840.2868   284     2494.7113      675.3569   263685   72.93%
Elapsed time = 253.63 sec. (127634.71 ticks, tree = 488.20 MB, solutions = 1)
   1335  1145      888.5429   227     2494.7113      675.3569   287394   72.93%
   1345  1155      890.8294   264     2494.7113      675.3569   289721   72.93%
   1352  1162      744.9627   209     2494.7113      675.3569   290744   72.93%
   1355  1163        cutoff           2494.7113      675.3569   291973   72.93%
   1362  1170      742.3367   208     2494.7113      675.3569   292415   72.93%
   1365  1173      892.6245   247     2494.7113      675.3569   292923   72.93%
   1372  1180      745.7236   199     2494.7113      675.3569   293478   72.93%
   1375  1183      897.0527   200     2494.7113      675.3569   293801   72.93%
   1382  1190      754.8807   196     2494.7113      675.3569   294431   72.93%
   1385  1193      897.1821   185     2494.7113      675.3569   294602   72.93%
Elapsed time = 268.40 sec. (134156.47 ticks, tree = 741.66 MB, solutions = 1)
   1451  1249      689.5034   277     2494.7113      675.3569   307961   72.93%
   1461  1259      691.5552   285     2494.7113      675.3569   310028   72.93%
   1471  1267      691.8956   268     2494.7113      675.3569   312028   72.93%
   1481  1277      691.8956   268     2494.7113      675.3569   313090   72.93%
   1491  1281      691.9042   282     2494.7113      675.3569   314625   72.93%
   1495  1283    infeasible           2494.7113      675.3569   315485   72.93%
   1501  1289      692.2520   278     2494.7113      675.3569   317237   72.93%
   1505  1291    infeasible           2494.7113      675.3569   317410   72.93%
   1511  1295      692.7191   273     2494.7113      675.3569   318453   72.93%
   1515  1299      679.0736   222     2494.7113      675.3569   319106   72.93%
Elapsed time = 282.77 sec. (139219.57 ticks, tree = 741.66 MB, solutions = 1)
*  1640+ 1386                         2438.5212      675.3569            72.30%
   1809  1488     1099.3910   190     2438.5212      675.3569   359778   72.30%
   1810  1489      693.9604   279     2438.5212      675.3569   360378   72.30%
   1812  1491      681.0225   246     2438.5212      675.3569   360590   72.30%
   1817  1494      705.3140   258     2438.5212      675.3569   361167   72.30%
   1819  1496     1108.4998   196     2438.5212      675.3569   361511   72.30%
   1820  1497      694.1558   298     2438.5212      675.3569   361757   72.30%
   1822  1499      681.0225   240     2438.5212      675.3569   362007   72.30%
   1827  1502      705.3830   257     2438.5212      675.3569   362658   72.30%
   1828  1503      789.2659   211     2438.5212      675.3569   362829   72.30%
   1829  1502    infeasible           2438.5212      675.3569   363693   72.30%
Elapsed time = 301.98 sec. (148314.77 ticks, tree = 1046.17 MB, solutions = 2)
   1929  1584      682.1446   228     2438.5212      675.3569   378357   72.30%
   1937  1592      707.8793   228     2438.5212      675.3569   379442   72.30%
   1939  1594      685.6055   227     2438.5212      675.3569   379534   72.30%
   1948  1601      686.0033   235     2438.5212      675.3569   380316   72.30%
   1957  1610      686.0392   246     2438.5212      675.3569   381486   72.30%
   1966  1617      686.2192   208     2438.5212      675.3569   382873   72.30%
   1967  1618      700.7491   257     2438.5212      675.3569   383015   72.30%
   1974  1625      828.3993   174     2438.5212      675.3569   383408   72.30%
   1975  1626      686.3002   246     2438.5212      675.3569   383485   72.30%
   1976  1627      701.2562   232     2438.5212      675.3569   383661   72.30%
Elapsed time = 327.93 sec. (152452.15 ticks, tree = 1046.17 MB, solutions = 2)
   2038  1681      690.4547   254     2438.5212      675.3569   391873   72.30%
   2159  1775      684.8505   258     2438.5212      675.3569   408210   72.30%
   2200  1810      707.8864   392     2438.5212      675.3569   413891   72.30%
   2204  1812      688.3882   273     2438.5212      677.3568   414496   72.22%
   2205  1813      690.5165   245     2438.5212      677.3568   414645   72.22%
   2206  1814      717.3925   279     2438.5212      677.3568   414804   72.22%
   2207  1815      705.0539   263     2438.5212      677.3568   414895   72.22%
   2208  1816      704.8154   334     2438.5212      677.3568   415241   72.22%
   2209  1815    infeasible           2438.5212      677.3568   415241   72.22%
   2210  1816      795.4352   170     2438.5212      677.3568   415356   72.22%
Elapsed time = 329.67 sec. (157242.44 ticks, tree = 1332.71 MB, solutions = 2)
   2264  1865      693.6347   319     2438.5212      677.3568   424829   72.22%
   2272  1873      709.9851   349     2438.5212      677.3568   426381   72.22%
   2273  1874      712.6177   305     2438.5212      677.3568   426893   72.22%
   2274  1875      693.7956   324     2438.5212      677.3568   426912   72.22%
   2282  1883      710.0141   345     2438.5212      677.3568   428309   72.22%
   2283  1884      712.7049   257     2438.5212      677.3568   428414   72.22%
   2284  1885      693.8314   315     2438.5212      677.3568   428448   72.22%
   2288  1889      707.4571   264     2438.5212      677.3568   428970   72.22%
   2292  1891      710.5056   358     2438.5212      677.3568   429317   72.22%
   2293  1892      713.1381   279     2438.5212      677.3568   429448   72.22%
Elapsed time = 346.83 sec. (162432.91 ticks, tree = 1332.71 MB, solutions = 2)
   2333  1927      717.8996   347     2438.5212      677.3568   435365   72.22%
   2343  1936      718.0450   262     2438.5212      677.3568   437067   72.22%
   2353  1946      719.3001   286     2438.5212      677.3568   439431   72.22%
   2363  1956      719.9259   302     2438.5212      677.3568   440772   72.22%
   2364  1957      701.9250   316     2438.5212      677.3568   440974   72.22%
   2373  1966      720.3200   362     2438.5212      677.3568   442529   72.22%
   2374  1967      701.9450   321     2438.5212      677.3568   442674   72.22%
   2383  1974      720.6493   268     2438.5212      677.3568   444209   72.22%
   2384  1975      702.0143   321     2438.5212      677.3568   444217   72.22%
   2393  1984      720.7768   287     2438.5212      677.3568   445343   72.22%
Elapsed time = 363.61 sec. (171591.79 ticks, tree = 1332.71 MB, solutions = 2)
   2682  2223      708.1614   344     2438.5212      677.3568   485725   72.22%
   2683  2224      716.4838   332     2438.5212      677.3568   485979   72.22%
   2684  2225      754.2734   298     2438.5212      677.3568   486195   72.22%
   2685  2226      725.2119   305     2438.5212      677.3568   486360   72.22%
   2686  2227      748.7621   274     2438.5212      677.3568   486916   72.22%
   2688  2227      713.0518   242     2438.5212      677.3568   487151   72.22%
   2689  2228      735.5905   276     2438.5212      677.3568   487239   72.22%
   2690  2229      734.6364   290     2438.5212      677.3568   487770   72.22%
   2691  2230      727.1286   302     2438.5212      677.3568   488076   72.22%
   2692  2231      708.1805   341     2438.5212      677.3568   488119   72.22%
Elapsed time = 391.32 sec. (183921.17 ticks, tree = 1717.79 MB, solutions = 2)
   2717  2252    infeasible           2438.5212      677.3568   493118   72.22%
   2727  2260    infeasible           2438.5212      677.3568   495325   72.22%
   2742  2275      719.9107   391     2438.5212      677.3568   498493   72.22%
   2751  2284      720.2439   393     2438.5212      677.3568   499746   72.22%
   2760  2293      720.3428   317     2438.5212      677.3568   501336   72.22%
   2769  2302      721.0859   393     2438.5212      677.3568   502639   72.22%
   2778  2311      721.4429   374     2438.5212      677.3568   503941   72.22%
   2787  2320      721.4824   398     2438.5212      677.3568   505569   72.22%
   2791  2324      723.2101   224     2438.5212      677.3568   506415   72.22%
   2792  2325      749.1841   388     2438.5212      677.3568   506703   72.22%
Elapsed time = 419.64 sec. (187941.50 ticks, tree = 1717.79 MB, solutions = 2)
   2837  2370      762.2114   334     2438.5212      677.3568   515209   72.22%
   2841  2374      722.3192   302     2438.5212      677.3568   516123   72.22%
   2846  2379      762.8436   309     2438.5212      677.3568   517916   72.22%
   2850  2383      722.3576   382     2438.5212      677.3568   518400   72.22%
   2861  2394      729.4930   459     2438.5212      677.3568   519884   72.22%
   2868  2401      730.0675   429     2438.5212      677.3568   521176   72.22%
   2869  2402      744.1844   345     2438.5212      677.3568   521395   72.22%
   2871  2404      721.6426   307     2438.5212      677.3568   521961   72.22%
   2872  2405      783.6310   328     2438.5212      677.3568   522315   72.22%
   2875  2408      744.3522   354     2438.5212      677.3568   522661   72.22%
Elapsed time = 419.64 sec. (192445.44 ticks, tree = 1717.79 MB, solutions = 2)
   2923  2456      726.7376   346     2438.5212      677.3568   529437   72.22%
   2924  2457      722.3745   318     2438.5212      677.3568   529552   72.22%
   2925  2458      786.4900   323     2438.5212      677.3568   529828   72.22%
   2926  2459      759.9471   364     2438.5212      677.3568   530334   72.22%
   2927  2460      767.5672   271     2438.5212      677.3568   530345   72.22%
   2928  2461      680.4097   261     2438.5212      677.3568   530523   72.22%
   2929  2462      732.5360   345     2438.5212      677.3568   530671   72.22%
   2930  2463      764.5905   396     2438.5212      677.3568   531176   72.22%
   2931  2464      745.8594   320     2438.5212      677.3568   531656   72.22%
   2932  2465      759.8033   443     2438.5212      677.3568   531730   72.22%
Elapsed time = 423.10 sec. (198213.37 ticks, tree = 1942.37 MB, solutions = 2)
   2979  2512      741.3948   459     2438.5212      677.3568   542474   72.22%
   2983  2516      732.1460   309     2438.5212      677.3568   543652   72.22%
   2984  2517      725.7339   355     2438.5212      677.3568   543771   72.22%
   2985  2518      796.6676   314     2438.5212      677.3568   544055   72.22%
   2989  2522      742.8374   347     2438.5212      677.3568   544680   72.22%
   2991  2524      748.9062   427     2438.5212      677.3568   545993   72.22%
   2993  2526      732.7326   324     2438.5212      677.3568   546242   72.22%
   2994  2527      726.0194   341     2438.5212      677.3568   546329   72.22%
   2995  2528      796.9194   311     2438.5212      677.3568   546486   72.22%
   2996  2529      766.2116   318     2438.5212      677.3568   546670   72.22%
Elapsed time = 436.98 sec. (202189.00 ticks, tree = 1942.37 MB, solutions = 2)
   3031  2564      750.3608   327     2438.5212      677.3568   552486   72.22%
   3041  2574      750.7280   354     2438.5212      677.3568   555297   72.22%
   3044  2577      729.6144   383     2438.5212      677.3568   555718   72.22%
   3051  2584      751.2840   365     2438.5212      677.3568   557396   72.22%
   3053  2586      741.7229   301     2438.5212      677.3568   558012   72.22%
   3054  2587      730.1264   357     2438.5212      677.3568   558232   72.22%
   3061  2594      751.4153   342     2438.5212      677.3568   559520   72.22%
   3063  2596      742.1037   315     2438.5212      677.3568   560009   72.22%
   3064  2597      730.1269   337     2438.5212      677.3568   560020   72.22%
   3065  2598      805.2655   348     2438.5212      677.3568   560251   72.22%
Elapsed time = 447.25 sec. (206140.12 ticks, tree = 1942.37 MB, solutions = 2)
   3094  2627      732.1598   398     2438.5212      677.3568   564852   72.22%
   3100  2633      789.2099   300     2438.5212      677.3568   565850   72.22%
   3104  2637      732.3418   388     2438.5212      677.3568   566691   72.22%
   3110  2643      789.7647   288     2438.5212      677.3568   567678   72.22%
   3114  2647      732.7337   399     2438.5212      677.3568   568755   72.22%
   3120  2653      790.8903   261     2438.5212      677.3568   569536   72.22%
   3121  2654      753.5114   347     2438.5212      677.3568   569757   72.22%
   3124  2657      733.8416   412     2438.5212      677.3568   571144   72.22%
   3130  2663      791.2207   250     2438.5212      677.3568   572337   72.22%
   3131  2664      753.8017   393     2438.5212      677.3568   572575   72.22%
Elapsed time = 462.39 sec. (211771.43 ticks, tree = 1942.37 MB, solutions = 2)
   3195  2728      821.6002   292     2438.5212      677.3568   585711   72.22%
   3200  2733      797.4475   267     2438.5212      677.3568   586573   72.22%
   3204  2737      744.1045   258     2438.5212      677.3568   587137   72.22%
   3205  2738      825.8487   294     2438.5212      677.3568   587469   72.22%
   3210  2743      798.2834   261     2438.5212      677.3568   588432   72.22%
   3214  2747      746.1957   329     2438.5212      677.3568   589299   72.22%
   3215  2748      826.6327   290     2438.5212      677.3568   589670   72.22%
   3220  2753      800.6844   290     2438.5212      677.3568   590212   72.22%
   3224  2757      746.8738   344     2438.5212      677.3568   591003   72.22%
   3225  2758      826.8660   280     2438.5212      677.3568   591073   72.22%
Elapsed time = 472.45 sec. (217609.38 ticks, tree = 1942.37 MB, solutions = 2)
   3370  2903      770.8930   287     2438.5212      677.3568   620925   72.22%
   3378  2911      761.4584   313     2438.5212      677.3568   622243   72.22%
   3379  2912      834.4074   339     2438.5212      677.3568   622470   72.22%
   3380  2913      771.2454   309     2438.5212      677.3568   622714   72.22%
   3382  2915      829.0591   322     2438.5212      677.3568   623010   72.22%
   3383  2916      812.9876   345     2438.5212      677.3568   623257   72.22%
   3384  2917      810.4185   340     2438.5212      677.3568   623613   72.22%
   3386  2919      768.3594   468     2438.5212      677.3568   624060   72.22%
   3387  2920      816.5408   332     2438.5212      677.3568   624529   72.22%
   3388  2921      761.4873   340     2438.5212      677.3568   624573   72.22%
Elapsed time = 499.13 sec. (227377.74 ticks, tree = 2373.27 MB, solutions = 2)
Nodefile size = 311.00 MB (200.93 MB after compression)
   3448  2981      767.9816   356     2438.5212      677.3568   639275   72.22%
   3458  2991      768.3363   338     2438.5212      677.3568   641638   72.22%
   3468  3001      769.4665   375     2438.5212      677.3568   643541   72.22%
   3478  3011      769.6717   355     2438.5212      677.3568   644838   72.22%
   3488  3021      772.3914   325     2438.5212      677.3568   647028   72.22%
   3494  3027      815.4043   328     2438.5212      677.3568   649070   72.22%
   3498  3031      772.9218   327     2438.5212      677.3568   650376   72.22%
   3504  3037      815.6524   351     2438.5212      677.3568   651435   72.22%
   3508  3041      773.6176   366     2438.5212      677.3568   652077   72.22%
   3514  3047      815.9493   332     2438.5212      677.3568   653717   72.22%
Elapsed time = 526.57 sec. (234482.63 ticks, tree = 2373.27 MB, solutions = 2)
Nodefile size = 311.00 MB (200.93 MB after compression)
   3518  3051      774.1657   329     2438.5212      677.3568   654584   72.22%
   3528  3061      776.4941   320     2438.5212      677.3568   657543   72.22%
   3538  3071      776.6982   378     2438.5212      677.3568   659910   72.22%
   3548  3081      778.5515   357     2438.5212      677.3568   661900   72.22%
   3558  3091      779.1486   365     2438.5212      677.3568   663352   72.22%
   3568  3101      779.2942   365     2438.5212      677.3568   664853   72.22%
   3574  3107      817.0157   371     2438.5212      677.3568   665404   72.22%
   3578  3111      779.4990   333     2438.5212      677.3568   666103   72.22%
   3584  3117      817.2528   391     2438.5212      677.3568   667158   72.22%
   3588  3121      779.7035   358     2438.5212      677.3568   667841   72.22%
Elapsed time = 545.06 sec. (244509.23 ticks, tree = 2373.27 MB, solutions = 2)
Nodefile size = 311.00 MB (200.93 MB after compression)
   3860  3389      656.8947   240     2438.5212      677.9901   732553   72.20%
   3861  3390      657.0681   237     2438.5212      677.9901   732555   72.20%
   3862  3390      674.6884   341     2438.5212      677.9901   733609   72.20%
   3863  3391      657.2415   248     2438.5212      677.9901   733655   72.20%
   3864  3391      674.7915   321     2438.5212      677.9901   733730   72.20%
   3865  3392      686.9229   316     2438.5212      677.9901   734616   72.20%
   3866  3392      690.4980   315     2438.5212      677.9901   736779   72.20%
   3867  3392      702.7542   317     2438.5212      677.9901   737176   72.20%
   3868  3393      677.9392   298     2438.5212      677.9901   737687   72.20%
   3869  3393      691.5118   275     2438.5212      677.9901   737898   72.20%
Elapsed time = 672.71 sec. (325206.91 ticks, tree = 2058.08 MB, solutions = 2)
   3870  3394      657.3555   229     2438.5212      677.9901   738556   72.20%
   3871  3394      677.9392   238     2438.5212      677.9901   739060   72.20%
   3872  3395      692.9166   303     2438.5212      677.9901   740369   72.20%
   3873  3396      690.4980   337     2438.5212      677.9901   741148   72.20%
   3874  3396      705.6174   262     2438.5212      677.9901   741893   72.20%
   3875  3397      713.7156   307     2438.5212      677.9901   742738   72.20%
   3876  3397      690.8747   328     2438.5212      677.9901   744254   72.20%
   3877  3397      706.1299   303     2438.5212      677.9901   745975   72.20%
   3878  3398      715.1882   297     2438.5212      677.9901   747649   72.20%
   3879  3399      718.1603   276     2438.5212      677.9901   748398   72.20%
Elapsed time = 683.13 sec. (336407.13 ticks, tree = 2055.64 MB, solutions = 2)
   3880  3399      657.4909   232     2438.5212      677.9901   748675   72.20%
   3881  3399      679.3780   258     2438.5212      677.9901   749500   72.20%
   3882  3399      695.4271   373     2438.5212      677.9901   750572   72.20%
   3883  3399      691.0247   263     2438.5212      677.9901   751345   72.20%
   3884  3399      709.9148   237     2438.5212      677.9901   752214   72.20%
   3885  3400      715.8495   243     2438.5212      677.9901   752929   72.20%
   3886  3401      703.0679   246     2438.5212      677.9901   753759   72.20%
   3887  3402      721.9398   209     2438.5212      677.9901   754666   72.20%
   3888  3402      726.2974   237     2438.5212      677.9901   755689   72.20%
   3889  3402      719.9778   242     2438.5212      677.9901   756496   72.20%
Elapsed time = 698.12 sec. (343398.47 ticks, tree = 2051.38 MB, solutions = 2)
   3890  3402      657.7083   239     2438.5212      677.9901   756642   72.20%
   3891  3403      679.4707   243     2438.5212      677.9901   757420   72.20%
   3892  3404      700.5925   261     2438.5212      677.9901   758232   72.20%
   3893  3405      692.3070   287     2438.5212      677.9901   758966   72.20%
   3894  3406      711.4295   245     2438.5212      677.9901   759252   72.20%
   3895  3406      717.6359   259     2438.5212      677.9901   760055   72.20%
   3896  3407      704.4954   286     2438.5212      677.9901   760483   72.20%
   3897  3407      733.4534   210     2438.5212      677.9901   760853   72.20%
   3898  3408      738.6492   229     2438.5212      677.9901   761979   72.20%
   3899  3408      720.6465   198     2438.5212      677.9901   762018   72.20%
Elapsed time = 706.92 sec. (349242.49 ticks, tree = 2048.95 MB, solutions = 2)
   3922  3424      658.8628   262     2438.5212      677.9901   764896   72.20%
   3923  3424      681.0819   268     2438.5212      677.9901   765095   72.20%
   3924  3425      697.2319   363     2438.5212      677.9901   765358   72.20%
   3925  3426      693.2007   258     2438.5212      677.9901   765552   72.20%
   3930  3430      729.4195   208     2438.5212      677.9901   765668   72.20%
   3932  3432      659.4269   241     2438.5212      677.9901   765836   72.20%
   3933  3433      681.0819   265     2438.5212      677.9901   765837   72.20%
   3934  3433      696.7492   344     2438.5212      677.9901   765967   72.20%
   3935  3433      693.2007   274     2438.5212      677.9901   766017   72.20%
   3936  3433      712.9047   209     2438.5212      677.9901   766199   72.20%
Elapsed time = 716.19 sec. (353508.53 ticks, tree = 2041.65 MB, solutions = 2)
   3944  3436      697.9045   287     2438.5212      677.9901   768151   72.20%
   3954  3442      717.5716   307     2438.5212      677.9901   770007   72.20%
   3960  3445      741.9781   211     2438.5212      677.9901   771279   72.20%
   3964  3447      697.9821   291     2438.5212      677.9901   771634   72.20%
   3970  3449      732.0569   220     2438.5212      677.9901   771889   72.20%
   3973  3451      683.7605   304     2438.5212      677.9901   772469   72.20%
   3974  3452      698.1179   307     2438.5212      677.9901   772498   72.20%
   3975  3453      695.3581   223     2438.5212      677.9901   772654   72.20%
   3980  3456      732.4682   211     2438.5212      677.9901   773551   72.20%
   3982  3458      685.2128   308     2438.5212      677.9901   775505   72.20%
Elapsed time = 731.46 sec. (360773.31 ticks, tree = 2028.87 MB, solutions = 2)
   4083  3517      683.8374   319     2438.5212      677.9901   789520   72.20%
   4089  3518      732.4881   189     2438.5212      677.9901   789854   72.20%
   4093  3518      683.8374   319     2438.5212      677.9901   790084   72.20%
   4095  3520      694.9111   209     2438.5212      677.9901   790410   72.20%
   4098  3522      711.9410   334     2438.5212      677.9901   790864   72.20%
   4099  3523      732.8851   214     2438.5212      677.9901   791108   72.20%
   4103  3523      683.8647   276     2438.5212      677.9901   791382   72.20%
   4105  3524      697.2607   222     2438.5212      677.9901   791839   72.20%
   4108  3526      708.4233   332     2438.5212      677.9901   791936   72.20%
   4109  3526      734.4285   188     2438.5212      677.9901   792342   72.20%
Elapsed time = 742.78 sec. (366336.54 ticks, tree = 1992.96 MB, solutions = 2)
   4177  3569      669.7186   221     2438.5212      677.9901   797596   72.20%
   4200  3582      697.9171   261     2438.5212      677.9901   799579   72.20%
   4227  3602      725.2100   262     2438.5212      677.9901   802462   72.20%
   4260  3623      673.8225   288     2438.5212      677.9901   804246   72.20%
   4261  3624      684.9999   216     2438.5212      677.9901   804542   72.20%
   4262  3625      703.5235   256     2438.5212      677.9901   804577   72.20%
   4263  3626      695.0768   215     2438.5212      677.9901   804630   72.20%
   4264  3627      725.0571   180     2438.5212      677.9901   804948   72.20%
   4265  3628      721.1680   220     2438.5212      677.9901   805016   72.20%
   4266  3628      710.0842   318     2438.5212      677.9901   805027   72.20%
Elapsed time = 761.33 sec. (374797.42 ticks, tree = 2055.52 MB, solutions = 2)
   4316  3652      719.6955   273     2438.5212      677.9901   808554   72.20%
   4323  3656      696.2861   239     2438.5212      677.9901   809328   72.20%
   4330  3660      696.6865   308     2438.5212      677.9901   810172   72.20%
   4332  3661      704.1414   246     2438.5212      677.9901   810760   72.20%
   4339  3665      686.2270   289     2438.5212      677.9901   811359   72.20%
   4341  3667      696.4129   237     2438.5212      677.9901   811387   72.20%
   4348  3671      686.5347   332     2438.5212      677.9901   812202   72.20%
   4350  3672      696.5820   240     2438.5212      677.9901   812393   72.20%
   4356  3676      674.8227   217     2438.5212      677.9901   813477   72.20%
   4357  3676      690.4951   250     2438.5212      677.9901   813855   72.20%
Elapsed time = 779.07 sec. (381903.52 ticks, tree = 2029.35 MB, solutions = 2)
   4487  3756      751.1861   229     2438.5212      677.9901   824236   72.20%
   4497  3761      751.1861   247     2438.5212      677.9901   824814   72.20%
   4498  3762      739.1076   271     2438.5212      677.9901   825827   72.20%
   4499  3763      700.8417   262     2438.5212      677.9901   826532   72.20%
   4500  3764      701.6885   308     2438.5212      677.9901   826846   72.20%
   4507  3770      751.1861   247     2438.5212      677.9901   826956   72.20%
   4508  3770      726.3706   238     2438.5212      677.9901   826959   72.20%
   4509  3771      676.4359   267     2438.5212      677.9901   827239   72.20%
   4510  3772      687.8562   248     2438.5212      677.9901   827240   72.20%
   4517  3776      751.1861   250     2438.5212      677.9901   827389   72.20%
Elapsed time = 792.18 sec. (386257.57 ticks, tree = 2139.76 MB, solutions = 2)
   4545  3791      761.2048   270     2438.5212      677.9901   830504   72.20%
   4655  3846      723.7847   267     2438.5212      677.9901   838006   72.20%
   4668  3856      704.2813   240     2438.5212      677.9901   838570   72.20%
   4697  3875      736.8553   229     2438.5212      677.9901   839558   72.20%
   4725  3892      676.5887   263     2438.5212      677.9901   840451   72.20%
   4726  3893      688.4779   245     2438.5212      677.9901   840466   72.20%
   4727  3894      708.4738   291     2438.5212      677.9901   840468   72.20%
   4728  3894      700.7433   203     2438.5212      677.9901   840476   72.20%
   4729  3895      733.2131   199     2438.5212      677.9901   840493   72.20%
   4730  3896      722.4909   249     2438.5212      677.9901   840495   72.20%
Elapsed time = 797.43 sec. (390998.24 ticks, tree = 2326.04 MB, solutions = 2)
   4795  3928      678.4927   319     2438.5212      677.9901   844676   72.20%
   4805  3933      692.6719   278     2438.5212      677.9901   845539   72.20%
   4815  3941      678.5238   329     2438.5212      677.9901   846419   72.20%
   4825  3950      679.8026   331     2438.5212      677.9901   847326   72.20%
   4835  3957      679.3479   350     2438.5212      677.9901   848119   72.20%
   4854  3972      690.4539   276     2438.5212      677.9901   849133   72.20%
   4856  3972      709.7495   253     2438.5212      677.9901   849334   72.20%
   4863  3977      690.7476   219     2438.5212      677.9901   849776   72.20%
   4865  3979      720.5505   253     2438.5212      677.9901   850544   72.20%
   4872  3983      691.5244   270     2438.5212      677.9901   850876   72.20%
Elapsed time = 812.24 sec. (396082.19 ticks, tree = 2293.78 MB, solutions = 2)
   5055  4091      697.9414   382     2438.5212      677.9901   860733   72.20%
   5060  4093      728.2063   272     2438.5212      677.9901   861241   72.20%
   5062  4094      769.8671   226     2438.5212      677.9901   861821   72.20%
   5064  4095      703.3845   245     2438.5212      677.9901   862542   72.20%
   5065  4095      692.1828   317     2438.5212      677.9901   862544   72.20%
   5070  4099      712.9545   253     2438.5212      677.9901   862892   72.20%
   5072  4100      761.5432   222     2438.5212      677.9901   863021   72.20%
   5074  4101      682.4762   357     2438.5212      677.9901   863223   72.20%
   5075  4102      692.2406   291     2438.5212      677.9901   863235   72.20%
   5079  4105      743.3617   227     2438.5212      677.9901   863774   72.20%
Elapsed time = 820.71 sec. (400456.45 ticks, tree = 2514.34 MB, solutions = 2)
   5127  4128      710.1001   254     2438.5212      677.9901   867316   72.20%
   5137  4132      710.1062   249     2438.5212      677.9901   867767   72.20%
   5147  4130      710.1356   238     2438.5212      677.9901   868033   72.20%
   5155  4131      709.1683   290     2438.5212      677.9901   868751   72.20%
   5157  4133      710.1435   240     2438.5212      677.9901   869385   72.20%
   5164  4135      674.1613   259     2438.5212      677.9901   870057   72.20%
   5165  4136      692.9989   236     2438.5212      677.9901   870097   72.20%
   5167  4138      710.1435   243     2438.5212      677.9901   870164   72.20%
   5174  4143      676.3213   235     2438.5212      677.9901   870502   72.20%
   5175  4143      693.0073   287     2438.5212      677.9901   870517   72.20%
Elapsed time = 830.51 sec. (405565.48 ticks, tree = 2481.48 MB, solutions = 2)
   5370  4254      762.5232   239     2438.5212      677.9901   881977   72.20%
   5380  4259      762.5756   257     2438.5212      677.9901   882604   72.20%
   5390  4265      762.5910   254     2438.5212      677.9901   882855   72.20%
   5400  4272      762.6304   258     2438.5212      677.9901   883352   72.20%
   5410  4275      762.6377   261     2438.5212      677.9901   883860   72.20%
   5412  4276      703.5226   255     2438.5212      677.9901   884463   72.20%
   5414  4276      713.8007   255     2438.5212      677.9901   884627   72.20%
   5420  4279      763.5112   241     2438.5212      677.9901   885017   72.20%
   5422  4279      680.1849   247     2438.5212      677.9901   885228   72.20%
   5423  4280      694.3791   253     2438.5212      677.9901   885351   72.20%
Elapsed time = 849.12 sec. (409546.43 ticks, tree = 2673.06 MB, solutions = 2)
   5430  4284      769.2598   219     2438.5212      677.9901   886330   72.20%
   5440  4289      764.1157   265     2438.5212      677.9901   887433   72.20%
   5450  4295      765.3108   246     2438.5212      677.9901   888222   72.20%
   5451  4295      729.8220   188     2438.5212      677.9901   888225   72.20%
   5476  4312      698.4927   240     2438.5212      677.9901   890635   72.20%
   5484  4316      681.1194   213     2438.5212      677.9901   890862   72.20%
   5492  4320      684.8525   278     2438.5212      677.9901   891358   72.20%
   5509  4331      711.4163   233     2438.5212      677.9901   892426   72.20%
   5515  4334      714.4947   266     2438.5212      677.9901   892600   72.20%
   5521  4338      714.5379   248     2438.5212      677.9901   892836   72.20%
Elapsed time = 855.95 sec. (413761.17 ticks, tree = 2649.94 MB, solutions = 2)
   5602  4386      681.9768   220     2438.5212      677.9901   898809   72.20%
   5603  4386      696.1647   249     2438.5212      677.9901   898827   72.20%
   5604  4386      714.5865   242     2438.5212      677.9901   898956   72.20%
   5605  4387      711.4403   213     2438.5212      677.9901   898995   72.20%
   5606  4388      740.2106   208     2438.5212      677.9901   899018   72.20%
   5607  4389      727.5765   238     2438.5212      677.9901   899024   72.20%
   5608  4390      717.2242   263     2438.5212      677.9901   899152   72.20%
   5609  4391      772.4432   251     2438.5212      677.9901   899234   72.20%
   5610  4391      765.9997   250     2438.5212      677.9901   899365   72.20%
   5611  4392      729.8735   199     2438.5212      677.9901   899428   72.20%
Elapsed time = 857.07 sec. (417658.26 ticks, tree = 2847.94 MB, solutions = 2)
   5708  4450      743.2011   311     2438.5212      677.9901   905673   72.20%
   5718  4457      719.5706   268     2438.5212      677.9901   906164   72.20%
   5721  4460      753.3486   186     2438.5212      677.9901   906488   72.20%
   5728  4463      719.5706   267     2438.5212      677.9901   906930   72.20%
   5731  4465      730.8012   211     2438.5212      677.9901   907008   72.20%
   5738  4469      719.5741   277     2438.5212      677.9901   907629   72.20%
   5741  4471      730.9880   236     2438.5212      677.9901   907923   72.20%
   5748  4473      719.8739   284     2438.5212      677.9901   908043   72.20%
   5751  4475      731.0441   214     2438.5212      677.9901   908117   72.20%
   5758  4479      719.8739   284     2438.5212      677.9901   908228   72.20%
Elapsed time = 868.01 sec. (422156.89 ticks, tree = 2811.43 MB, solutions = 2)
*  5799+ 3645                         2397.3864      677.9901            71.72%
   5921  3725      757.8894   222     2397.3864      677.9901   916292   71.72%
   5966  3753      763.1031   227     2397.3864      677.9901   919458   71.72%
   6003  3771      747.4959   303     2397.3864      677.9901   922137   71.72%
   6131  3848      687.5517   266     2397.3864      677.9901   926177   71.72%
   6132  3849      702.7972   289     2397.3864      677.9901   926179   71.72%
   6133  3850      721.7947   261     2397.3864      677.9901   926268   71.72%
   6134  3850      713.5850   264     2397.3864      677.9901   926338   71.72%
   6135  3850      741.4370   214     2397.3864      677.9901   926345   71.72%
   6136  3851      729.4137   235     2397.3864      677.9901   926358   71.72%
   6137  3851      723.3585   284     2397.3864      677.9901   926362   71.72%
Elapsed time = 877.97 sec. (427125.44 ticks, tree = 2659.99 MB, solutions = 3)
   6174  3869      716.0881   249     2397.3864      677.9901   929285   71.72%
   6184  3875      714.1262   230     2397.3864      677.9901   929710   71.72%
   6194  3883      714.3415   245     2397.3864      677.9901   931190   71.72%
   6204  3887      714.3415   245     2397.3864      677.9901   931397   71.72%
   6214  3893      741.9382   240     2397.3864      677.9901   932993   71.72%
   6222  3896      703.6401   305     2397.3864      677.9901   933728   71.72%
   6224  3898      714.3928   230     2397.3864      677.9901   933832   71.72%
   6227  3899      723.6751   287     2397.3864      677.9901   933856   71.72%
   6232  3902      703.6401   305     2397.3864      677.9901   933947   71.72%
   6234  3900    infeasible           2397.3864      677.9901   933950   71.72%
Elapsed time = 901.48 sec. (434335.04 ticks, tree = 2633.22 MB, solutions = 3)
*  6527+ 3585                         2379.6620      677.9901            71.51%
   6590  3619      745.8032   286     2379.6620      677.9901   954383   71.51%
   6600  3624      745.8598   326     2379.6620      677.9901   954605   71.51%
   6605  3624      760.3528   213     2379.6620      677.9901   955346   71.51%
   6610  3626      746.0899   319     2379.6620      677.9901   955673   71.51%
   6615  3628      734.5289   220     2379.6620      677.9901   955771   71.51%
   6620  3632      746.1573   351     2379.6620      677.9901   956061   71.51%
   6625  3631      734.5977   218     2379.6620      677.9901   956246   71.51%
   6630  3633      746.1708   343     2379.6620      677.9901   956387   71.51%
   6635  3635      734.6267   218     2379.6620      677.9901   956656   71.51%
   6636  3635      707.0990   246     2379.6620      677.9901   956766   71.51%
Elapsed time = 908.91 sec. (438320.60 ticks, tree = 2630.18 MB, solutions = 4)
Nodefile size = 45.77 MB (27.53 MB after compression)
   6700  3668      753.9514   298     2379.6620      677.9901   962634   71.51%
   6710  3671      746.2945   329     2379.6620      677.9901   962894   71.51%
   6720  3675      746.2969   302     2379.6620      677.9901   963329   71.51%
   6730  3678      746.4150   311     2379.6620      677.9901   963690   71.51%
   6740  3683      746.5352   270     2379.6620      677.9901   964153   71.51%
   6744  3685      784.2486   286     2379.6620      677.9901   964310   71.51%
   6750  3687      746.7305   257     2379.6620      677.9901   964694   71.51%
   6754  3690      784.3471   247     2379.6620      677.9901   964868   71.51%
   6758  3689      735.8610   299     2379.6620      677.9901   966098   71.51%
   6760  3690      749.4629   243     2379.6620      677.9901   966378   71.51%
Elapsed time = 919.30 sec. (444674.18 ticks, tree = 2594.28 MB, solutions = 4)
Nodefile size = 45.77 MB (27.53 MB after compression)
   7159  3906      720.6272   371     2379.6620      677.9901   993290   71.51%
   7160  3906      717.4277   286     2379.6620      677.9901   994178   71.51%
   7161  3906      726.6658   263     2379.6620      677.9901   994306   71.51%
   7162  3906      724.5401   303     2379.6620      677.9901   994791   71.51%
   7163  3907      747.5930   253     2379.6620      677.9901   994888   71.51%
   7164  3907      733.8701   234     2379.6620      677.9901   994897   71.51%
   7165  3907      725.9125   264     2379.6620      677.9901   994923   71.51%
   7166  3907      817.7061   278     2379.6620      677.9901   995222   71.51%
   7167  3908      785.5580   334     2379.6620      677.9901   995417   71.51%
   7168  3909      735.7040   232     2379.6620      677.9901   995467   71.51%
Elapsed time = 959.05 sec. (462637.38 ticks, tree = 2981.68 MB, solutions = 4)
Nodefile size = 544.74 MB (325.81 MB after compression)
   7180  3910      717.4842   375     2379.6620      677.9901   996800   71.51%
   7190  3916      748.8651   246     2379.6620      677.9901   998857   71.51%
   7200  3921      717.6293   381     2379.6620      677.9901   999755   71.51%
   7210  3929      717.6293   383     2379.6620      677.9901  1000215   71.51%
   7220  3934      717.9027   368     2379.6620      677.9901  1002275   71.51%
   7225  3939      726.9423   282     2379.6620      677.9901  1002417   71.51%
   7230  3943      718.0773   403     2379.6620      677.9901  1003067   71.51%
   7235  3946      726.9718   284     2379.6620      677.9901  1003223   71.51%
   7237  3947      801.5495   241     2379.6620      677.9901  1003533   71.51%
   7240  3950      718.0882   237     2379.6620      677.9901  1003657   71.51%
Elapsed time = 973.96 sec. (470608.31 ticks, tree = 2965.00 MB, solutions = 4)
Nodefile size = 545.85 MB (326.50 MB after compression)
   7390  4031      720.8460   431     2379.6620      677.9901  1013170   71.51%
   7400  4036      730.3439   468     2379.6620      677.9901  1014616   71.51%
   7598  4161      761.2909   249     2379.6620      677.9901  1027184   71.51%
   7600  4162      742.3781   260     2379.6620      677.9901  1027563   71.51%
   7607  4166      761.3137   248     2379.6620      677.9901  1027854   71.51%
   7609  4167      726.6014   268     2379.6620      677.9901  1027925   71.51%
   7616  4171      761.3236   254     2379.6620      677.9901  1028199   71.51%
   7618  4173      726.6014   268     2379.6620      677.9901  1028233   71.51%
   7625  4177      761.3717   311     2379.6620      677.9901  1028493   71.51%
   7627  4177      726.7093   321     2379.6620      677.9901  1028603   71.51%
Elapsed time = 989.68 sec. (475690.19 ticks, tree = 2869.46 MB, solutions = 4)
Nodefile size = 545.85 MB (326.50 MB after compression)
   7755  4249      821.3093   206     2379.6620      677.9901  1039034   71.51%
   7761  4254      763.7178   289     2379.6620      677.9901  1039621   71.51%
   7764  4257      830.8130   208     2379.6620      677.9901  1040255   71.51%
   7765  4258      792.2584   210     2379.6620      677.9901  1040289   71.51%
   7767  4259      766.4052   307     2379.6620      677.9901  1040560   71.51%
   7768  4260      721.4410   332     2379.6620      677.9901  1040641   71.51%
   7769  4260      731.2324   278     2379.6620      677.9901  1040740   71.51%
   7770  4261      738.8899   301     2379.6620      677.9901  1041236   71.51%
   7771  4262      750.3753   260     2379.6620      677.9901  1041283   71.51%
   7774  4262      808.7342   240     2379.6620      677.9901  1041410   71.51%
Elapsed time = 998.82 sec. (480761.91 ticks, tree = 3356.11 MB, solutions = 4)
Nodefile size = 1066.24 MB (638.85 MB after compression)
   7837  4299      777.4289   248     2379.6620      677.9901  1047706   71.51%
   7847  4303      733.4463   371     2379.6620      677.9901  1048936   71.51%
   7859  4312      737.5118   249     2379.6620      677.9901  1049337   71.51%
   7861  4314      876.6056   223     2379.6620      677.9901  1049904   71.51%
   7887  4328      740.7092   267     2379.6620      677.9901  1050913   71.51%
   7899  4336      727.3718   326     2379.6620      677.9901  1052724   71.51%
   7900  4337      751.7370   262     2379.6620      677.9901  1052899   71.51%
   7902  4339      795.2541   240     2379.6620      677.9901  1053046   71.51%
   7906  4341      730.9502   315     2379.6620      677.9901  1053877   71.51%
   7912  4344      732.7898   240     2379.6620      677.9901  1054189   71.51%
Elapsed time = 1032.85 sec. (499009.66 ticks, tree = 3323.86 MB, solutions = 4)
Nodefile size = 1066.24 MB (638.85 MB after compression)
   7920  4347      837.9866   238     2379.6620      677.9901  1055174   71.51%
   7927  4351      777.5283   255     2379.6620      677.9901  1055936   71.51%
   7930  4354      839.0919   245     2379.6620      677.9901  1056052   71.51%
   7934  4356      733.5572   355     2379.6620      677.9901  1056319   71.51%
   7936  4357      763.9014   351     2379.6620      677.9901  1057649   71.51%
   7937  4358      751.8330   282     2379.6620      677.9901  1057652   71.51%
   7938  4359      757.0268   364     2379.6620      677.9901  1058161   71.51%
   7940  4361      840.9104   225     2379.6620      677.9901  1058367   71.51%
   7941  4361      795.2831   240     2379.6620      677.9901  1058405   71.51%
   7944  4362      733.7683   358     2379.6620      677.9901  1058622   71.51%
Elapsed time = 1055.23 sec. (505313.81 ticks, tree = 3463.32 MB, solutions = 4)
Nodefile size = 1218.05 MB (731.09 MB after compression)
   7950  4364      841.8948   231     2379.6620      677.9901  1058926   71.51%
   7960  4370      842.1655   230     2379.6620      677.9901  1059571   71.51%
   7961  4371      795.4595   362     2379.6620      677.9901  1059836   71.51%
   7970  4376      858.3181   222     2379.6620      677.9901  1061169   71.51%
   7971  4377      810.0725   302     2379.6620      677.9901  1061443   71.51%
   7980  4380      871.9007   209     2379.6620      677.9901  1062486   71.51%
   7981  4381      795.5228   353     2379.6620      677.9901  1062516   71.51%
   7990  4384      858.9249   255     2379.6620      677.9901  1064445   71.51%
   7991  4385      795.5463   353     2379.6620      677.9901  1064545   71.51%
   8000  4393      861.4405   265     2379.6620      677.9901  1064938   71.51%
Elapsed time = 1061.46 sec. (511645.78 ticks, tree = 3448.72 MB, solutions = 4)
Nodefile size = 1218.05 MB (731.09 MB after compression)
   8110  4448      888.5219   244     2379.6620      677.9901  1074128   71.51%
   8284  4552      760.1771   311     2379.6620      677.9901  1090510   71.51%
   8376  4608      757.0820   268     2379.6620      677.9901  1097327   71.51%
   8442  4644      809.8985   285     2379.6620      677.9901  1101392   71.51%
   8443  4644      735.9940   283     2379.6620      677.9901  1101394   71.51%
   8444  4645      734.2759   262     2379.6620      677.9901  1101458   71.51%
   8445  4645      729.8554   316     2379.6620      677.9901  1101537   71.51%
   8446  4645      776.1357   263     2379.6620      677.9901  1102840   71.51%
   8447  4646      765.1164   277     2379.6620      677.9901  1105103   71.51%
   8448  4647      733.2210   313     2379.6620      677.9901  1105266   71.51%
Elapsed time = 1083.62 sec. (519285.47 ticks, tree = 3815.56 MB, solutions = 4)
Nodefile size = 1697.03 MB (1025.38 MB after compression)
   8457  4651      739.4768   248     2379.6620      677.9901  1107642   71.51%
   8467  4657      739.5342   242     2379.6620      677.9901  1109126   71.51%
   8477  4660      739.6261   270     2379.6620      677.9901  1109989   71.51%
   8487  4664      774.5680   270     2379.6620      677.9901  1111432   71.51%
   8497  4670      739.6300   282     2379.6620      677.9901  1113996   71.51%
   8502  4673      819.0238   346     2379.6620      677.9901  1118000   71.51%
   8507  4675      739.6498   248     2379.6620      677.9901  1118456   71.51%
   8512  4675      820.3249   281     2379.6620      677.9901  1119625   71.51%
   8514  4676      744.1279   250     2379.6620      677.9901  1119932   71.51%
   8517  4677      739.6914   350     2379.6620      677.9901  1120102   71.51%
Elapsed time = 1096.67 sec. (525714.72 ticks, tree = 3794.26 MB, solutions = 4)
Nodefile size = 1697.03 MB (1025.38 MB after compression)
   8562  4708      822.6712   303     2379.6620      677.9901  1124004   71.51%
   8572  4715      822.8490   250     2379.6620      677.9901  1124709   71.51%
   8582  4720      822.8490   250     2379.6620      677.9901  1127861   71.51%
   8592  4725      822.8490   250     2379.6620      677.9901  1128761   71.51%
   8602  4730      823.9853   263     2379.6620      677.9901  1129244   71.51%
   8612  4738      823.9853   266     2379.6620      677.9901  1129937   71.51%
   8622  4742      823.9853   266     2379.6620      677.9901  1130535   71.51%
   8632  4750      823.9853   266     2379.6620      677.9901  1131052   71.51%
   8642  4755      823.9853   266     2379.6620      677.9901  1131289   71.51%
   8652  4761      825.1145   296     2379.6620      677.9901  1132133   71.51%
Elapsed time = 1105.32 sec. (531411.67 ticks, tree = 3763.23 MB, solutions = 4)
Nodefile size = 1697.03 MB (1025.38 MB after compression)
*  8915+ 3329                         2364.2088      681.8390            71.16%
   8915  3330      681.8390   457     2364.2088      681.8390  1174805   71.16%
   8916  3331      683.0640   477     2364.2088      681.8390  1175557   71.16%
   8917  3332      681.9183   468     2364.2088      681.8390  1175709   71.16%
   8918  3333      681.9183   470     2364.2088      681.9183  1175712   71.16%
   8919  3334      683.0640   479     2364.2088      681.9183  1175714   71.16%
   8920  3335      690.7398   452     2364.2088      681.9183  1176460   71.16%
   8921  3336      689.6219   486     2364.2088      681.9183  1177904   71.16%
   8922  3336      683.0640   478     2364.2088      681.9183  1177905   71.16%
   8923  3337      690.7480   409     2364.2088      681.9183  1178019   71.16%
   8924  3338      681.9565   466     2364.2088      681.9183  1178135   71.16%
Elapsed time = 3502.80 sec. (2356467.53 ticks, tree = 1367.17 MB, solutions = 5)
   8931  3340      697.0348   405     2364.2088      681.9183  1180671   71.16%
   8933  3342      717.9800   367     2364.2088      681.9183  1182318   71.16%
   8934  3343      683.4939   436     2364.2088      681.9571  1182320   71.15%
   8935  3344      691.5152   422     2364.2088      681.9571  1183267   71.15%
   8936  3344      692.4443   423     2364.2088      681.9571  1183839   71.15%
   8937  3345      689.7010   434     2364.2088      681.9571  1184032   71.15%
   8938  3345      697.0348   405     2364.2088      681.9571  1184033   71.15%
   8939  3345      715.3975   343     2364.2088      681.9571  1184809   71.15%
   8940  3346      690.8527   430     2364.2088      681.9571  1184890   71.15%
   8941  3347      718.6379   321     2364.2088      681.9571  1185078   71.15%
Elapsed time = 3518.86 sec. (2364523.99 ticks, tree = 1363.88 MB, solutions = 5)
   8973  3371      690.9261   455     2364.2088      681.9571  1194850   71.15%
   8975  3373      716.6041   349     2364.2088      681.9571  1196876   71.15%
   8976  3374      716.1568   318     2364.2088      681.9571  1197815   71.15%
   8977  3374      692.7055   440     2364.2088      681.9571  1198784   71.15%
   8980  3376      715.1721   348     2364.2088      681.9571  1200051   71.15%
   8981  3377      727.1537   316     2364.2088      681.9571  1200890   71.15%
   8982  3378      724.0252   346     2364.2088      681.9571  1201333   71.15%
   8983  3379      690.9786   447     2364.2088      681.9571  1201360   71.15%
   8985  3380      718.3971   371     2364.2088      681.9571  1201797   71.15%
   8986  3381      717.8674   339     2364.2088      681.9571  1202337   71.15%
Elapsed time = 3535.09 sec. (2370677.66 ticks, tree = 1359.36 MB, solutions = 5)
   9028  3404      733.7106   338     2364.2088      681.9571  1213846   71.15%
   9029  3405      733.4683   288     2364.2088      681.9571  1214193   71.15%
   9030  3406      717.4536   357     2364.2088      681.9571  1215134   71.15%
   9033  3408      733.9885   363     2364.2088      681.9571  1215751   71.15%
   9035  3408      730.2790   363     2364.2088      681.9571  1216285   71.15%
   9038  3411      735.6132   364     2364.2088      681.9571  1216794   71.15%
   9039  3412      735.5161   314     2364.2088      681.9571  1217018   71.15%
   9040  3413      717.4536   356     2364.2088      681.9571  1217022   71.15%
   9042  3413      720.6866   361     2364.2088      681.9571  1217025   71.15%
   9043  3413      719.6988   381     2364.2088      681.9571  1217246   71.15%
Elapsed time = 3556.76 sec. (2375988.61 ticks, tree = 1349.08 MB, solutions = 5)
   9062  3421      733.9270   323     2364.2088      681.9571  1221602   71.15%
   9065  3423      730.2863   356     2364.2088      681.9571  1222116   71.15%
   9072  3426      736.0450   343     2364.2088      681.9571  1223102   71.15%
   9073  3427      746.1429   388     2364.2088      681.9571  1224580   71.15%
   9075  3429      731.3775   359     2364.2088      681.9571  1224967   71.15%
   9078  3429      736.8956   360     2364.2088      681.9571  1226322   71.15%
   9082  3431      746.3075   301     2364.2088      681.9571  1227291   71.15%
   9083  3431      735.7726   362     2364.2088      681.9571  1227309   71.15%
   9087  3434      736.9537   359     2364.2088      681.9571  1227740   71.15%
   9091  3437      742.8801   370     2364.2088      681.9571  1228885   71.15%
Elapsed time = 3567.78 sec. (2383784.56 ticks, tree = 1339.22 MB, solutions = 5)
   9179  3484      724.3526   344     2364.2088      681.9571  1248051   71.15%
   9181  3485      741.0153   328     2364.2088      681.9571  1249186   71.15%
   9185  3487      754.8025   289     2364.2088      681.9571  1249946   71.15%
   9189  3489      701.7385   355     2364.2088      681.9571  1251592   71.15%
   9191  3491      746.4601   316     2364.2088      681.9571  1252254   71.15%
   9193  3493      744.9233   285     2364.2088      681.9571  1253211   71.15%
   9195  3494      761.9342   302     2364.2088      681.9571  1253300   71.15%
   9198  3496      738.7236   333     2364.2088      681.9571  1254096   71.15%
   9199  3497      701.7655   353     2364.2088      681.9571  1254222   71.15%
   9200  3497      725.4066   277     2364.2088      681.9571  1254661   71.15%
Elapsed time = 3584.83 sec. (2387762.81 ticks, tree = 1319.09 MB, solutions = 5)
   9213  3506      753.6824   273     2364.2088      681.9571  1259043   71.15%
   9219  3508      703.6179   362     2364.2088      681.9571  1260908   71.15%
   9221  3509      748.8579   308     2364.2088      681.9571  1261334   71.15%
   9223  3510      739.5646   281     2364.2088      681.9571  1261822   71.15%
   9226  3512      740.7843   330     2364.2088      681.9571  1263520   71.15%
   9229  3514      706.0791   381     2364.2088      681.9571  1264277   71.15%
   9231  3514      747.0074   331     2364.2088      681.9571  1264659   71.15%
   9233  3515      741.1185   284     2364.2088      681.9571  1264990   71.15%
   9236  3518      742.0958   284     2364.2088      681.9571  1265717   71.15%
   9239  3520      717.3603   359     2364.2088      681.9571  1266342   71.15%
Elapsed time = 3596.53 sec. (2393989.21 ticks, tree = 1312.51 MB, solutions = 5)

GUB cover cuts applied:  5
Clique cuts applied:  37
Cover cuts applied:  11
Implied bound cuts applied:  380
Flow cuts applied:  203
Mixed integer rounding cuts applied:  1371
Zero-half cuts applied:  282
Gomory fractional cuts applied:  163

Root node processing (before b&c):
  Real time             =   63.18 sec. (40269.34 ticks)
Parallel b&c, 10 threads:
  Real time             = 3536.88 sec. (2355025.20 ticks)
  Sync time (average)   =  177.07 sec.
  Wait time (average)   =  207.57 sec.
                          ------------
Total (root+branch&cut) = 3600.05 sec. (2395294.54 ticks)
Status: Feasible
Obj: 2364.21
Vehicles: 5
Time: 3600.06
