21 1870.69 0.000434 10 836.259 54.7116 773
21 1870.69 0.000169 10 885.179 89.1649 1174
21 1870.69 0.000158 10 851.13 231.958 3099
21 1870.69 0.000155 10 827.093 106.952 1481
21 1870.69 0.000154 10 864.002 124.892 1655
19 1992.46 0.000151 10 847.507 185.181 1121
19 1992.46 0.000146 10 852.267 152.075 1041
19 1992.46 0.000147 10 892.278 65.5635 459
19 1992.46 0.00016 11 870.052 66.8864 375
19 1992.46 0.000146 10 901.352 133.229 856
17 1656.8 0.000186 11 916.655 49.2191 221
17 1656.8 0.000144 10 980.967 50.105 283
17 1656.8 0.000142 10 980.363 93.1653 382
17 1656.8 0.000144 11 895.608 67.6056 317
17 1656.8 0.000143 10 858.686 133.328 606
15 1702.63 0.000136 12 1202.61 78.5752 335
15 1702.63 0.000135 11 1083.37 65.0475 361
15 1702.63 0.000177 11 1116.53 143.706 680
15 1702.63 0.000151 11 1199.36 87.8172 443
15 1702.63 0.00014 10 1002.63 158.426 754
20 1888.39 0.00018 10 828 108.647 1293
20 1888.39 0.00016 10 906.456 24.0107 295
20 1888.39 0.000153 10 870.765 144.59 1687
20 1888.39 0.000155 10 829.675 172.15 2033
20 1888.39 0.000156 10 824.941 197.505 2340
19 1913.09 0.000155 10 875.783 192.666 1796
19 1913.09 0.000153 10 912.472 44.0102 417
19 1913.09 0.000152 10 892.778 22.8425 233
19 1913.09 0.00017 10 900.716 86.824 816
19 1913.09 0.000152 10 874.08 144.622 1318
18 2131.54 0.00018 10 871.628 210.633 2259
18 2131.54 0.000157 10 913.829 130.809 1351
18 2131.54 0.000157 10 873.743 140.802 1397
18 2131.54 0.000156 10 832.536 149.463 1599
18 2131.54 0.000152 10 827.078 41.9083 422
17 2103.41 0.00015 10 886.863 160.16 1015
17 2103.41 0.000149 10 935.975 55.2896 430
17 2103.41 0.000149 12 1036.43 77.4692 551
17 2103.41 0.000149 11 860.741 84.7533 570
17 2103.41 0.000154 10 975.542 112.58 757
14 1788.55 0.000161 10 970.532 127.703 702
14 1788.55 0.000144 10 934.687 126.819 622
14 1788.55 0.000142 10 1024.17 49.1836 277
14 1788.55 0.000143 11 1007.53 146.548 783
14 1788.55 0.000144 11 971.058 205.152 1013
15 1880.47 0.000416 3 591.557 48.2432 604
15 1880.47 0.00014 4 629.513 112.674 1464
15 1880.47 0.000139 3 591.557 59.7876 767
15 1880.47 0.000138 4 614.905 55.9567 616
15 1880.47 0.000137 3 650.781 38.9672 485
14 1603.09 0.000154 3 591.557 47.7616 329
14 1603.09 0.000141 3 591.557 93.5163 662
14 1603.09 0.000139 3 591.557 363.317 2449
14 1603.09 0.000151 3 590.323 237.28 1630
14 1603.09 0.00014 4 612.225 46.4129 312
11 1583.7 0.000161 4 624.454 67.6796 318
11 1583.7 0.000336 4 624.531 79.8932 423
11 1583.7 0.000135 3 595.006 92.7446 429
11 1583.7 0.000134 4 640.11 66.8625 368
11 1583.7 0.000132 3 594.513 58.553 276
9 1446.73 0.000155 4 676.407 173.116 598
9 1446.73 0.000146 4 693.906 135.423 327
9 1446.73 0.000129 4 712.647 227.829 634
9 1446.73 0.000131 4 667.38 200.253 491
9 1446.73 0.000131 3 651.283 108.026 412
9 1485.1 0.000153 3 598.07 67.731 638
9 1485.1 0.000145 3 611.539 167.052 1365
9 1485.1 0.000139 4 626.014 57.1229 543
9 1485.1 0.000135 3 600.048 49.9418 400
9 1485.1 0.000135 3 588.493 111.054 899
8 1267.89 0.000135 3 590.538 49.5342 375
8 1267.89 0.000134 5 647.818 89.2973 814
8 1267.89 0.000133 3 603.874 111.374 791
8 1267.89 0.000133 5 673.949 70.4173 343
8 1267.89 0.000168 4 615.663 154.393 811
8 1292.97 0.000152 4 642.064 51.0139 443
8 1292.97 0.00013 3 601.099 70.3606 601
8 1292.97 0.000131 4 617.212 160.649 1439
8 1292.97 0.000134 3 602.341 106.828 591
8 1292.97 0.000133 4 619.604 87.5111 744
6 1145.23 0.000153 3 656.171 109.628 837
6 1145.23 0.000138 3 607.141 69.0297 514
6 1145.23 0.000134 3 588.324 71.4854 468
6 1145.23 0.000131 3 588.324 62.5438 358
6 1145.23 0.00013 4 615.336 59.713 500
37 2623.24 0.000537 19 1662.04 89.5337 912
37 2623.24 0.000524 20 1762.58 40.2912 400
37 2623.24 0.000176 20 1769.7 41.5552 351
37 2623.24 0.000175 17 1666.26 60.715 607
37 2623.24 0.000175 19 1647.21 110.4 1101
34 2442.78 0.000348 18 1531.52 60.5035 379
34 2442.78 0.000487 17 1520.13 47.7548 322
34 2442.78 0.000167 17 1487.93 186.16 1028
34 2442.78 0.000186 18 1519.53 108.003 755
34 2442.78 0.000166 17 1500.54 57.3642 414
25 1972.04 0.000316 14 1279.46 66.4131 312
25 1972.04 0.000452 13 1215.97 125.251 626
25 1972.04 0.000154 12 1164.58 109.162 725
25 1972.04 0.000458 12 1230.83 106.185 572
25 1972.04 0.000173 13 1237.94 71.9387 359
18 1519.35 0.000162 12 1118 61.4333 425
18 1519.35 0.000146 12 1122.49 82.0219 418
18 1519.35 0.000146 13 1133.52 27.6214 248
18 1519.35 0.000146 11 1071.28 116.107 608
18 1519.35 0.000145 10 1115.23 24.7541 236
27 2238.6 0.000399 14 1423.64 36.1615 280
27 2238.6 0.000474 14 1418.37 71.7636 562
27 2238.6 0.000163 14 1365.81 41.4428 330
27 2238.6 0.000162 14 1397.86 58.91 479
27 2238.6 0.000162 15 1433.06 43.8517 268
28 2168.74 0.000161 13 1346.67 61.1923 368
28 2168.74 0.000159 14 1340.97 129.086 794
28 2168.74 0.000169 15 1306.97 71.5977 437
28 2168.74 0.000158 13 1312.6 118.704 675
28 2168.74 0.00016 12 1298.38 58.2796 351
21 1818.55 0.00015 11 1127.99 36.9219 246
21 1818.55 0.00016 12 1091.29 72.4114 305
21 1818.55 0.000148 11 1125.36 117.995 722
21 1818.55 0.000149 12 1080.85 64.2052 360
21 1818.55 0.000159 10 1071.58 77.4837 513
16 1505.37 0.000144 10 1059.65 47.3031 275
16 1505.37 0.000142 11 1056.7 20.6155 200
16 1505.37 0.000142 11 1047.28 76.2569 437
16 1505.37 0.000143 11 1070.55 35.6894 240
16 1505.37 0.000142 9 978.02 56.0951 337
19 1749.91 0.00018 12 1213.78 205.664 1130
19 1749.91 0.000152 14 1285.77 114.973 538
19 1749.91 0.000151 14 1280.76 81.3701 459
19 1749.91 0.000151 12 1238.66 80.5406 440
19 1749.91 0.000152 13 1243.36 51.8408 240
18 1738.35 0.00015 11 1136.21 133.706 696
18 1738.35 0.00015 12 1205.35 41.1723 251
18 1738.35 0.000151 13 1305.47 36.8413 229
18 1738.35 0.000149 11 1149.37 103.277 570
18 1738.35 0.000149 12 1179.22 77.4741 481
19 1691.28 0.000147 11 1159.17 133.528 873
19 1691.28 0.000147 11 1143.58 68.7283 372
19 1691.28 0.000147 12 1157.5 122.286 643
19 1691.28 0.000146 14 1106.41 132.09 609
19 1691.28 0.000148 14 1193.33 51.2391 273
14 1364.93 0.00014 11 1138.26 45.7405 252
14 1364.93 0.000139 12 1094.19 45.9676 208
14 1364.93 0.00014 11 1055.75 40.6461 208
14 1364.93 0.000139 13 1140.91 56.2411 249
14 1364.93 0.000138 12 1143.83 44.3394 209
15 1984.96 0.000154 8 1223.17 88.3923 481
15 1984.96 0.000155 6 1212.26 90.1093 436
15 1984.96 0.000154 8 1187.37 108.812 510
15 1984.96 0.000153 7 1127.93 146.695 720
15 1984.96 0.000154 5 1259.12 131.621 723
14 1812.99 0.000145 7 1087.68 143.457 441
14 1812.99 0.000145 8 1094.23 196.246 578
14 1812.99 0.000145 7 1103.07 366.377 1240
14 1812.99 0.000145 7 1087.7 223.629 710
14 1812.99 0.000144 6 1139.09 117.955 419
11 1532.72 0.000139 4 926.746 345.544 747
11 1532.72 0.000145 4 920.653 365.847 829
11 1532.72 0.000141 5 921.25 383.303 868
11 1532.72 0.000138 5 940.118 250.159 582
11 1532.72 0.000139 5 913.167 184.284 396
10 1381.01 0.000298 4 791.085 424.312 689
10 1381.01 0.000388 4 793.35 197.14 317
10 1381.01 0.000132 4 828.023 154.92 278
10 1381.01 0.000133 4 807.246 357.185 643
10 1381.01 0.000133 6 837.366 138.77 246
8 1519.37 0.000147 5 1035.6 176.896 723
8 1519.37 0.000146 6 1038.05 162.806 668
8 1519.37 0.000145 5 1001.1 179.693 653
8 1519.37 0.000146 6 1007.33 125.357 547
8 1519.37 0.000145 5 1001 83.8854 336
8 1513.05 0.000137 4 942.845 358.125 950
8 1513.05 0.000136 6 956.486 233.858 593
8 1513.05 0.000137 4 934.904 256.908 623
8 1513.05 0.000136 4 940.102 193.506 559
8 1513.05 0.000408 6 988.402 159.551 388
9 1429.51 0.000138 6 889.587 229.741 502
9 1429.51 0.000137 4 870.844 256.745 511
9 1429.51 0.000145 4 884.697 497.134 1123
9 1429.51 0.000137 5 885.413 286.108 538
9 1429.51 0.000136 4 892.713 341.625 675
5 1104.36 0.000129 3 748.931 168.956 309
5 1104.36 0.000127 3 757.204 328.539 485
5 1104.36 0.000133 3 755.697 242.284 374
5 1104.36 0.000136 3 769.595 295.057 513
5 1104.36 0.000401 4 759.694 146.324 213
8 1467.58 0.00014 4 924.967 219.193 701
8 1467.58 0.000142 5 980.784 120.739 473
8 1467.58 0.000142 5 974.023 105.166 409
8 1467.58 0.00014 4 924.027 197.699 744
8 1467.58 0.000141 6 968.22 125.712 457
9 1482.74 0.000144 5 951.935 113.491 273
9 1482.74 0.000178 5 939.326 186.408 447
9 1482.74 0.0004 6 966.647 111.038 280
9 1482.74 0.000136 5 970.934 185.707 495
9 1482.74 0.000137 5 964.226 113.273 254
5 1268.64 0.000132 5 852.197 168.415 483
5 1268.64 0.000133 4 793.184 85.308 243
5 1268.64 0.000131 4 791.788 235.947 773
5 1268.64 0.000132 4 790.763 97.7537 335
5 1268.64 0.00013 4 869.528 117.286 351
27 2711.3 0.000163 15 1690.17 61.9533 416
27 2711.3 0.000163 16 1663.64 30.3537 270
27 2711.3 0.000162 14 1592.5 27.8608 213
27 2711.3 0.000164 16 1689.57 45.858 323
27 2711.3 0.000163 13 1619.46 90.0234 702
27 2647.1 0.000161 14 1517.2 45.2729 309
27 2647.1 0.00016 12 1438.37 99.086 651
27 2647.1 0.00016 15 1499.68 69.3465 466
27 2647.1 0.00016 12 1539.08 73.773 664
27 2647.1 0.000159 13 1522.07 61.8164 366
23 2220.76 0.000202 12 1381.62 71.1802 585
23 2220.76 0.000155 13 1400.1 35.7825 252
23 2220.76 0.000164 12 1368.36 44.7248 284
23 2220.76 0.000156 12 1408.04 51.8186 346
23 2220.76 0.000156 12 1314.86 31.8726 235
16 1754.61 0.000141 12 1317.04 44.9912 210
16 1754.61 0.00014 13 1312.27 79.3825 475
16 1754.61 0.00015 14 1373.47 59.6255 369
16 1754.61 0.00014 11 1244.81 51.9726 265
16 1754.61 0.00014 13 1375.91 46.0554 332
28 2812.9 0.000163 14 1563.48 39.0876 328
28 2812.9 0.000163 15 1654.68 51.3976 410
28 2812.9 0.000164 16 1593.83 34.8197 317
28 2812.9 0.000162 15 1699.05 79.7325 590
28 2812.9 0.000163 15 1676.14 55.5199 475
20 2119.22 0.000152 13 1430.16 42.6885 255
20 2119.22 0.000154 12 1418.67 36.3782 243
20 2119.22 0.000152 12 1358.03 54.4042 295
20 2119.22 0.000153 13 1386.72 81.3305 524
20 2119.22 0.000152 12 1364.2 88.4475 520
18 1952.33 0.000148 12 1327.53 76.0531 423
18 1952.33 0.000148 11 1331.01 70.9951 529
18 1952.33 0.000149 12 1377.59 41.8046 290
18 1952.33 0.000148 13 1402.55 59.2445 406
18 1952.33 0.000147 12 1347.67 38.4597 280
15 1792.98 0.000145 12 1258.76 45.5643 243
15 1792.98 0.000145 12 1356.99 64.8638 373
15 1792.98 0.000145 12 1321.59 60.0077 362
15 1792.98 0.000144 13 1395.14 35.1304 201
15 1792.98 0.000144 12 1304.36 131.555 726
15 2468.25 0.000155 7 1519.12 104.768 451
15 2468.25 0.000155 7 1351.17 99.1856 501
15 2468.25 0.000155 7 1326.25 68.8878 320
15 2468.25 0.000155 6 1375.82 191.053 861
15 2468.25 0.000154 8 1337.22 104.936 496
13 2114.34 0.000148 6 1238.32 91.2875 297
13 2114.34 0.000148 7 1278.09 96.4294 292
13 2114.34 0.000148 6 1175.35 91.8352 302
13 2114.34 0.000148 5 1174.14 241.239 866
13 2114.34 0.000148 6 1172.51 213.893 705
13 2073.99 0.000144 5 1004.47 168.304 435
13 2073.99 0.000143 6 1022.32 333.157 896
13 2073.99 0.000153 5 1040.49 172.765 377
13 2073.99 0.000143 6 1059.22 163.437 345
13 2073.99 0.000144 5 985.369 152.007 333
7 1361.2 0.00013 4 838.884 132.515 265
7 1361.2 0.000132 5 862.874 124.475 214
7 1361.2 0.000131 5 863.963 372.437 646
7 1361.2 0.000131 5 867.259 179.231 319
7 1361.2 0.000131 6 884.273 229.571 547
15 2567.28 0.000152 6 1240.16 87.6368 291
15 2567.28 0.000151 7 1253.34 165.772 628
15 2567.28 0.000152 7 1229.34 101.309 370
15 2567.28 0.000151 7 1314.93 73.7333 272
15 2567.28 0.000152 6 1259.88 122.358 455
9 1820.95 0.000145 6 1207.02 60.3668 252
9 1820.95 0.000144 5 1117.89 107.387 380
9 1820.95 0.000144 5 1186.37 120.092 483
9 1820.95 0.000144 5 1191.09 90.5095 366
9 1820.95 0.000144 5 1148.68 248.64 1016
10 1981.1 0.000143 5 1060.26 88.2957 315
10 1981.1 0.000142 5 1114.76 137.688 497
10 1981.1 0.000142 6 1064.95 172.371 590
10 1981.1 0.00015 5 1136.19 72.844 266
10 1981.1 0.000142 5 1061.49 151.837 543
5 1395.02 0.000133 4 867.774 101.597 346
5 1395.02 0.000132 4 832.417 160.983 588
5 1395.02 0.000133 5 828.842 169.412 639
5 1395.02 0.000132 5 889.275 98.0307 378
5 1395.02 0.000133 5 991.841 73.9583 270
