21 1870.69 0.000276 11 890.08 0.253961 107
21 1870.69 0.000123 11 890.08 0.204752 107
21 1870.69 0.00012 10 828.937 0.217823 108
21 1870.69 0.000121 10 828.937 0.217369 108
21 1870.69 0.000122 10 828.937 0.187019 108
21 1870.69 9.4e-05 10 828.937 0.168797 108
21 1870.69 9.4e-05 10 828.937 0.168791 108
21 1870.69 9.4e-05 11 957.818 0.182772 106
21 1870.69 9.4e-05 11 957.818 0.177916 106
21 1870.69 9.4e-05 11 957.818 0.178802 106
19 1992.46 9.2e-05 11 943.192 0.260596 114
19 1992.46 8.8e-05 11 943.192 0.261316 114
19 1992.46 8.8e-05 11 913.082 0.223188 109
19 1992.46 8.8e-05 11 913.082 0.224112 109
19 1992.46 8.8e-05 11 913.082 0.2229 109
19 1992.46 8.8e-05 11 913.082 0.223647 109
19 1992.46 8.9e-05 10 873.261 0.1844 110
19 1992.46 9e-05 10 873.261 0.185702 110
19 1992.46 8.8e-05 10 873.261 0.18536 110
19 1992.46 8.9e-05 10 873.261 0.185183 110
17 1656.8 8.6e-05 12 1002.67 0.250016 111
17 1656.8 8.5e-05 11 958.508 0.289477 114
17 1656.8 8.6e-05 11 958.508 0.289211 114
17 1656.8 8.6e-05 11 958.508 0.29142 114
17 1656.8 0.000109 11 958.508 0.298926 114
17 1656.8 8.8e-05 12 1047.13 0.277352 106
17 1656.8 8.6e-05 12 1047.13 0.276248 106
17 1656.8 8.6e-05 12 1047.13 0.274231 106
17 1656.8 0.000108 11 996.944 0.227653 108
17 1656.8 8.6e-05 11 996.944 0.227616 108
15 1702.63 8e-05 12 1138.5 0.287197 109
15 1702.63 8.1e-05 12 1138.5 0.288069 109
15 1702.63 8.2e-05 11 1092.01 0.311838 115
15 1702.63 8.2e-05 11 1092.01 0.312515 115
15 1702.63 8.1e-05 11 1092.01 0.31161 115
15 1702.63 8.1e-05 12 1155 0.365411 109
15 1702.63 8.3e-05 12 1155 0.364975 109
15 1702.63 8.1e-05 12 1155 0.365207 109
15 1702.63 8.2e-05 11 1206.02 0.3329 114
15 1702.63 8e-05 11 1206.02 0.33259 114
20 1888.39 9.4e-05 11 871.339 0.16961 106
20 1888.39 9.3e-05 10 837.322 0.160702 104
20 1888.39 9.3e-05 10 837.322 0.160569 104
20 1888.39 9.2e-05 10 837.322 0.161019 104
20 1888.39 9.6e-05 10 837.322 0.16063 104
20 1888.39 9.3e-05 10 837.322 0.161188 104
20 1888.39 9.3e-05 10 837.322 0.16157 104
20 1888.39 9.2e-05 10 903.709 0.143905 107
20 1888.39 9.5e-05 10 903.709 0.143995 107
20 1888.39 9.3e-05 10 903.709 0.144062 107
19 1913.09 9.5e-05 11 932.745 0.169902 112
19 1913.09 9.4e-05 11 932.745 0.169813 112
19 1913.09 9.4e-05 11 932.745 0.169603 112
19 1913.09 9.4e-05 11 932.745 0.170004 112
19 1913.09 9.3e-05 13 1015.07 0.207342 109
19 1913.09 9.4e-05 13 1015.07 0.206872 109
19 1913.09 9.3e-05 13 1015.07 0.208312 109
19 1913.09 9.3e-05 13 1015.07 0.207446 109
19 1913.09 9.5e-05 13 1015.07 0.208562 109
19 1913.09 9.3e-05 11 940.157 0.18437 108
18 2131.54 9.2e-05 12 971.28 0.194625 108
18 2131.54 9.2e-05 12 971.28 0.195153 108
18 2131.54 9.3e-05 12 971.28 0.200184 108
18 2131.54 9.2e-05 12 971.28 0.194169 108
18 2131.54 9.2e-05 11 978.775 0.175425 106
18 2131.54 9.2e-05 11 978.775 0.175754 106
18 2131.54 9.2e-05 11 978.775 0.175616 106
18 2131.54 9.2e-05 11 978.775 0.175873 106
18 2131.54 9.2e-05 11 978.775 0.177905 106
18 2131.54 9.5e-05 12 970.242 0.205119 105
17 2103.41 9.1e-05 12 1012.96 0.247293 113
17 2103.41 9e-05 12 1012.96 0.246725 113
17 2103.41 9.1e-05 12 1012.96 0.246901 113
17 2103.41 9.1e-05 12 1101.8 0.269087 113
17 2103.41 9.1e-05 12 1101.8 0.26979 113
17 2103.41 9.1e-05 12 1101.8 0.269943 113
17 2103.41 9.1e-05 12 1101.8 0.269005 113
17 2103.41 9.2e-05 14 1184.26 0.25751 106
17 2103.41 9.2e-05 14 1184.26 0.256874 106
17 2103.41 9e-05 14 1184.26 0.256863 106
14 1788.55 8.6e-05 12 1101.6 0.303795 113
14 1788.55 0.000109 11 1091.89 0.242421 111
14 1788.55 8.7e-05 11 1091.89 0.241866 111
14 1788.55 8.7e-05 11 1091.89 0.242135 111
14 1788.55 8.7e-05 11 1091.89 0.241603 111
14 1788.55 8.7e-05 11 1053.39 0.272394 110
14 1788.55 8.7e-05 11 1053.39 0.272416 110
14 1788.55 8.7e-05 11 1053.39 0.271922 110
14 1788.55 8.7e-05 11 1053.39 0.272099 110
14 1788.55 8.7e-05 12 1055.56 0.29236 107
15 1880.47 8.3e-05 7 766.09 0.203452 112
15 1880.47 8.3e-05 7 766.09 0.203037 112
15 1880.47 8.3e-05 7 766.09 0.202549 112
15 1880.47 8.3e-05 5 700.733 0.223118 110
15 1880.47 8.3e-05 5 700.733 0.223588 110
15 1880.47 8.3e-05 5 700.733 0.223335 110
15 1880.47 8.3e-05 5 700.733 0.223335 110
15 1880.47 8.3e-05 5 788.925 0.215914 109
15 1880.47 8.2e-05 5 788.925 0.215331 109
15 1880.47 8.5e-05 5 788.925 0.215573 109
14 1603.09 8.3e-05 6 784.446 0.24085 105
14 1603.09 8.5e-05 6 784.446 0.241403 105
14 1603.09 8.4e-05 6 736.284 0.286918 114
14 1603.09 8.3e-05 6 736.284 0.286855 114
14 1603.09 8.2e-05 6 736.284 0.287535 114
14 1603.09 9.6e-05 5 736.911 0.267826 113
14 1603.09 8.2e-05 5 736.911 0.269465 113
14 1603.09 8.3e-05 5 736.911 0.267799 113
14 1603.09 8.5e-05 5 736.911 0.274391 113
14 1603.09 8.5e-05 5 718.783 0.347185 119
11 1583.7 7.9e-05 5 746.452 0.408914 117
11 1583.7 7.9e-05 5 746.452 0.408581 117
11 1583.7 7.9e-05 6 799.69 0.391373 108
11 1583.7 7.9e-05 6 799.69 0.390345 108
11 1583.7 8e-05 5 737.668 0.397377 111
11 1583.7 7.9e-05 5 737.668 0.400523 111
11 1583.7 7.9e-05 5 737.668 0.398797 111
11 1583.7 7.9e-05 6 775.357 0.363484 109
11 1583.7 8e-05 6 775.357 0.36229 109
11 1583.7 8e-05 4 791.834 0.373609 112
9 1446.73 7.6e-05 6 771.081 0.619017 116
9 1446.73 0.000223 5 750.719 0.755905 110
9 1446.73 9.8e-05 5 750.719 0.590399 110
9 1446.73 7.5e-05 5 743.509 0.562346 121
9 1446.73 7.5e-05 5 743.509 0.562662 121
9 1446.73 7.5e-05 6 791.841 0.476696 107
9 1446.73 7.5e-05 6 829.087 0.592371 116
9 1446.73 7.5e-05 6 829.087 0.591457 116
9 1446.73 7.4e-05 5 743.27 0.478542 113
9 1446.73 7.4e-05 5 743.27 0.478549 113
9 1485.1 8.2e-05 6 693.05 0.258542 110
9 1485.1 8.1e-05 6 693.05 0.257758 110
9 1485.1 8.1e-05 6 693.05 0.259144 110
9 1485.1 8e-05 6 693.05 0.257999 110
9 1485.1 0.000237 5 725.018 0.382995 108
9 1485.1 0.000106 5 725.018 0.331022 108
9 1485.1 0.000105 5 725.018 0.315414 108
9 1485.1 8.2e-05 6 706.344 0.263872 115
9 1485.1 8.2e-05 6 706.344 0.264145 115
9 1485.1 8.1e-05 6 706.344 0.264087 115
8 1267.89 7.9e-05 6 833.533 0.261952 108
8 1267.89 7.9e-05 6 833.533 0.262795 108
8 1267.89 7.9e-05 6 833.533 0.263117 108
8 1267.89 7.8e-05 6 833.533 0.263215 108
8 1267.89 7.9e-05 6 821.23 0.321921 110
8 1267.89 7.9e-05 6 821.23 0.322935 110
8 1267.89 7.9e-05 6 821.23 0.321819 110
8 1267.89 7.8e-05 7 853.266 0.31165 110
8 1267.89 8e-05 7 853.266 0.312664 110
8 1267.89 7.9e-05 7 853.266 0.311017 110
8 1292.97 7.8e-05 6 771.876 0.287275 104
8 1292.97 7.8e-05 6 771.876 0.28762 104
8 1292.97 7.6e-05 6 771.876 0.287083 104
8 1292.97 7.8e-05 6 771.876 0.288326 104
8 1292.97 7.8e-05 5 739.608 0.29141 106
8 1292.97 7.8e-05 5 739.608 0.292273 106
8 1292.97 7.8e-05 5 739.608 0.292034 106
8 1292.97 7.8e-05 6 848.82 0.294802 104
8 1292.97 7.8e-05 6 848.82 0.295122 104
8 1292.97 7.7e-05 6 848.82 0.294543 104
6 1145.23 8e-05 5 806.822 0.298385 109
6 1145.23 7.8e-05 6 813.284 0.333172 107
6 1145.23 8.1e-05 6 813.284 0.333289 107
6 1145.23 7.7e-05 6 813.284 0.343435 107
6 1145.23 8.1e-05 5 779.123 0.31915 110
6 1145.23 7.8e-05 5 779.123 0.313879 110
6 1145.23 7.8e-05 5 779.123 0.313993 110
6 1145.23 7.8e-05 5 763.259 0.281485 106
6 1145.23 7.7e-05 5 763.259 0.281415 106
6 1145.23 8.1e-05 5 763.259 0.282045 106
37 2623.24 0.000107 21 1770.97 0.176092 114
37 2623.24 0.000108 21 1770.97 0.17558 114
37 2623.24 0.000109 21 1770.97 0.176318 114
37 2623.24 0.000107 21 1770.97 0.175712 114
37 2623.24 0.000107 21 1770.97 0.176314 114
37 2623.24 0.000108 21 1770.97 0.176833 114
37 2623.24 0.000107 21 1719.7 0.16488 108
37 2623.24 0.00011 21 1719.7 0.164876 108
37 2623.24 0.000108 21 1719.7 0.165412 108
37 2623.24 0.000109 21 1719.7 0.166517 108
34 2442.78 0.000107 20 1583.31 0.206264 109
34 2442.78 0.000102 18 1559.33 0.206729 112
34 2442.78 0.000103 18 1559.33 0.206862 112
34 2442.78 0.000104 18 1559.33 0.207559 112
34 2442.78 0.000103 18 1559.33 0.206859 112
34 2442.78 0.000104 18 1559.33 0.207052 112
34 2442.78 0.000102 20 1655.53 0.189139 106
34 2442.78 0.000103 20 1655.53 0.187722 106
34 2442.78 0.000117 20 1655.53 0.188005 106
34 2442.78 0.000102 20 1655.53 0.187684 106
25 1972.04 9.4e-05 17 1391.73 0.252381 110
25 1972.04 9.4e-05 15 1331.85 0.222086 112
25 1972.04 9.4e-05 15 1331.85 0.221869 112
25 1972.04 9.3e-05 15 1331.85 0.222131 112
25 1972.04 9.8e-05 15 1331.85 0.22168 112
25 1972.04 9.7e-05 15 1331.85 0.221019 112
25 1972.04 9.4e-05 16 1390.82 0.248187 111
25 1972.04 9.4e-05 16 1390.82 0.249037 111
25 1972.04 9.4e-05 16 1390.82 0.24732 111
25 1972.04 9.3e-05 16 1390.82 0.247072 111
18 1519.35 9.2e-05 13 1144.97 0.26632 109
18 1519.35 8.8e-05 13 1144.97 0.265366 109
18 1519.35 8.8e-05 13 1144.97 0.26529 109
18 1519.35 9.1e-05 13 1129.91 0.297766 113
18 1519.35 9e-05 13 1129.91 0.297471 113
18 1519.35 8.9e-05 13 1129.91 0.298248 113
18 1519.35 8.8e-05 13 1129.91 0.306381 113
18 1519.35 9.4e-05 13 1129.01 0.27386 108
18 1519.35 8.9e-05 13 1129.01 0.271097 108
18 1519.35 8.9e-05 13 1129.01 0.27154 108
27 2238.6 0.000102 16 1500.23 0.193458 113
27 2238.6 0.000101 16 1500.23 0.193586 113
27 2238.6 0.000101 16 1500.23 0.195255 113
27 2238.6 0.000101 16 1500.23 0.193808 113
27 2238.6 0.000101 16 1500.23 0.19374 113
27 2238.6 0.000102 15 1471.05 0.197303 117
27 2238.6 0.000101 15 1471.05 0.197455 117
27 2238.6 0.000101 15 1471.05 0.197419 117
27 2238.6 0.000102 15 1471.05 0.197589 117
27 2238.6 0.000102 15 1471.05 0.196992 117
28 2168.74 9.7e-05 17 1473.98 0.258363 114
28 2168.74 9.8e-05 17 1473.98 0.257926 114
28 2168.74 9.8e-05 17 1473.98 0.258086 114
28 2168.74 9.8e-05 17 1473.98 0.257521 114
28 2168.74 9.8e-05 16 1497.09 0.200606 115
28 2168.74 9.9e-05 16 1497.09 0.200567 115
28 2168.74 9.7e-05 16 1497.09 0.201191 115
28 2168.74 9.7e-05 16 1497.09 0.200853 115
28 2168.74 9.8e-05 16 1497.09 0.201116 115
28 2168.74 0.000113 15 1458.22 0.229974 112
21 1818.55 9.1e-05 12 1191.57 0.231737 119
21 1818.55 9.1e-05 12 1191.57 0.231419 119
21 1818.55 0.000106 12 1191.57 0.231418 119
21 1818.55 9e-05 12 1217.74 0.23157 114
21 1818.55 9.1e-05 12 1217.74 0.232278 114
21 1818.55 9e-05 12 1217.74 0.231634 114
21 1818.55 9.3e-05 12 1217.74 0.232243 114
21 1818.55 9e-05 12 1217.74 0.231625 114
21 1818.55 9.1e-05 13 1187.9 0.276719 119
21 1818.55 9e-05 13 1187.9 0.277975 119
16 1505.37 8.6e-05 12 1144.47 0.246487 108
16 1505.37 8.8e-05 12 1152.83 0.271395 113
16 1505.37 8.6e-05 12 1152.83 0.271721 113
16 1505.37 0.000108 12 1152.83 0.271492 113
16 1505.37 8.6e-05 12 1152.83 0.271656 113
16 1505.37 8.6e-05 12 1136.72 0.262263 110
16 1505.37 8.8e-05 12 1136.72 0.262329 110
16 1505.37 8.7e-05 12 1136.72 0.262466 110
16 1505.37 8.7e-05 12 1136.72 0.2693 110
16 1505.37 8.9e-05 11 1086.92 0.256679 115
19 1749.91 0.000102 14 1318.36 0.250614 110
19 1749.91 9.5e-05 14 1318.36 0.248413 110
19 1749.91 9.5e-05 14 1318.36 0.249046 110
19 1749.91 9.4e-05 13 1292.69 0.211211 109
19 1749.91 9.5e-05 13 1292.69 0.212952 109
19 1749.91 9.5e-05 13 1292.69 0.211727 109
19 1749.91 9.5e-05 13 1292.69 0.212184 109
19 1749.91 9.9e-05 16 1347.11 0.299023 113
19 1749.91 9.5e-05 16 1347.11 0.296981 113
19 1749.91 9.6e-05 16 1347.11 0.297012 113
18 1738.35 0.000115 13 1227.37 0.253623 110
18 1738.35 9.1e-05 12 1167.27 0.265695 110
18 1738.35 9.3e-05 12 1167.27 0.265975 110
18 1738.35 9.5e-05 12 1167.27 0.265946 110
18 1738.35 9.2e-05 14 1266.16 0.267358 110
18 1738.35 9.2e-05 14 1266.16 0.26743 110
18 1738.35 9.1e-05 14 1266.16 0.268442 110
18 1738.35 9.2e-05 14 1266.16 0.26679 110
18 1738.35 9.2e-05 13 1223.29 0.275587 118
18 1738.35 9.2e-05 13 1223.29 0.274598 118
19 1691.28 8.8e-05 13 1171.82 0.224805 107
19 1691.28 8.9e-05 13 1171.82 0.225949 107
19 1691.28 8.9e-05 13 1170.52 0.234379 109
19 1691.28 8.8e-05 13 1170.52 0.233614 109
19 1691.28 8.9e-05 13 1170.52 0.233495 109
19 1691.28 9e-05 13 1170.52 0.233806 109
19 1691.28 9e-05 12 1184.93 0.262025 118
19 1691.28 0.000262 12 1184.93 0.389818 118
19 1691.28 0.000116 12 1184.93 0.33643 118
19 1691.28 0.000115 14 1262.17 0.299732 111
14 1364.93 8.4e-05 12 1124.22 0.259318 107
14 1364.93 8.3e-05 12 1124.22 0.259149 107
14 1364.93 8.4e-05 12 1124.22 0.260145 107
14 1364.93 8.6e-05 12 1118.27 0.286339 114
14 1364.93 8.4e-05 12 1118.27 0.286509 114
14 1364.93 8.4e-05 12 1118.27 0.28593 114
14 1364.93 8.2e-05 12 1118.27 0.28657 114
14 1364.93 8.4e-05 12 1166.3 0.219431 107
14 1364.93 8.4e-05 12 1166.3 0.22206 107
14 1364.93 8.4e-05 12 1166.3 0.219018 107
15 1984.96 9.7e-05 10 1288.8 0.277365 110
15 1984.96 9.8e-05 10 1358.61 0.241431 108
15 1984.96 0.000106 10 1358.61 0.246111 108
15 1984.96 9.8e-05 10 1358.61 0.241499 108
15 1984.96 9.7e-05 10 1358.61 0.241033 108
15 1984.96 9.8e-05 10 1292.18 0.354091 118
15 1984.96 9.8e-05 10 1292.18 0.35581 118
15 1984.96 9.9e-05 10 1292.18 0.354936 118
15 1984.96 9.8e-05 9 1279.02 0.299123 114
15 1984.96 9.8e-05 9 1279.02 0.299817 114
14 1812.99 8.9e-05 8 1117.47 0.402943 120
14 1812.99 8.9e-05 11 1212.03 0.402235 106
14 1812.99 9e-05 11 1212.03 0.40215 106
14 1812.99 9e-05 10 1131.99 0.452097 115
14 1812.99 8.8e-05 10 1131.99 0.451668 115
14 1812.99 9.9e-05 10 1131.99 0.452301 115
14 1812.99 8.9e-05 8 1108.5 0.389541 116
14 1812.99 8.9e-05 8 1108.5 0.389255 116
14 1812.99 8.9e-05 9 1173.68 0.385657 113
14 1812.99 9e-05 9 1173.68 0.386401 113
11 1532.72 8.5e-05 7 989.069 0.493343 114
11 1532.72 8.6e-05 7 989.069 0.49641 114
11 1532.72 8.5e-05 7 1018.64 0.517517 118
11 1532.72 0.000263 7 1018.64 0.722977 118
11 1532.72 0.000111 8 1036.4 0.526194 110
11 1532.72 8.5e-05 8 1036.4 0.46343 110
11 1532.72 8.6e-05 8 1027.74 0.508835 114
11 1532.72 9.8e-05 8 1027.74 0.513366 114
11 1532.72 0.000101 7 1071.87 0.468841 110
11 1532.72 8.6e-05 7 1071.87 0.469372 110
10 1381.01 7.9e-05 6 860.899 0.560394 119
10 1381.01 7.9e-05 6 860.899 0.55982 119
10 1381.01 8e-05 6 863.309 0.574219 112
10 1381.01 8e-05 6 863.309 0.576979 112
10 1381.01 8e-05 7 913.159 0.666413 121
10 1381.01 8e-05 7 870.754 0.547179 109
10 1381.01 8e-05 7 870.754 0.546173 109
10 1381.01 8.2e-05 5 848.301 0.516484 110
10 1381.01 8e-05 5 848.301 0.516791 110
10 1381.01 8e-05 6 877.462 0.593779 113
8 1519.37 9.3e-05 7 1110.03 0.295085 104
8 1519.37 9.2e-05 8 1092.23 0.31831 105
8 1519.37 0.000102 8 1092.23 0.317718 105
8 1519.37 9.1e-05 8 1092.23 0.324209 105
8 1519.37 9.4e-05 7 1118.14 0.312239 110
8 1519.37 9.4e-05 7 1118.14 0.311883 110
8 1519.37 9.4e-05 7 1118.14 0.313283 110
8 1519.37 9.5e-05 6 1078.37 0.304654 112
8 1519.37 9.5e-05 6 1078.37 0.303691 112
8 1519.37 9.4e-05 6 1078.37 0.303422 112
8 1513.05 8.5e-05 7 1068.66 0.551823 114
8 1513.05 8.3e-05 7 1068.66 0.549785 114
8 1513.05 8.2e-05 7 1065.05 0.388511 111
8 1513.05 8.5e-05 7 1065.05 0.387108 111
8 1513.05 8.3e-05 7 1065.05 0.391496 111
8 1513.05 8.3e-05 7 998.321 0.494835 108
8 1513.05 8.3e-05 7 998.321 0.493855 108
8 1513.05 8.2e-05 5 1137.44 0.438203 116
8 1513.05 8.3e-05 5 1137.44 0.43767 116
8 1513.05 8.2e-05 7 1026.29 0.490968 115
9 1429.51 8.3e-05 6 998.95 0.491511 113
9 1429.51 8.6e-05 7 954.272 0.60785 118
9 1429.51 8.3e-05 7 954.272 0.606767 118
9 1429.51 8.3e-05 8 961.766 0.643139 119
9 1429.51 8.5e-05 7 1033.74 0.485114 108
9 1429.51 8.3e-05 7 1033.74 0.486682 108
9 1429.51 8.8e-05 7 968.945 0.592291 113
9 1429.51 8.3e-05 7 968.945 0.57713 113
9 1429.51 8.3e-05 7 965.531 0.601275 123
9 1429.51 8.3e-05 7 965.531 0.599847 123
5 1104.36 7.6e-05 4 801.162 0.776217 115
5 1104.36 0.000224 5 801.87 0.933046 109
5 1104.36 8.8e-05 4 790.098 0.561947 110
5 1104.36 7.5e-05 4 790.098 0.560502 110
5 1104.36 7.5e-05 4 799.911 0.70284 109
5 1104.36 7.5e-05 4 799.911 0.698809 109
5 1104.36 8.5e-05 5 799.915 0.706354 116
5 1104.36 7.6e-05 4 801.258 0.512359 110
5 1104.36 7.5e-05 4 801.258 0.511121 110
5 1104.36 7.6e-05 4 780.441 0.784441 118
8 1467.58 8.7e-05 7 1005.67 0.429301 114
8 1467.58 8.6e-05 7 1005.67 0.42956 114
8 1467.58 8.6e-05 7 1010.34 0.433332 115
8 1467.58 8.7e-05 7 1010.34 0.429581 115
8 1467.58 8.7e-05 7 1010.34 0.428484 115
8 1467.58 8.8e-05 6 1047.17 0.374037 113
8 1467.58 8.6e-05 6 1047.17 0.377429 113
8 1467.58 8.6e-05 5 939.906 0.367529 112
8 1467.58 8.6e-05 5 939.906 0.362546 112
8 1467.58 8.7e-05 5 939.906 0.362617 112
9 1482.74 8.2e-05 7 1019.86 0.386403 104
9 1482.74 8.5e-05 7 1019.86 0.387094 104
9 1482.74 8.4e-05 7 1019.86 0.385178 104
9 1482.74 8.4e-05 6 1012.61 0.438385 117
9 1482.74 8.4e-05 6 1012.61 0.436717 117
9 1482.74 8.4e-05 6 1023.88 0.478432 113
9 1482.74 8.3e-05 6 1023.88 0.478708 113
9 1482.74 8.4e-05 6 1008.38 0.429649 113
9 1482.74 8.3e-05 6 1008.38 0.429511 113
9 1482.74 8.4e-05 5 1094.78 0.340083 113
5 1268.64 8e-05 5 826.208 0.427476 116
5 1268.64 8e-05 5 826.208 0.428458 116
5 1268.64 8e-05 5 901.844 0.401525 111
5 1268.64 8e-05 5 901.844 0.40268 111
5 1268.64 8e-05 4 926.739 0.297938 106
5 1268.64 8e-05 4 926.739 0.299881 106
5 1268.64 8e-05 4 926.739 0.298327 106
5 1268.64 7.9e-05 4 926.739 0.298322 106
5 1268.64 8e-05 4 857.862 0.351891 108
5 1268.64 8e-05 4 857.862 0.351802 108
27 2711.3 0.000102 18 1781.59 0.18706 117
27 2711.3 0.000116 17 1817.61 0.174146 111
27 2711.3 0.000102 17 1817.61 0.174272 111
27 2711.3 0.000303 17 1817.61 0.278239 111
27 2711.3 0.000133 17 1817.61 0.224165 111
27 2711.3 0.000133 18 1848.34 0.244299 114
27 2711.3 0.000132 18 1848.34 0.236701 114
27 2711.3 0.000103 18 1848.34 0.18922 114
27 2711.3 0.000106 18 1848.34 0.189399 114
27 2711.3 0.000102 18 1848.34 0.189442 114
27 2647.1 0.000101 14 1555.44 0.231656 123
27 2647.1 0.000102 14 1555.44 0.231823 123
27 2647.1 0.000101 14 1555.44 0.231545 123
27 2647.1 9.9e-05 14 1555.44 0.230776 123
27 2647.1 0.000102 15 1670.6 0.211714 112
27 2647.1 0.0001 15 1670.6 0.21195 112
27 2647.1 0.000101 15 1670.6 0.212014 112
27 2647.1 0.000101 15 1670.6 0.212129 112
27 2647.1 0.000113 15 1670.6 0.212099 112
27 2647.1 0.0001 17 1681.42 0.221197 114
23 2220.76 9.5e-05 13 1418.46 0.226971 111
23 2220.76 9.6e-05 13 1418.46 0.227054 111
23 2220.76 9.6e-05 13 1418.46 0.227751 111
23 2220.76 9.6e-05 16 1571.01 0.263792 113
23 2220.76 9.8e-05 16 1571.01 0.263586 113
23 2220.76 9.6e-05 16 1571.01 0.26374 113
23 2220.76 9.6e-05 16 1571.01 0.263917 113
23 2220.76 9.6e-05 14 1467.97 0.194795 106
23 2220.76 9.6e-05 14 1467.97 0.194511 106
23 2220.76 9.6e-05 14 1467.97 0.195362 106
16 1754.61 8.6e-05 13 1309.03 0.309222 116
16 1754.61 8.5e-05 13 1309.03 0.309726 116
16 1754.61 8.6e-05 13 1346.92 0.283819 110
16 1754.61 8.6e-05 13 1346.92 0.283941 110
16 1754.61 8.6e-05 13 1346.92 0.283522 110
16 1754.61 8.6e-05 12 1300.85 0.260077 108
16 1754.61 8.5e-05 12 1300.85 0.258105 108
16 1754.61 8.6e-05 12 1300.85 0.258416 108
16 1754.61 8.5e-05 12 1300.85 0.271243 108
16 1754.61 9.1e-05 13 1365.84 0.278287 112
28 2812.9 0.000102 18 1832.46 0.184599 107
28 2812.9 0.000102 18 1832.46 0.182995 107
28 2812.9 0.000102 18 1832.46 0.183008 107
28 2812.9 0.000102 17 1710.92 0.198415 114
28 2812.9 0.000102 17 1710.92 0.198261 114
28 2812.9 0.000102 17 1710.92 0.197611 114
28 2812.9 0.000102 17 1710.92 0.198312 114
28 2812.9 0.000118 17 1710.92 0.197664 114
28 2812.9 0.000105 18 1732.27 0.191426 109
28 2812.9 0.000102 18 1732.27 0.192074 109
20 2119.22 9.7e-05 13 1413.03 0.231593 117
20 2119.22 9.4e-05 13 1413.03 0.233052 117
20 2119.22 9.4e-05 13 1413.03 0.2314 117
20 2119.22 9.5e-05 14 1543.09 0.20698 107
20 2119.22 9.8e-05 14 1543.09 0.206896 107
20 2119.22 9.4e-05 14 1543.09 0.207299 107
20 2119.22 9.3e-05 14 1543.09 0.206654 107
20 2119.22 9.4e-05 14 1543.09 0.207395 107
20 2119.22 9.4e-05 14 1492.43 0.235995 111
20 2119.22 9.4e-05 14 1492.43 0.236334 111
18 1952.33 9.1e-05 14 1518.64 0.235763 109
18 1952.33 9.2e-05 14 1518.64 0.235526 109
18 1952.33 9.1e-05 14 1460.15 0.278194 109
18 1952.33 9.2e-05 14 1460.15 0.278715 109
18 1952.33 9.2e-05 14 1460.15 0.278822 109
18 1952.33 9.1e-05 14 1460.15 0.279025 109
18 1952.33 9.1e-05 14 1419.85 0.245554 111
18 1952.33 9.1e-05 14 1419.85 0.247533 111
18 1952.33 9.2e-05 14 1419.85 0.246727 111
18 1952.33 9.2e-05 12 1482.47 0.204438 111
15 1792.98 8.9e-05 11 1275.33 0.255521 114
15 1792.98 8.9e-05 11 1275.33 0.255561 114
15 1792.98 8.8e-05 11 1275.33 0.25568 114
15 1792.98 8.9e-05 11 1275.33 0.255427 114
15 1792.98 8.9e-05 13 1381.94 0.228321 106
15 1792.98 8.9e-05 13 1381.94 0.228779 106
15 1792.98 0.000111 13 1381.94 0.228213 106
15 1792.98 8.9e-05 13 1381.94 0.228383 106
15 1792.98 8.9e-05 13 1349.63 0.210123 105
15 1792.98 8.8e-05 13 1349.63 0.209887 105
15 2468.25 0.000101 9 1520.63 0.27018 109
15 2468.25 0.0001 9 1520.63 0.276051 109
15 2468.25 0.000102 9 1573.78 0.277234 114
15 2468.25 0.000102 9 1573.78 0.277314 114
15 2468.25 0.000102 9 1573.78 0.276785 114
15 2468.25 0.000102 9 1573.78 0.269907 114
15 2468.25 9.9e-05 10 1584.56 0.272767 110
15 2468.25 9.9e-05 10 1584.56 0.273207 110
15 2468.25 9.9e-05 10 1584.56 0.273023 110
15 2468.25 0.0001 8 1573.3 0.245808 111
13 2114.34 9.3e-05 10 1285.75 0.400621 110
13 2114.34 9.4e-05 10 1285.75 0.39954 110
13 2114.34 9.4e-05 9 1288.67 0.368539 113
13 2114.34 9.3e-05 9 1288.67 0.366973 113
13 2114.34 9.5e-05 9 1288.67 0.367639 113
13 2114.34 0.000117 10 1366.41 0.378948 112
13 2114.34 9.3e-05 10 1366.41 0.378512 112
13 2114.34 9.5e-05 8 1380.17 0.345263 113
13 2114.34 9.4e-05 8 1380.17 0.327079 113
13 2114.34 9.3e-05 8 1380.17 0.326652 113
13 2073.99 9e-05 8 1074.53 0.44819 113
13 2073.99 9e-05 8 1074.53 0.445941 113
13 2073.99 9e-05 8 1074.53 0.446851 113
13 2073.99 9e-05 8 1176.65 0.427564 117
13 2073.99 9e-05 8 1176.65 0.426122 117
13 2073.99 9e-05 9 1205.59 0.427476 108
13 2073.99 8.9e-05 9 1205.59 0.426982 108
13 2073.99 9e-05 6 1094.86 0.422437 119
13 2073.99 9e-05 6 1094.86 0.424019 119
13 2073.99 9.1e-05 6 1094.86 0.444815 119
7 1361.2 8.4e-05 6 953.774 0.726141 120
7 1361.2 8e-05 5 921.094 0.556262 112
7 1361.2 8e-05 5 921.094 0.556848 112
7 1361.2 8e-05 6 979.279 0.494133 107
7 1361.2 8.1e-05 6 979.279 0.492714 107
7 1361.2 8e-05 6 976.528 0.515996 106
7 1361.2 9.4e-05 6 976.528 0.51564 106
7 1361.2 8.8e-05 6 948.878 0.509862 109
7 1361.2 8e-05 6 948.878 0.508488 109
7 1361.2 8e-05 6 972.451 0.560629 112
15 2567.28 9.6e-05 9 1359.48 0.344525 111
15 2567.28 9.7e-05 10 1435.11 0.340091 116
15 2567.28 9.6e-05 10 1435.11 0.340377 116
15 2567.28 9.7e-05 10 1435.11 0.340719 116
15 2567.28 9.7e-05 10 1508.13 0.335855 112
15 2567.28 9.7e-05 10 1508.13 0.337113 112
15 2567.28 9.6e-05 10 1508.13 0.336781 112
15 2567.28 9.7e-05 11 1355.44 0.330738 109
15 2567.28 9.8e-05 11 1355.44 0.327853 109
15 2567.28 9.7e-05 11 1355.44 0.330715 109
9 1820.95 9.1e-05 8 1223.79 0.362337 111
9 1820.95 9.2e-05 8 1223.79 0.364695 111
9 1820.95 9.1e-05 8 1223.79 0.376838 111
9 1820.95 9.4e-05 7 1220.08 0.339105 112
9 1820.95 9.1e-05 7 1220.08 0.337175 112
9 1820.95 9.1e-05 8 1221.95 0.313927 107
9 1820.95 9.1e-05 8 1221.95 0.312757 107
9 1820.95 9.1e-05 8 1221.95 0.313042 107
9 1820.95 9.2e-05 8 1221.95 0.3144 107
9 1820.95 9e-05 8 1305.76 0.323092 106
10 1981.1 8.8e-05 8 1203.67 0.337074 109
10 1981.1 8.9e-05 8 1203.67 0.338174 109
10 1981.1 8.8e-05 7 1113.93 0.334351 113
10 1981.1 8.9e-05 7 1113.93 0.334791 113
10 1981.1 8.8e-05 7 1113.93 0.334049 113
10 1981.1 8.7e-05 6 1114.99 0.366323 112
10 1981.1 8.8e-05 6 1114.99 0.36654 112
10 1981.1 8.8e-05 7 1149.76 0.47081 115
10 1981.1 9.1e-05 7 1149.76 0.469797 115
10 1981.1 8.8e-05 7 1149.76 0.471307 115
5 1395.02 8e-05 5 950.005 0.385821 111
5 1395.02 8.1e-05 5 950.005 0.386272 111
5 1395.02 8e-05 5 983.141 0.377214 102
5 1395.02 8.1e-05 5 983.141 0.377532 102
5 1395.02 8.1e-05 5 983.141 0.377027 102
5 1395.02 8e-05 5 936.391 0.401936 104
5 1395.02 8.1e-05 5 936.391 0.400938 104
5 1395.02 8.1e-05 5 989.919 0.423706 104
5 1395.02 8e-05 5 989.919 0.43305 104
5 1395.02 8.3e-05 5 987.279 0.373851 108
